Log file open, 06/22/20 15:55:47
LogWindows: Failed to load 'aqProf.dll' (GetLastError=126)
LogWindows: File 'aqProf.dll' does not exist
LogWindows: Failed to load 'VSPerf140.dll' (GetLastError=126)
LogWindows: File 'VSPerf140.dll' does not exist
LogWindows: Failed to load 'VtuneApi.dll' (GetLastError=126)
LogWindows: File 'VtuneApi.dll' does not exist
LogWindows: Failed to load 'VtuneApi32e.dll' (GetLastError=126)
LogWindows: File 'VtuneApi32e.dll' does not exist
LogInit: Display: Running engine for game: BattleRoyalGravity
LogPlatformFile: Not using cached read wrapper
LogTaskGraph: Started task graph with 5 named threads and 11 total threads with 3 sets of task threads.
LogStats: Stats thread started at 0.216128
LogD3D11RHI: Loaded GFSDK_Aftermath_Lib.x64.dll
LogICUInternationalization: Display: ICU TimeZone Detection - Raw Offset: -6:00, Platform Override: ''
LogPluginManager: Mounting plugin Paper2D
LogPluginManager: Mounting plugin AISupport
LogPluginManager: Mounting plugin LightPropagationVolume
LogPluginManager: Mounting plugin CLionSourceCodeAccess
LogPluginManager: Mounting plugin CodeLiteSourceCodeAccess
LogPluginManager: Mounting plugin GitSourceControl
LogPluginManager: Mounting plugin KDevelopSourceCodeAccess
LogPluginManager: Mounting plugin NullSourceCodeAccess
LogPluginManager: Mounting plugin PerforceSourceControl
LogPluginManager: Mounting plugin SubversionSourceControl
LogPluginManager: Mounting plugin UObjectPlugin
LogPluginManager: Mounting plugin VisualStudioCodeSourceCodeAccess
LogPluginManager: Mounting plugin VisualStudioSourceCodeAccess
LogPluginManager: Mounting plugin XCodeSourceCodeAccess
LogPluginManager: Mounting plugin AssetManagerEditor
LogPluginManager: Mounting plugin CryptoKeys
LogPluginManager: Mounting plugin DataValidation
LogPluginManager: Mounting plugin FacialAnimation
LogPluginManager: Mounting plugin GameplayTagsEditor
LogPluginManager: Mounting plugin MacGraphicsSwitching
LogPluginManager: Mounting plugin MeshEditor
LogPluginManager: Mounting plugin MobileLauncherProfileWizard
LogPluginManager: Mounting plugin PluginBrowser
LogPluginManager: Mounting plugin SpeedTreeImporter
LogPluginManager: Mounting plugin DatasmithContent
LogPluginManager: Mounting plugin AlembicImporter
LogPluginManager: Mounting plugin AppleImageUtils
LogPluginManager: Mounting plugin AppleVision
LogPluginManager: Mounting plugin BackChannel
LogPluginManager: Mounting plugin CharacterAI
LogPluginManager: Mounting plugin GeometryCache
LogPluginManager: Mounting plugin HTML5Networking
LogPluginManager: Mounting plugin ProxyLODPlugin
LogPluginManager: Mounting plugin MagicLeap
LogPluginManager: Mounting plugin MagicLeapEmulator
LogPluginManager: Mounting plugin MagicLeapMedia
LogPluginManager: Mounting plugin AndroidMedia
LogPluginManager: Mounting plugin AvfMedia
LogPluginManager: Mounting plugin ImgMedia
LogPluginManager: Mounting plugin LinearTimecode
LogPluginManager: Mounting plugin MediaCompositing
LogPluginManager: Mounting plugin MediaPlayerEditor
LogPluginManager: Mounting plugin WmfMedia
LogPluginManager: Mounting plugin TcpMessaging
LogPluginManager: Mounting plugin UdpMessaging
LogPluginManager: Mounting plugin ActorSequence
LogPluginManager: Mounting plugin LevelSequenceEditor
LogPluginManager: Mounting plugin MatineeToLevelSequence
LogPluginManager: Mounting plugin NetcodeUnitTest
LogPluginManager: Mounting plugin NUTUnrealEngine4
LogPluginManager: Mounting plugin OnlineSubsystemGooglePlay
LogPluginManager: Mounting plugin OnlineSubsystemIOS
LogPluginManager: Mounting plugin OnlineSubsystem
LogPluginManager: Mounting plugin OnlineSubsystemNull
LogPluginManager: Mounting plugin OnlineSubsystemSteam
LogPluginManager: Mounting plugin OnlineSubsystemUtils
LogPluginManager: Mounting plugin LauncherChunkInstaller
LogPluginManager: Mounting plugin AndroidDeviceProfileSelector
LogPluginManager: Mounting plugin AndroidMoviePlayer
LogPluginManager: Mounting plugin AndroidPermission
LogPluginManager: Mounting plugin AppleMoviePlayer
LogPluginManager: Mounting plugin ArchVisCharacter
LogPluginManager: Mounting plugin AudioCapture
LogPluginManager: Mounting plugin CableComponent
LogPluginManager: Mounting plugin CustomMeshComponent
LogPluginManager: Mounting plugin EditableMesh
LogPluginManager: Mounting plugin ExampleDeviceProfileSelector
LogPluginManager: Mounting plugin GoogleCloudMessaging
LogPluginManager: Mounting plugin ImmediatePhysics
LogPluginManager: Mounting plugin IOSDeviceProfileSelector
LogPluginManager: Mounting plugin LinuxDeviceProfileSelector
LogPluginManager: Mounting plugin LocationServicesBPLibrary
LogPluginManager: Mounting plugin MobilePatchingUtils
LogPluginManager: Mounting plugin OculusVR
LogPluginManager: Plugin shader directory ../../../Engine/Plugins/Runtime/Oculus/OculusVR/Shaders found
LogPluginManager: Mapping shader source directory ../../../Engine/Plugins/Runtime/Oculus/OculusVR/Shaders to virtual directory /Plugin/OculusVR
LogPluginManager: Mounting plugin PhysXVehicles
LogPluginManager: Mounting plugin ProceduralMeshComponent
LogPluginManager: Mounting plugin RuntimePhysXCooking
LogPluginManager: Mounting plugin SteamVR
LogPluginManager: Mounting plugin WindowsMoviePlayer
LogPluginManager: Mounting plugin AdvancedSessions
LogPluginManager: Mounting plugin AdvancedSteamSessions
LogPluginManager: Mounting plugin FalseDirectionalGravity
LogStreaming: Display: Took  0.222s to configure plugins.
LogInit: Using libcurl 7.55.1-DEV
LogInit:  - built for x86_64-pc-win32
LogInit:  - supports SSL with OpenSSL/1.0.2h
LogInit:  - supports HTTP deflate (compression) using libz 1.2.8
LogInit:  - other features:
LogInit:      CURL_VERSION_SSL
LogInit:      CURL_VERSION_LIBZ
LogInit:      CURL_VERSION_IPV6
LogInit:      CURL_VERSION_ASYNCHDNS
LogInit:      CURL_VERSION_LARGEFILE
LogInit:      CURL_VERSION_IDN
LogInit:  CurlRequestOptions (configurable via config and command line):
LogInit:  - bVerifyPeer = false  - Libcurl will NOT verify peer certificate
LogInit:  - bUseHttpProxy = false  - Libcurl will NOT use HTTP proxy
LogInit:  - bDontReuseConnections = false  - Libcurl will reuse connections
LogInit:  - CertBundlePath = nullptr  - Libcurl will use whatever was configured at build time.
LogInit:  - MaxHostConnections = 16  - Libcurl will limit the number of connections to a host
LogInit:  - LocalHostAddr = Default
LogInit:  - BufferSize = 65536
LogOnline: Display: STEAM: Loading Steam SDK 1.39
LogOnline: Warning: STEAM: Steam API disabled!
LogOnline: Display: STEAM: OnlineSubsystemSteam::Shutdown()
LogInit: WinSock: version 1.1 (2.2), MaxSocks=32767, MaxUdp=65467
LogInit: Build: ++UE4+Release-4.20-CL-4369336
LogInit: Engine Version: 4.20.3-4369336+++UE4+Release-4.20
LogInit: Compatible Engine Version: 4.20.0-4212847+++UE4+Release-4.20
LogInit: Net CL: 4212847
LogInit: OS: Windows 10 (), CPU: Intel(R) Core(TM) i7-5500U CPU @ 2.40GHz, GPU: Intel(R) HD Graphics 5500
LogInit: Compiled (64-bit): Sep 17 2018 12:26:19
LogInit: Compiled with Visual C++: 19.13.26129.00
LogInit: Build Configuration: Development
LogInit: Branch Name: ++UE4+Release-4.20
LogInit: Command Line:  
LogInit: Base Directory: C:/Program Files/Epic Games/UE_4.20/Engine/Binaries/Win64/
LogInit: Installed Engine Build: 1
LogDevObjectVersion: Number of dev versions registered: 20
LogDevObjectVersion:   Dev-Blueprints (B0D832E4-1F89-4F0D-ACCF-7EB736FD4AA2): 10
LogDevObjectVersion:   Dev-Build (E1C64328-A22C-4D53-A36C-8E866417BD8C): 0
LogDevObjectVersion:   Dev-Core (375EC13C-06E4-48FB-B500-84F0262A717E): 2
LogDevObjectVersion:   Dev-Editor (E4B068ED-F494-42E9-A231-DA0B2E46BB41): 24
LogDevObjectVersion:   Dev-Framework (CFFC743F-43B0-4480-9391-14DF171D2073): 34
LogDevObjectVersion:   Dev-Mobile (B02B49B5-BB20-44E9-A304-32B752E40360): 2
LogDevObjectVersion:   Dev-Networking (A4E4105C-59A1-49B5-A7C5-40C4547EDFEE): 0
LogDevObjectVersion:   Dev-Online (39C831C9-5AE6-47DC-9A44-9C173E1C8E7C): 0
LogDevObjectVersion:   Dev-Physics (78F01B33-EBEA-4F98-B9B4-84EACCB95AA2): 0
LogDevObjectVersion:   Dev-Platform (6631380F-2D4D-43E0-8009-CF276956A95A): 0
LogDevObjectVersion:   Dev-Rendering (12F88B9F-8875-4AFC-A67C-D90C383ABD29): 26
LogDevObjectVersion:   Dev-Sequencer (7B5AE74C-D270-4C10-A958-57980B212A5A): 9
LogDevObjectVersion:   Dev-VR (D7296918-1DD6-4BDD-9DE2-64A83CC13884): 2
LogDevObjectVersion:   Dev-LoadTimes (C2A15278-BFE7-4AFE-6C17-90FF531DF755): 1
LogDevObjectVersion:   Private-Geometry (6EACA3D4-40EC-4CC1-B786-8BED09428FC5): 3
LogDevObjectVersion:   Dev-AnimPhys (29E575DD-E0A3-4627-9D10-D276232CDCEA): 17
LogDevObjectVersion:   Dev-ReflectionCapture (6B266CEC-1EC7-4B8F-A30B-E4D90942FC07): 1
LogDevObjectVersion:   Dev-Automation (0DF73D61-A23F-47EA-B727-89E90C41499A): 1
LogDevObjectVersion:   FortniteMain (601D1886-AC64-4F84-AA16-D3DE0DEAC7D6): 12
LogDevObjectVersion:   Dev-Enterprise (9DFFBCD6-494F-0158-E221-12823C92A888): 1
LogStreaming: Display: Took  0.009s to delete old logs.
LogInit: Presizing for max 8388607 objects, including 0 objects not considered by GC, pre-allocating 0 bytes for permanent pool.
LogInit: Object subsystem initialized
[2020.06.22-20.55.48:095][  0]LogInit: Selected Device Profile: [Windows]
[2020.06.22-20.55.48:095][  0]LogInit: Applying CVar settings loaded from the selected device profile: [Windows]
[2020.06.22-20.55.48:120][  0]LogHAL: Display: Platform has ~ 8 GB [8500240384 / 8589934592 / 8], which maps to Default [LargestMinGB=32, LargerMinGB=12, DefaultMinGB=8, SmallerMinGB=6, SmallestMinGB=0)
[2020.06.22-20.55.48:120][  0]LogInit: Setting Device Profile CVar: [[r.Vulkan.UseRealUBs:1]]
[2020.06.22-20.55.48:120][  0]LogInit: Going up to parent DeviceProfile []
[2020.06.22-20.55.48:121][  0]LogInit: Computer: DESKTOP-TMVGJ7Q
[2020.06.22-20.55.48:121][  0]LogInit: User: FernanD02
[2020.06.22-20.55.48:121][  0]LogInit: CPU Page size=4096, Cores=2
[2020.06.22-20.55.48:121][  0]LogInit: High frequency timer resolution =10.000000 MHz
[2020.06.22-20.55.48:121][  0]LogMemory: Memory total: Physical=7.9GB (8GB approx)
[2020.06.22-20.55.48:121][  0]LogMemory: Platform Memory Stats for Windows
[2020.06.22-20.55.48:121][  0]LogMemory: Process Physical Memory: 102.44 MB used, 102.44 MB peak
[2020.06.22-20.55.48:121][  0]LogMemory: Process Virtual Memory: 96.15 MB used, 96.15 MB peak
[2020.06.22-20.55.48:121][  0]LogMemory: Physical Memory: 5502.34 MB used,  2604.12 MB free, 8106.46 MB total
[2020.06.22-20.55.48:121][  0]LogMemory: Virtual Memory: 4617.90 MB used,  2604.12 MB free, 134217728.00 MB total
[2020.06.22-20.55.48:148][  0]LogInit: Overriding language with editor language configuration option (en).
[2020.06.22-20.55.48:149][  0]LogInit: Overriding locale with editor locale configuration option (en).
[2020.06.22-20.55.49:066][  0]LogStreaming: Display: Took  0.918s to InitEngineTextLocalization.
[2020.06.22-20.55.49:066][  0]LogInit: Setting process to per monitor DPI aware
[2020.06.22-20.55.49:311][  0]LogSlate: New Slate User Created.  User Index 0, Is Virtual User: 0
[2020.06.22-20.55.49:311][  0]LogSlate: Slate User Registered.  User Index 0, Is Virtual User: 0
[2020.06.22-20.55.52:965][  0]LogHMD: Failed to initialize OpenVR with code 110
[2020.06.22-20.55.52:965][  0]LogD3D11RHI: D3D11 adapters:
[2020.06.22-20.55.52:976][  0]LogD3D11RHI:    0. 'Intel(R) HD Graphics 5500' (Feature Level 11_0)
[2020.06.22-20.55.52:976][  0]LogD3D11RHI:       128/0/4053 MB DedicatedVideo/DedicatedSystem/SharedSystem, Outputs:2, VendorId:0x8086
[2020.06.22-20.55.53:707][  0]LogD3D11RHI:    1. 'AMD Radeon R7 M270' (Feature Level 11_0)
[2020.06.22-20.55.53:707][  0]LogD3D11RHI:       4076/0/4053 MB DedicatedVideo/DedicatedSystem/SharedSystem, Outputs:0, VendorId:0x1002
[2020.06.22-20.55.53:717][  0]LogD3D11RHI:    2. 'Microsoft Basic Render Driver' (Feature Level 11_0)
[2020.06.22-20.55.53:717][  0]LogD3D11RHI:       0/0/4053 MB DedicatedVideo/DedicatedSystem/SharedSystem, Outputs:0, VendorId:0x1414
[2020.06.22-20.55.53:717][  0]LogD3D11RHI: Chosen D3D11 Adapter: 1
[2020.06.22-20.55.53:740][  0]LogD3D11RHI: Creating new Direct3DDevice
[2020.06.22-20.55.53:740][  0]LogD3D11RHI:     GPU DeviceId: 0x6604 (for the marketing name, search the web for "GPU Device Id")
[2020.06.22-20.55.53:740][  0]LogWindows: EnumDisplayDevices:
[2020.06.22-20.55.53:741][  0]LogWindows:    0. 'Intel(R) HD Graphics 5500' (P:1 D:1)
[2020.06.22-20.55.53:742][  0]LogWindows:    1. 'Intel(R) HD Graphics 5500' (P:0 D:1)
[2020.06.22-20.55.53:744][  0]LogWindows:    2. 'Intel(R) HD Graphics 5500' (P:0 D:0)
[2020.06.22-20.55.53:745][  0]LogWindows:    3. 'AMD Radeon R7 M270' (P:0 D:0)
[2020.06.22-20.55.53:747][  0]LogWindows:    4. 'AMD Radeon R7 M270' (P:0 D:0)
[2020.06.22-20.55.53:748][  0]LogWindows:    5. 'AMD Radeon R7 M270' (P:0 D:0)
[2020.06.22-20.55.53:750][  0]LogWindows:    6. 'AMD Radeon R7 M270' (P:0 D:0)
[2020.06.22-20.55.53:752][  0]LogWindows:    7. 'AMD Radeon R7 M270' (P:0 D:0)
[2020.06.22-20.55.53:753][  0]LogWindows:    8. 'AMD Radeon R7 M270' (P:0 D:0)
[2020.06.22-20.55.53:755][  0]LogWindows:    9. 'AMD Radeon R7 M270' (P:0 D:0)
[2020.06.22-20.55.53:757][  0]LogWindows:    10. 'AMD Radeon R7 M270' (P:0 D:0)
[2020.06.22-20.55.53:758][  0]LogWindows:    11. 'AMD Radeon R7 M270' (P:0 D:0)
[2020.06.22-20.55.53:760][  0]LogWindows:    12. 'AMD Radeon R7 M270' (P:0 D:0)
[2020.06.22-20.55.53:762][  0]LogWindows:    13. 'AMD Radeon R7 M270' (P:0 D:0)
[2020.06.22-20.55.53:763][  0]LogWindows:    14. 'AMD Radeon R7 M270' (P:0 D:0)
[2020.06.22-20.55.53:765][  0]LogWindows:    15. 'AMD Radeon R7 M270' (P:0 D:0)
[2020.06.22-20.55.53:767][  0]LogWindows:    16. 'AMD Radeon R7 M270' (P:0 D:0)
[2020.06.22-20.55.53:768][  0]LogWindows:    17. 'AMD Radeon R7 M270' (P:0 D:0)
[2020.06.22-20.55.53:769][  0]LogWindows:    18. 'AMD Radeon R7 M270' (P:0 D:0)
[2020.06.22-20.55.53:770][  0]LogWindows: DebugString: PrimaryIsNotTheChoosenAdapter PrimaryIsNotTheChoosenAdapter PrimaryIsNotTheChoosenAdapter FoundDriverCount:16 
[2020.06.22-20.55.53:770][  0]LogD3D11RHI:     Adapter Name: AMD Radeon R7 M270
[2020.06.22-20.55.53:770][  0]LogD3D11RHI:   Driver Version: Crimson ReLive 17.7 (internal:23.20.768.12, unified:23.20.768.12)
[2020.06.22-20.55.53:770][  0]LogD3D11RHI:      Driver Date: 10-26-2017
[2020.06.22-20.55.53:770][  0]LogRHI: Texture pool is 2853 MB (70% of 4076 MB)
[2020.06.22-20.55.53:841][  0]LogD3D11RHI: Async texture creation enabled
[2020.06.22-20.55.53:856][  0]LogD3D11RHI: GPU Timing Frequency: 27.000000 (Debug: 2 1)
[2020.06.22-20.55.53:858][  0]LogShaderCompilers: Guid format shader working directory is -25 characters bigger than the processId version (../../../../../../Users/Dell Inspiron 5548/Documents/BattleRoyal/BattleRoyalGravity/Intermediate/Shaders/WorkingDirectory/17008/).
[2020.06.22-20.55.53:858][  0]LogShaderCompilers: Cleaned the shader compiler working directory 'C:/Users/Dell Inspiron 5548/AppData/Local/Temp/UnrealShaderWorkingDir/ACAEEEF24F7CDDC3701EFABCE0CCCA7A/'.
[2020.06.22-20.55.54:596][  0]LogTemp: Display: Loaded TP AllDesktopTargetPlatform
[2020.06.22-20.55.54:614][  0]LogTemp: Display: Loaded TP MacClientTargetPlatform
[2020.06.22-20.55.54:633][  0]LogTemp: Display: Loaded TP MacNoEditorTargetPlatform
[2020.06.22-20.55.54:651][  0]LogTemp: Display: Loaded TP MacServerTargetPlatform
[2020.06.22-20.55.54:675][  0]LogTemp: Display: Loaded TP MacTargetPlatform
[2020.06.22-20.55.54:693][  0]LogTemp: Display: Loaded TP WindowsClientTargetPlatform
[2020.06.22-20.55.54:711][  0]LogTemp: Display: Loaded TP WindowsNoEditorTargetPlatform
[2020.06.22-20.55.54:729][  0]LogTemp: Display: Loaded TP WindowsServerTargetPlatform
[2020.06.22-20.55.54:738][  0]LogTemp: Display: Loaded TP WindowsTargetPlatform
[2020.06.22-20.55.54:856][  0]LogTemp: Display: Loaded TP AndroidTargetPlatform
[2020.06.22-20.55.54:856][  0]LogTemp: Display: Loaded TP AndroidTargetPlatform
[2020.06.22-20.55.54:856][  0]LogTemp: Display: Loaded TP AndroidTargetPlatform
[2020.06.22-20.55.54:856][  0]LogTemp: Display: Loaded TP AndroidTargetPlatform
[2020.06.22-20.55.54:856][  0]LogTemp: Display: Loaded TP AndroidTargetPlatform
[2020.06.22-20.55.54:856][  0]LogTemp: Display: Loaded TP AndroidTargetPlatform
[2020.06.22-20.55.54:856][  0]LogTemp: Display: Loaded TP AndroidTargetPlatform
[2020.06.22-20.55.54:856][  0]LogTemp: Display: Loaded TP AndroidTargetPlatform
[2020.06.22-20.55.54:856][  0]LogTemp: Display: Loaded TP AndroidTargetPlatform
[2020.06.22-20.55.54:856][  0]LogTemp: Display: Loaded TP AndroidTargetPlatform
[2020.06.22-20.55.54:856][  0]LogTemp: Display: Loaded TP AndroidTargetPlatform
[2020.06.22-20.55.54:856][  0]LogTemp: Display: Loaded TP AndroidTargetPlatform
[2020.06.22-20.55.54:856][  0]LogTemp: Display: Loaded TP AndroidTargetPlatform
[2020.06.22-20.55.54:856][  0]LogTemp: Display: Loaded TP AndroidTargetPlatform
[2020.06.22-20.55.54:856][  0]LogTemp: Display: Loaded TP AndroidTargetPlatform
[2020.06.22-20.55.54:856][  0]LogTemp: Display: Loaded TP AndroidTargetPlatform
[2020.06.22-20.55.54:856][  0]LogTemp: Display: Loaded TP AndroidTargetPlatform
[2020.06.22-20.55.54:856][  0]LogTemp: Display: Loaded TP AndroidTargetPlatform
[2020.06.22-20.55.54:859][  0]LogTemp: Display: Loaded TP HTML5TargetPlatform
[2020.06.22-20.55.54:944][  0]LogTemp: Display: Loaded TP IOSTargetPlatform
[2020.06.22-20.55.54:944][  0]LogTemp: Display: Loaded TP IOSTargetPlatform
[2020.06.22-20.55.54:977][  0]LogTemp: Display: Loaded TP TVOSTargetPlatform
[2020.06.22-20.55.54:977][  0]LogTemp: Display: Loaded TP TVOSTargetPlatform
[2020.06.22-20.55.54:995][  0]LogTemp: Display: Loaded TP LinuxClientTargetPlatform
[2020.06.22-20.55.55:011][  0]LogTemp: Display: Loaded TP LinuxNoEditorTargetPlatform
[2020.06.22-20.55.55:028][  0]LogTemp: Display: Loaded TP LinuxServerTargetPlatform
[2020.06.22-20.55.55:057][  0]LogTemp: Display: Loaded TP LinuxTargetPlatform
[2020.06.22-20.55.55:069][  0]LogTemp: Display: Loaded TP LuminTargetPlatform
[2020.06.22-20.55.55:070][  0]LogTargetPlatformManager: Display: Building Assets For Windows
[2020.06.22-20.55.55:161][  0]LogXGEController: Cleaning working directory: C:/Users/Dell Inspiron 5548/AppData/Local/Temp/UnrealXGEWorkingDir/
[2020.06.22-20.55.55:162][  0]LogXGEController: Cannot use XGE Controller as Incredibuild is not installed on this machine.
[2020.06.22-20.55.55:162][  0]LogShaderCompilers: Cannot use XGE Shader Compiler as Incredibuild is not installed on this machine.
[2020.06.22-20.55.55:162][  0]LogShaderCompilers: Display: Using Local Shader Compiler.
[2020.06.22-20.55.57:992][  0]LogDerivedDataCache: Display: Max Cache Size: 512 MB
[2020.06.22-20.55.59:173][  0]LogDerivedDataCache: Loaded boot cache 1.18s 71MB C:/Users/Dell Inspiron 5548/AppData/Local/UnrealEngine/4.20/DerivedDataCache/Boot.ddc.
[2020.06.22-20.55.59:173][  0]LogDerivedDataCache: Display: Loaded Boot cache: C:/Users/Dell Inspiron 5548/AppData/Local/UnrealEngine/4.20/DerivedDataCache/Boot.ddc
[2020.06.22-20.55.59:174][  0]LogDerivedDataCache: FDerivedDataBackendGraph:  Pak pak cache file ../../../../../../Users/Dell Inspiron 5548/Documents/BattleRoyal/BattleRoyalGravity/DerivedDataCache/DDC.ddp not found, will not use a pak cache.
[2020.06.22-20.55.59:174][  0]LogDerivedDataCache: Unable to find inner node Pak for hierarchical cache Hierarchy.
[2020.06.22-20.55.59:174][  0]LogDerivedDataCache: FDerivedDataBackendGraph:  CompressedPak pak cache file ../../../../../../Users/Dell Inspiron 5548/Documents/BattleRoyal/BattleRoyalGravity/DerivedDataCache/Compressed.ddp not found, will not use a pak cache.
[2020.06.22-20.55.59:174][  0]LogDerivedDataCache: Unable to find inner node CompressedPak for hierarchical cache Hierarchy.
[2020.06.22-20.55.59:259][  0]LogDerivedDataCache: Display: Pak cache opened for reading ../../../Engine/DerivedDataCache/Compressed.ddp.
[2020.06.22-20.55.59:272][  0]LogDerivedDataCache: Using Local data cache path C:/Users/Dell Inspiron 5548/AppData/Local/UnrealEngine/Common/DerivedDataCache: Writable
[2020.06.22-20.55.59:272][  0]LogDerivedDataCache: Shared data cache path not found in *engine.ini, will not use an Shared cache.
[2020.06.22-20.55.59:272][  0]LogDerivedDataCache: Unable to find inner node Shared for hierarchical cache Hierarchy.
[2020.06.22-20.55.59:298][  0]LogMaterial: Verifying Global Shaders for PCD3D_SM5
[2020.06.22-20.55.59:300][  0]LogSlate: Using FreeType 2.6.0
[2020.06.22-20.55.59:301][  0]LogSlate: SlateFontServices - WITH_FREETYPE: 1, WITH_HARFBUZZ: 1
[2020.06.22-20.55.59:389][  0]LogAssetRegistry: FAssetRegistry took 0.0279 seconds to start up
[2020.06.22-20.55.59:888][  0]LogInit: Selected Device Profile: [Windows]
[2020.06.22-20.55.59:959][  0]LogSimplygon: Simplygon DLL not present - disabling.
[2020.06.22-20.55.59:964][  0]LogMeshReduction: Using SimplygonSwarm for distributed automatic mesh merging
[2020.06.22-20.55.59:964][  0]LogMeshReduction: Using ProxyLODMeshReduction for automatic mesh merging
[2020.06.22-20.55.59:964][  0]LogMeshReduction: Using QuadricMeshReduction for automatic static mesh reduction
[2020.06.22-20.55.59:964][  0]LogMeshReduction: No automatic skeletal mesh reduction module available
[2020.06.22-20.56.00:094][  0]LogNetVersion: BattleRoyalGravity 1.0.0, NetCL: 4212847, EngineNetVer: 5, GameNetVer: 0 (Checksum: 4043254389)
[2020.06.22-20.56.00:743][  0]LogPackageLocalizationCache: Processed 11 localized package path(s) for 1 prioritized culture(s) in 0.072347 seconds
[2020.06.22-20.56.00:751][  0]LogUObjectArray: 38434 objects as part of root set at end of initial load.
[2020.06.22-20.56.00:751][  0]LogUObjectAllocator: 6701144 out of 0 bytes used by permanent object pool.
[2020.06.22-20.56.00:751][  0]LogUObjectArray: CloseDisregardForGC: 0/0 objects in disregard for GC pool
[2020.06.22-20.56.01:789][  0]LogTcpMessaging: Initializing TcpMessaging bridge
[2020.06.22-20.56.01:803][  0]LogUdpMessaging: Initializing bridge on interface 0.0.0.0:0 to multicast group 230.0.0.1:6666.
[2020.06.22-20.56.01:988][  0]SourceControl: Source control is disabled
[2020.06.22-20.56.01:988][  0]SourceControl: Source control is disabled
[2020.06.22-20.56.01:990][  0]SourceControl: Source control is disabled
[2020.06.22-20.56.01:992][  0]SourceControl: Source control is disabled
[2020.06.22-20.56.02:198][  0]LogAndroidPermission: UAndroidPermissionCallbackProxy::GetInstance
[2020.06.22-20.56.02:339][  0]LogOcInput: OculusInput pre-init called
[2020.06.22-20.56.02:421][  0]LogEngine: Initializing Engine...
[2020.06.22-20.56.02:422][  0]LogHMD: Failed to initialize OpenVR with code 110
[2020.06.22-20.56.02:424][  0]LogStats: UGameplayTagsManager::ConstructGameplayTagTree: ImportINI prefixes -  0.000 s
[2020.06.22-20.56.02:424][  0]LogStats: UGameplayTagsManager::ConstructGameplayTagTree: Construct from data asset -  0.000 s
[2020.06.22-20.56.02:424][  0]LogStats: UGameplayTagsManager::ConstructGameplayTagTree: ImportINI -  0.000 s
[2020.06.22-20.56.02:424][  0]LogStats: UGameplayTagsManager::ConstructGameplayTagTree: GameplayTagTreeChangedEvent.Broadcast -  0.000 s
[2020.06.22-20.56.02:696][  0]LogInit: Initializing FReadOnlyCVARCache
[2020.06.22-20.56.02:718][  0]LogAIModule: Creating AISystem for world Untitled
[2020.06.22-20.56.02:784][  0]LogInit: XAudio2 using 'Altavoces / Auriculares (Realtek High Definition Audio)' : 2 channels at 48 kHz using 32 bits per sample (channel mask 0x3)
[2020.06.22-20.56.02:868][  0]LogInit: FAudioDevice initialized.
[2020.06.22-20.56.02:868][  0]LogNetVersion: Set ProjectVersion to 1.0.0.0. Version Checksum will be recalculated on next use.
[2020.06.22-20.56.03:065][  0]LogDerivedDataCache: Saved boot cache 0.20s 71MB C:/Users/Dell Inspiron 5548/AppData/Local/UnrealEngine/4.20/DerivedDataCache/Boot.ddc.
[2020.06.22-20.56.03:095][  0]LogInit: Texture streaming: Enabled
[2020.06.22-20.56.03:128][  0]LogEngineSessionManager: EngineSessionManager initialized
[2020.06.22-20.56.03:148][  0]LogInit: Transaction tracking system initialized
[2020.06.22-20.56.03:179][  0]BlueprintLog: New page: Editor Load
[2020.06.22-20.56.03:285][  0]LocalizationService: Localization service is disabled
[2020.06.22-20.56.03:910][  0]LogCook: Display: Max memory allowance for cook 16384mb min free memory 0mb
[2020.06.22-20.56.03:910][  0]LogCook: Display: Mobile HDR setting 1
[2020.06.22-20.56.03:910][  0]LogGameplayTags: Display: UGameplayTagsManager::DoneAddingNativeTags. DelegateIsBound: 0
[2020.06.22-20.56.03:910][  0]LogStats: UGameplayTagsManager::ConstructGameplayTagTree: ImportINI prefixes -  0.000 s
[2020.06.22-20.56.03:910][  0]LogStats: UGameplayTagsManager::ConstructGameplayTagTree: Construct from data asset -  0.000 s
[2020.06.22-20.56.03:911][  0]LogStats: UGameplayTagsManager::ConstructGameplayTagTree: ImportINI -  0.000 s
[2020.06.22-20.56.03:911][  0]LogStats: UGameplayTagsManager::ConstructGameplayTagTree: GameplayTagTreeChangedEvent.Broadcast -  0.000 s
[2020.06.22-20.56.04:739][  0]LogFileCache: Scanning file cache for directory 'C:/Users/Dell Inspiron 5548/Documents/BattleRoyal/BattleRoyalGravity/Content/' took 0.04s
[2020.06.22-20.56.04:832][  0]SourceControl: Source control is disabled
[2020.06.22-20.56.04:833][  0]Cmd: MAP LOAD FILE="../../../../../../Users/Dell Inspiron 5548/Documents/BattleRoyal/BattleRoyalGravity/Content/FirstPersonBP/Maps/MainMenu.umap" TEMPLATE=0 SHOWPROGRESS=1 FEATURELEVEL=3
[2020.06.22-20.56.04:891][  0]LightingResults: New page: Lighting Build
[2020.06.22-20.56.04:895][  0]MapCheck: New page: Map Check
[2020.06.22-20.56.04:895][  0]LightingResults: New page: Lighting Build
[2020.06.22-20.56.05:874][  0]LogBlueprint: Warning: [Compiler Ue4ASP_Character] InputAction Event references unknown Action 'Crouch' for  InputAction Crouch
[2020.06.22-20.56.06:068][  0]LogBlueprint: Warning: [Compiler Ue4ASP_Character] [0023.04] Compile of Ue4ASP_Character successful, but with 1 Warning(s) [in 441 ms] (/Game/AnimStarterPack/Ue4ASP_Character.Ue4ASP_Character)
[2020.06.22-20.56.08:884][  0]LogAIModule: Creating AISystem for world MainMenu
[2020.06.22-20.56.08:886][  0]LogEditorServer: Finished looking for orphan Actors (0.000 secs)
[2020.06.22-20.56.08:920][  0]Cmd: MAP CHECKDEP NOCLEARLOG
[2020.06.22-20.56.09:073][  0]MapCheck: Map check complete: 0 Error(s), 0 Warning(s), took 152.648ms to complete.
[2020.06.22-20.56.09:073][  0]LogFileHelpers: Loading map 'MainMenu' took 4.241
[2020.06.22-20.56.09:294][  0]LogSlate: Updating window title bar state: overlay mode, drag disabled, window buttons hidden, title bar hidden
[2020.06.22-20.56.09:302][  0]LogSlate: Updating window title bar state: overlay mode, drag disabled, window buttons hidden, title bar hidden
[2020.06.22-20.56.09:311][  0]LogSlate: Updating window title bar state: overlay mode, drag disabled, window buttons hidden, title bar hidden
[2020.06.22-20.56.09:319][  0]LogSlate: Updating window title bar state: overlay mode, drag disabled, window buttons hidden, title bar hidden
[2020.06.22-20.56.09:425][  0]LogCollectionManager: Loaded 0 collections in 0.002195 seconds
[2020.06.22-20.56.09:475][  0]LogFileCache: Scanning file cache for directory 'C:/Users/Dell Inspiron 5548/Documents/BattleRoyal/BattleRoyalGravity/Saved/Collections/' took 0.01s
[2020.06.22-20.56.09:475][  0]LogFileCache: Scanning file cache for directory 'C:/Users/Dell Inspiron 5548/Documents/BattleRoyal/BattleRoyalGravity/Content/Developers/FernanD02/Collections/' took 0.01s
[2020.06.22-20.56.09:475][  0]LogFileCache: Scanning file cache for directory 'C:/Users/Dell Inspiron 5548/Documents/BattleRoyal/BattleRoyalGravity/Content/Collections/' took 0.01s
[2020.06.22-20.56.09:475][  0]LogCollectionManager: Rebuilt the GUID cache for 0 collections in 0.000000 seconds
[2020.06.22-20.56.09:488][  0]LogContentBrowser: Native class hierarchy populated in 0.0122 seconds. Added 2604 classes and 616 folders.
[2020.06.22-20.56.09:497][  0]LogContentBrowser: Native class hierarchy updated for 'WidgetCarousel' in 0.0017 seconds. Added 0 classes and 0 folders.
[2020.06.22-20.56.10:595][  0]LogContentBrowser: Native class hierarchy updated for 'AddContentDialog' in 0.0019 seconds. Added 0 classes and 0 folders.
[2020.06.22-20.56.10:607][  0]LogContentBrowser: Native class hierarchy updated for 'SceneOutliner' in 0.0019 seconds. Added 1 classes and 2 folders.
[2020.06.22-20.56.10:635][  0]LogSlate: Took 0.012067 seconds to synchronously load lazily loaded font '../../../Engine/Content/Slate/Fonts/Roboto-Regular.ttf' (155K)
[2020.06.22-20.56.10:653][  0]LogSlate: Took 0.010831 seconds to synchronously load lazily loaded font '../../../Engine/Content/Slate/Fonts/Roboto-Bold.ttf' (160K)
[2020.06.22-20.56.10:665][  0]LogSlate: Took 0.007371 seconds to synchronously load lazily loaded font '../../../Engine/Content/Editor/Slate/Fonts/FontAwesome.ttf' (139K)
[2020.06.22-20.56.10:739][  0]LogRenderer: Reallocating scene render targets to support 780x652 Format 10 NumSamples 1 (Frame:1).
[2020.06.22-20.56.10:820][  0]LogSlate: Took 0.005509 seconds to synchronously load lazily loaded font '../../../Engine/Content/Slate/Fonts/Roboto-Light.ttf' (167K)
[2020.06.22-20.56.11:013][  0]LogContentBrowser: Native class hierarchy updated for 'HierarchicalLODOutliner' in 0.0017 seconds. Added 0 classes and 0 folders.
[2020.06.22-20.56.11:013][  0]LogLoad: (Engine Initialization) Total time: 27.98 seconds
[2020.06.22-20.56.11:013][  0]LogLoad: (Engine Initialization) Total Blueprint compile time: 0.00 seconds
[2020.06.22-20.56.11:056][  0]LogD3D11RHI: Error: agsDriverExtensionsDX11_SetDepthBounds(1,0.000000, 1.000000) returned error code 2. **********PLEASE UPDATE YOUR VIDEO DRIVERS*********
[2020.06.22-20.56.11:056][  0]LogContentStreaming: Texture pool size now 1000 MB
[2020.06.22-20.56.11:137][  2]LogAssetRegistry: Asset discovery search completed in 11.7708 seconds
[2020.06.22-20.56.11:139][  2]LogCollectionManager: Rebuilt the object cache for 0 collections in 0.000000 seconds (found 0 objects)
[2020.06.22-20.56.11:139][  2]LogCollectionManager: Fixed up redirectors for 0 collections in 0.000078 seconds (updated 0 objects)
[2020.06.22-20.57.41:394][697]LogSlate: FSceneViewport::OnFocusLost() reason 0
[2020.06.22-20.57.41:491][707]LogTemp: Repeating last play command: New Editor Window (PIE)
[2020.06.22-20.57.41:532][707]LogPlayLevel: PlayLevel: No blueprints needed recompiling
[2020.06.22-20.57.41:533][707]LogOnline: Warning: STEAM: Steam API disabled!
[2020.06.22-20.57.41:533][707]LogOnline: Display: STEAM: OnlineSubsystemSteam::Shutdown()
[2020.06.22-20.57.41:556][707]PIE: New page: PIE session: MainMenu (Jun 22, 2020, 10:57:41 AM)
[2020.06.22-20.57.41:557][707]LogPlayLevel: Creating play world package: /Game/FirstPersonBP/Maps/UEDPIE_1_MainMenu
[2020.06.22-20.57.41:558][707]LogPlayLevel: PIE: StaticDuplicateObject took: (0.001182s)
[2020.06.22-20.57.41:559][707]LogAIModule: Creating AISystem for world MainMenu
[2020.06.22-20.57.41:559][707]LogPlayLevel: PIE: World Init took: (0.001163s)
[2020.06.22-20.57.41:560][707]LogPlayLevel: PIE: Created PIE world by copying editor world from /Game/FirstPersonBP/Maps/MainMenu.MainMenu to /Game/FirstPersonBP/Maps/UEDPIE_1_MainMenu.MainMenu (0.002603s)
[2020.06.22-20.57.41:617][707]LogInit: XAudio2 using 'Altavoces / Auriculares (Realtek High Definition Audio)' : 2 channels at 48 kHz using 32 bits per sample (channel mask 0x3)
[2020.06.22-20.57.41:629][707]LogInit: FAudioDevice initialized.
[2020.06.22-20.57.41:653][707]LogSlate: Updating window title bar state: overlay mode, drag disabled, window buttons hidden, title bar hidden
[2020.06.22-20.57.41:736][707]LogLoad: Game class is 'BR_GameMode_MainMenu_C'
[2020.06.22-20.57.41:739][707]LogWorld: Bringing World /Game/FirstPersonBP/Maps/UEDPIE_1_MainMenu.MainMenu up for play (max tick rate 0) at 2020.06.22-15.57.41
[2020.06.22-20.57.41:739][707]LogWorld: Bringing up level for play took: 0.000776
[2020.06.22-20.57.41:791][707]LogContentBrowser: Native class hierarchy updated for 'MovieSceneCapture' in 0.0022 seconds. Added 10 classes and 0 folders.
[2020.06.22-20.57.41:791][707]LogOnline: Warning: STEAM: Steam API disabled!
[2020.06.22-20.57.41:791][707]LogOnline: Display: STEAM: OnlineSubsystemSteam::Shutdown()
[2020.06.22-20.57.41:791][707]LogTemp: Display: ParseSettings for GameNetDriver
[2020.06.22-20.57.41:791][707]LogTemp: Display: ParseSettings for IpNetDriver_0
[2020.06.22-20.57.41:791][707]LogTemp: Display: ParseSettings for GameNetDriver
[2020.06.22-20.57.41:792][707]LogNet: ReplicationDriverClass is null! Not using ReplicationDriver.
[2020.06.22-20.57.41:792][707]LogInit: WinSock: Socket queue 131072 / 131072
[2020.06.22-20.57.41:792][707]LogInit: WinSock: I am DESKTOP-TMVGJ7Q (192.168.0.4:0)
[2020.06.22-20.57.41:792][707]PacketHandlerLog: Loaded PacketHandler component: Engine.EngineHandlerComponentFactory (StatelessConnectHandlerComponent)
[2020.06.22-20.57.41:792][707]LogNet: GameNetDriver IpNetDriver_0 IpNetDriver listening on port 17777
[2020.06.22-20.57.41:792][707]LogGameMode: Display: Match State Changed from EnteringMap to WaitingToStart
[2020.06.22-20.57.41:792][707]LogGameState: Match State Changed from EnteringMap to WaitingToStart
[2020.06.22-20.57.41:792][707]LogGameMode: Display: Match State Changed from WaitingToStart to InProgress
[2020.06.22-20.57.41:795][707]LogGameState: Match State Changed from WaitingToStart to InProgress
[2020.06.22-20.57.41:798][707]PIE: Play in editor start time for /Game/FirstPersonBP/Maps/UEDPIE_1_MainMenu -0.279
[2020.06.22-20.57.41:809][707]PIE: New page: PIE session: MainMenu (Jun 22, 2020, 10:57:41 AM)
[2020.06.22-20.57.41:827][707]LogSlate: FSceneViewport::OnFocusLost() reason 2
[2020.06.22-20.57.41:837][707]LogSlate: Updating window title bar state: overlay mode, drag disabled, window buttons hidden, title bar hidden
[2020.06.22-20.57.41:895][707]LogNet: Browse: 127.0.0.1:17777//Game/FirstPersonBP/Maps/MainMenu
[2020.06.22-20.57.41:895][707]LogOnline: Warning: STEAM: Steam API disabled!
[2020.06.22-20.57.41:895][707]LogOnline: Display: STEAM: OnlineSubsystemSteam::Shutdown()
[2020.06.22-20.57.41:895][707]LogTemp: Display: ParseSettings for GameNetDriver
[2020.06.22-20.57.41:895][707]LogTemp: Display: ParseSettings for IpNetDriver_1
[2020.06.22-20.57.41:896][707]LogTemp: Display: ParseSettings for PendingNetDriver
[2020.06.22-20.57.41:896][707]LogInit: WinSock: Socket queue 32768 / 32768
[2020.06.22-20.57.41:897][707]PacketHandlerLog: Loaded PacketHandler component: Engine.EngineHandlerComponentFactory (StatelessConnectHandlerComponent)
[2020.06.22-20.57.41:897][707]LogNet: Game client on port 17777, rate 10000
[2020.06.22-20.57.41:901][707]PIE: Play in editor start time for /Game/FirstPersonBP/Maps/MainMenu -0.176
[2020.06.22-20.57.41:919][707]LogNet: NotifyAcceptingConnection accepted from: 127.0.0.1:61988
[2020.06.22-20.57.41:919][707]LogHandshake: SendConnectChallenge. Timestamp: 0.008334, Cookie: 034011103158219167244187206221029026097016215216127115246135
[2020.06.22-20.57.41:934][707]LogHandshake: SendChallengeResponse. Timestamp: 0.008334, Cookie: 034011103158219167244187206221029026097016215216127115246135
[2020.06.22-20.57.41:961][707]LogRenderer: Reallocating scene render targets to support 1292x756 Format 10 NumSamples 1 (Frame:1).
[2020.06.22-20.57.42:096][708]LogNet: NotifyAcceptingConnection accepted from: 127.0.0.1:61988
[2020.06.22-20.57.42:096][708]LogHandshake: SendChallengeAck. InCookie: 034011103158219167244187206221029026097016215216127115246135
[2020.06.22-20.57.42:096][708]LogNet: Server accepting post-challenge connection from: 127.0.0.1:61988
[2020.06.22-20.57.42:097][708]PacketHandlerLog: Loaded PacketHandler component: Engine.EngineHandlerComponentFactory (StatelessConnectHandlerComponent)
[2020.06.22-20.57.42:097][708]LogNet: NotifyAcceptedConnection: Name: MainMenu, TimeStamp: 06/22/20 15:57:42, [UNetConnection] RemoteAddr: 127.0.0.1:61988, Name: IpConnection_1, Driver: GameNetDriver IpNetDriver_0, IsServer: YES, PC: NULL, Owner: NULL, UniqueId: INVALID
[2020.06.22-20.57.42:097][708]LogNet: AddClientConnection: Added client connection: [UNetConnection] RemoteAddr: 127.0.0.1:61988, Name: IpConnection_1, Driver: GameNetDriver IpNetDriver_0, IsServer: YES, PC: NULL, Owner: NULL, UniqueId: INVALID
[2020.06.22-20.57.42:098][708]LogNetVersion: BattleRoyalGravity 1.0.0.0, NetCL: 4212847, EngineNetVer: 5, GameNetVer: 0 (Checksum: 2402070122)
[2020.06.22-20.57.42:098][708]LogNet: UPendingNetGame::SendInitialJoin: Sending hello. [UNetConnection] RemoteAddr: 127.0.0.1:17777, Name: IpConnection_0, Driver: PendingNetDriver IpNetDriver_1, IsServer: NO, PC: NULL, Owner: NULL, UniqueId: INVALID
[2020.06.22-20.57.42:121][709]LogNet: NotifyAcceptingChannel Control 0 server World /Game/FirstPersonBP/Maps/UEDPIE_1_MainMenu.MainMenu: Accepted
[2020.06.22-20.57.42:121][709]LogNet: Remote platform little endian=1
[2020.06.22-20.57.42:121][709]LogNet: This platform little endian=1
[2020.06.22-20.57.42:142][710]LogNet: Login request: /Game/FirstPersonBP/Maps/MainMenu?Name=DESKTOP-TMVGJ7Q-D9DA97BC45DC0EFD4A412386188A4E11 userId: DESKTOP-TMVGJ7Q-D9DA97BC45DC0EFD4A412386188A4E11
[2020.06.22-20.57.42:143][710]LogNet: Welcomed by server (Level: /Game/FirstPersonBP/Maps/UEDPIE_1_MainMenu, Game: /Game/GravityBP/Menu/BR_GameMode_MainMenu.BR_GameMode_MainMenu_C)
[2020.06.22-20.57.42:153][710]LogLoad: LoadMap: 127.0.0.1:17777//Game/FirstPersonBP/Maps/UEDPIE_1_MainMenu?game=/Game/GravityBP/Menu/BR_GameMode_MainMenu.BR_GameMode_MainMenu_C
[2020.06.22-20.57.42:191][710]LogAIModule: Creating AISystem for world MainMenu
[2020.06.22-20.57.42:191][710]LogTemp: Display: ParseSettings for GameNetDriver
[2020.06.22-20.57.42:193][710]LogWorld: Bringing World /Game/FirstPersonBP/Maps/UEDPIE_2_MainMenu.MainMenu up for play (max tick rate 0) at 2020.06.22-15.57.42
[2020.06.22-20.57.42:193][710]LogWorld: Bringing up level for play took: 0.000477
[2020.06.22-20.57.42:193][710]LogLoad: Took 0.040248 seconds to LoadMap(/Game/FirstPersonBP/Maps/UEDPIE_1_MainMenu)
[2020.06.22-20.57.42:206][711]LogNet: Client netspeed is 10000
[2020.06.22-20.57.42:206][711]LogNet: Join request: /Game/FirstPersonBP/Maps/MainMenu?Name=DESKTOP-TMVGJ7Q-D9DA97BC45DC0EFD4A412386188A4E11?SplitscreenCount=1
[2020.06.22-20.57.42:207][711]LogOnline: Warning: OSS: No game present to join for session (GameSession)
[2020.06.22-20.57.42:209][711]LogNet: Join succeeded: DESKTOP-TMVGJ7Q-D9DA
[2020.06.22-20.57.42:223][712]LogOnline: Warning: OSS: No game present to join for session (GameSession)
[2020.06.22-20.57.42:310][715]LogOnline: Warning: OSS: No game present to join for session (GameSession)
[2020.06.22-20.57.45:589][818]LogSlate: FSceneViewport::OnFocusLost() reason 0
[2020.06.22-20.57.46:535][848]LogOnline: Warning: OSS: Can't destroy a null online session (GameSession)
[2020.06.22-20.57.51:567][  6]LogNet: Browse: /Game/Nivel/LvLTubo?listen
[2020.06.22-20.57.51:591][  6]LogLoad: LoadMap: /Game/Nivel/LvLTubo?listen
[2020.06.22-20.57.51:592][  6]LogNet: World NetDriver shutdown IpNetDriver_1 [GameNetDriver]
[2020.06.22-20.57.51:592][  6]LogNet: DestroyNamedNetDriver IpNetDriver_1 [GameNetDriver]
[2020.06.22-20.57.51:592][  6]LogNet: UNetConnection::Close: [UNetConnection] RemoteAddr: 127.0.0.1:17777, Name: IpConnection_0, Driver: GameNetDriver IpNetDriver_1, IsServer: NO, PC: MainMenu_Controller_C_0, Owner: MainMenu_Controller_C_0, UniqueId: NULL:DESKTOP-TMVGJ7Q-D9DA97BC45DC0EFD4A412386188A4E11, Channels: 10, Time: 2020.06.22-20.57.51
[2020.06.22-20.57.51:592][  6]LogNet: UChannel::Close: Sending CloseBunch. ChIndex == 0. Name: [UChannel] ChIndex: 0, Closing: 0 [UNetConnection] RemoteAddr: 127.0.0.1:17777, Name: IpConnection_0, Driver: GameNetDriver IpNetDriver_1, IsServer: NO, PC: MainMenu_Controller_C_0, Owner: MainMenu_Controller_C_0, UniqueId: NULL:DESKTOP-TMVGJ7Q-D9DA97BC45DC0EFD4A412386188A4E11
[2020.06.22-20.57.51:593][  6]LogExit: GameNetDriver IpNetDriver_1 shut down
[2020.06.22-20.57.58:085][  6]LogAIModule: Creating AISystem for world LvLTubo
[2020.06.22-20.57.58:086][  6]LogLoad: Game class is 'BRGameMode_C'
[2020.06.22-20.57.58:087][  6]LogOnline: Warning: STEAM: Steam API disabled!
[2020.06.22-20.57.58:087][  6]LogOnline: Display: STEAM: OnlineSubsystemSteam::Shutdown()
[2020.06.22-20.57.58:088][  6]LogTemp: Display: ParseSettings for GameNetDriver
[2020.06.22-20.57.58:088][  6]LogTemp: Display: ParseSettings for IpNetDriver_2
[2020.06.22-20.57.58:089][  6]LogTemp: Display: ParseSettings for GameNetDriver
[2020.06.22-20.57.58:089][  6]LogNet: ReplicationDriverClass is null! Not using ReplicationDriver.
[2020.06.22-20.57.58:090][  6]LogInit: WinSock: Socket queue 131072 / 131072
[2020.06.22-20.57.58:092][  6]PacketHandlerLog: Loaded PacketHandler component: Engine.EngineHandlerComponentFactory (StatelessConnectHandlerComponent)
[2020.06.22-20.57.58:092][  6]LogNet: GameNetDriver IpNetDriver_2 IpNetDriver listening on port 7777
[2020.06.22-20.57.58:184][  6]LogWorld: Bringing World /Game/Nivel/UEDPIE_2_LvLTubo.LvLTubo up for play (max tick rate 0) at 2020.06.22-15.57.58
[2020.06.22-20.57.58:185][  6]LogWorld: Bringing up level for play took: 0.091622
[2020.06.22-20.57.58:186][  6]LogGameMode: Display: Match State Changed from EnteringMap to WaitingToStart
[2020.06.22-20.57.58:186][  6]LogGameState: Match State Changed from EnteringMap to WaitingToStart
[2020.06.22-20.57.58:186][  6]LogGameMode: Display: Match State Changed from WaitingToStart to InProgress
[2020.06.22-20.57.58:191][  6]LogScript: Warning: UGameplayStatics::BeginSpawningActorFromClass: can not spawn an actor from a NULL class
[2020.06.22-20.57.58:191][  6]LogGameState: Match State Changed from WaitingToStart to InProgress
[2020.06.22-20.57.58:191][  6]LogLoad: Took 6.600261 seconds to LoadMap(/Game/Nivel/LvLTubo)
[2020.06.22-20.57.58:255][  7]LogNet: UNetDriver::TickDispatch: Very long time between ticks. DeltaTime: 6.69, Realtime: 6.69. IpNetDriver_0
[2020.06.22-20.57.58:255][  7]LogNet: UChannel::ReceivedSequencedBunch: Bunch.bClose == true. ChIndex == 0. Calling ConditionalCleanUp.
[2020.06.22-20.57.58:255][  7]LogNet: UChannel::CleanUp: ChIndex == 0. Closing connection. [UChannel] ChIndex: 0, Closing: 0 [UNetConnection] RemoteAddr: 127.0.0.1:61988, Name: IpConnection_1, Driver: GameNetDriver IpNetDriver_0, IsServer: YES, PC: MainMenu_Controller_C_1, Owner: MainMenu_Controller_C_1, UniqueId: NULL:DESKTOP-TMVGJ7Q-D9DA97BC45DC0EFD4A412386188A4E11
[2020.06.22-20.57.58:255][  7]LogNet: UNetConnection::Close: [UNetConnection] RemoteAddr: 127.0.0.1:61988, Name: IpConnection_1, Driver: GameNetDriver IpNetDriver_0, IsServer: YES, PC: MainMenu_Controller_C_1, Owner: MainMenu_Controller_C_1, UniqueId: NULL:DESKTOP-TMVGJ7Q-D9DA97BC45DC0EFD4A412386188A4E11, Channels: 10, Time: 2020.06.22-20.57.58
[2020.06.22-20.57.58:255][  7]LogNet: UChannel::Close: Sending CloseBunch. ChIndex == 0. Name: [UChannel] ChIndex: 0, Closing: 0 [UNetConnection] RemoteAddr: 127.0.0.1:61988, Name: IpConnection_1, Driver: GameNetDriver IpNetDriver_0, IsServer: YES, PC: MainMenu_Controller_C_1, Owner: MainMenu_Controller_C_1, UniqueId: NULL:DESKTOP-TMVGJ7Q-D9DA97BC45DC0EFD4A412386188A4E11
[2020.06.22-20.57.58:256][  7]LogOnline: Warning: OSS: No game present to leave for session (GameSession)
[2020.06.22-20.57.58:257][  7]LogNet: UNetDriver::TickDispatch: Very long time between ticks. DeltaTime: 6.69, Realtime: 0.07. IpNetDriver_2
[2020.06.22-20.58.01:561][ 60]LogSlate: FSceneViewport::OnFocusLost() reason 2
[2020.06.22-20.58.03:006][ 83]LogSlate: FSceneViewport::OnFocusLost() reason 0
[2020.06.22-20.58.05:571][130]LogOnline: Warning: OSS: Can't destroy a null online session (GameSession)
[2020.06.22-20.58.10:599][222]LogOnline: Warning: OSS: Cannot create session 'GameSession': session already exists.
[2020.06.22-20.58.10:599][222]LogBlueprintUserMessages: [Menuprofe_C_0] Server: Error al crear una sesion
[2020.06.22-20.58.10:600][222]LogGameMode: Display: Match State Changed from InProgress to LeavingMap
[2020.06.22-20.58.10:600][222]LogGameState: Match State Changed from InProgress to LeavingMap
[2020.06.22-20.58.10:600][222]LogNet: Browse: 192.168.0.4//Game/FirstPersonBP/Maps/MainMenu
[2020.06.22-20.58.10:600][222]LogNet: World NetDriver shutdown IpNetDriver_0 [GameNetDriver]
[2020.06.22-20.58.10:600][222]LogNet: DestroyNamedNetDriver IpNetDriver_0 [GameNetDriver]
[2020.06.22-20.58.10:600][222]LogExit: GameNetDriver IpNetDriver_0 shut down
[2020.06.22-20.58.10:600][222]LogOnline: Warning: STEAM: Steam API disabled!
[2020.06.22-20.58.10:600][222]LogOnline: Display: STEAM: OnlineSubsystemSteam::Shutdown()
[2020.06.22-20.58.10:602][222]LogTemp: Display: ParseSettings for GameNetDriver
[2020.06.22-20.58.10:602][222]LogTemp: Display: ParseSettings for IpNetDriver_3
[2020.06.22-20.58.10:602][222]LogTemp: Display: ParseSettings for PendingNetDriver
[2020.06.22-20.58.10:603][222]LogInit: WinSock: Socket queue 32768 / 32768
[2020.06.22-20.58.10:604][222]PacketHandlerLog: Loaded PacketHandler component: Engine.EngineHandlerComponentFactory (StatelessConnectHandlerComponent)
[2020.06.22-20.58.10:604][222]LogNet: Game client on port 7777, rate 10000
[2020.06.22-20.58.10:605][222]LogWorld: Warning: SetActiveLevelCollection attempted to use an out of date NetDriver: GameNetDriver
[2020.06.22-20.58.10:605][222]LogNet: NotifyAcceptingConnection accepted from: 192.168.0.4:58715
[2020.06.22-20.58.10:605][222]LogHandshake: SendConnectChallenge. Timestamp: 19.072641, Cookie: 185071202100072236084080240155137152102060144182004232146040
[2020.06.22-20.58.10:653][223]LogHandshake: SendChallengeResponse. Timestamp: 19.072641, Cookie: 185071202100072236084080240155137152102060144182004232146040
[2020.06.22-20.58.10:654][223]LogWorld: Warning: SetActiveLevelCollection attempted to use an out of date NetDriver: GameNetDriver
[2020.06.22-20.58.10:654][223]LogNet: NotifyAcceptingConnection accepted from: 192.168.0.4:58715
[2020.06.22-20.58.10:654][223]LogHandshake: SendChallengeAck. InCookie: 185071202100072236084080240155137152102060144182004232146040
[2020.06.22-20.58.10:655][223]LogNet: Server accepting post-challenge connection from: 192.168.0.4:58715
[2020.06.22-20.58.10:655][223]PacketHandlerLog: Loaded PacketHandler component: Engine.EngineHandlerComponentFactory (StatelessConnectHandlerComponent)
[2020.06.22-20.58.10:655][223]LogNet: NotifyAcceptedConnection: Name: LvLTubo, TimeStamp: 06/22/20 15:58:10, [UNetConnection] RemoteAddr: 192.168.0.4:58715, Name: IpConnection_3, Driver: GameNetDriver IpNetDriver_2, IsServer: YES, PC: NULL, Owner: NULL, UniqueId: INVALID
[2020.06.22-20.58.10:655][223]LogNet: AddClientConnection: Added client connection: [UNetConnection] RemoteAddr: 192.168.0.4:58715, Name: IpConnection_3, Driver: GameNetDriver IpNetDriver_2, IsServer: YES, PC: NULL, Owner: NULL, UniqueId: INVALID
[2020.06.22-20.58.10:708][224]LogNet: UPendingNetGame::SendInitialJoin: Sending hello. [UNetConnection] RemoteAddr: 192.168.0.4:7777, Name: IpConnection_2, Driver: PendingNetDriver IpNetDriver_3, IsServer: NO, PC: NULL, Owner: NULL, UniqueId: INVALID
[2020.06.22-20.58.10:709][224]LogWorld: Warning: SetActiveLevelCollection attempted to use an out of date NetDriver: GameNetDriver
[2020.06.22-20.58.10:709][224]LogNet: NotifyAcceptingChannel Control 0 server World /Game/Nivel/UEDPIE_2_LvLTubo.LvLTubo: Accepted
[2020.06.22-20.58.10:709][224]LogNet: Remote platform little endian=1
[2020.06.22-20.58.10:709][224]LogNet: This platform little endian=1
[2020.06.22-20.58.10:767][225]LogWorld: Warning: SetActiveLevelCollection attempted to use an out of date NetDriver: GameNetDriver
[2020.06.22-20.58.10:768][225]LogNet: Login request: /Game/FirstPersonBP/Maps/MainMenu?Name=DESKTOP-TMVGJ7Q-E375581E4C5717EE0DA758AABCED224C userId: DESKTOP-TMVGJ7Q-E375581E4C5717EE0DA758AABCED224C
[2020.06.22-20.58.10:820][226]LogNet: Welcomed by server (Level: /Game/Nivel/UEDPIE_2_LvLTubo, Game: /Game/GravityBP/BRGameMode.BRGameMode_C)
[2020.06.22-20.58.10:874][226]LogLoad: LoadMap: 192.168.0.4//Game/Nivel/UEDPIE_2_LvLTubo?game=/Game/GravityBP/BRGameMode.BRGameMode_C
[2020.06.22-20.58.11:742][226]LogAIModule: Creating AISystem for world LvLTubo
[2020.06.22-20.58.11:743][226]LogTemp: Display: ParseSettings for GameNetDriver
[2020.06.22-20.58.11:795][226]LogWorld: Bringing World /Game/Nivel/UEDPIE_1_LvLTubo.LvLTubo up for play (max tick rate 0) at 2020.06.22-15.58.11
[2020.06.22-20.58.11:796][226]LogWorld: Bringing up level for play took: 0.052053
[2020.06.22-20.58.11:796][226]LogLoad: Took 0.922319 seconds to LoadMap(/Game/Nivel/UEDPIE_2_LvLTubo)
[2020.06.22-20.58.11:797][226]LogNet: Client netspeed is 10000
[2020.06.22-20.58.11:797][226]LogNet: Join request: /Game/FirstPersonBP/Maps/MainMenu?Name=DESKTOP-TMVGJ7Q-E375581E4C5717EE0DA758AABCED224C?SplitscreenCount=1
[2020.06.22-20.58.11:803][226]LogScript: Warning: UGameplayStatics::BeginSpawningActorFromClass: can not spawn an actor from a NULL class
[2020.06.22-20.58.11:805][226]LogNet: Join succeeded: DESKTOP-TMVGJ7Q-E375
[2020.06.22-20.58.27:151][382]LogSlate: FSceneViewport::OnFocusLost() reason 2
[2020.06.22-20.58.38:811][471]LogBlueprintUserMessages: [Bumpers_BP28_101] Client 0: Hello
[2020.06.22-20.58.38:811][471]LogBlueprintUserMessages: [Bumpers_BP28_101] Client 0: Hello
[2020.06.22-20.58.38:821][471]LogBlueprintUserMessages: [Bumpers_BP28_101] Server: Hello
[2020.06.22-20.58.38:821][471]LogBlueprintUserMessages: [Bumpers_BP28_101] Server: Hello
[2020.06.22-20.58.48:522][550]LogSlate: Took 0.000334 seconds to synchronously load lazily loaded font '../../../Engine/Content/Slate/Fonts/Roboto-Light.ttf' (167K)
[2020.06.22-20.58.51:322][616]LogBlueprintUserMessages: [Bumpers_BP29_104] Client 0: Hello
[2020.06.22-20.58.51:322][616]LogBlueprintUserMessages: [Bumpers_BP29_104] Client 0: Hello
[2020.06.22-20.58.51:333][616]LogBlueprintUserMessages: [Bumpers_BP29_104] Server: Hello
[2020.06.22-20.58.51:333][616]LogBlueprintUserMessages: [Bumpers_BP29_104] Server: Hello
[2020.06.22-20.58.59:317][682]LogSlate: Updating window title bar state: overlay mode, drag disabled, window buttons hidden, title bar hidden
[2020.06.22-20.58.59:367][682]LogSlate: Window 'BattleRoyalGravity Game Preview Client 1 (64-bit/PCD3D_SM5)' being destroyed
[2020.06.22-20.58.59:518][682]LogSlate: Updating window title bar state: overlay mode, drag disabled, window buttons hidden, title bar hidden
[2020.06.22-20.58.59:566][682]LogSlate: Window 'BattleRoyalGravity Game Preview Server (64-bit/PCD3D_SM5)' being destroyed
[2020.06.22-20.58.59:617][682]LogPlayLevel: Display: Shutting down PIE online subsystems
[2020.06.22-20.58.59:653][682]LogNet: UChannel::CleanUp: ChIndex == 0. Closing connection. [UChannel] ChIndex: 0, Closing: 0 [UNetConnection] RemoteAddr: 192.168.0.4:58715, Name: IpConnection_3, Driver: GameNetDriver IpNetDriver_2, IsServer: YES, PC: BPPlayerController_C_1, Owner: BPPlayerController_C_1, UniqueId: NULL:DESKTOP-TMVGJ7Q-E375581E4C5717EE0DA758AABCED224C
[2020.06.22-20.58.59:653][682]LogNet: UNetConnection::Close: [UNetConnection] RemoteAddr: 192.168.0.4:58715, Name: IpConnection_3, Driver: GameNetDriver IpNetDriver_2, IsServer: YES, PC: BPPlayerController_C_1, Owner: BPPlayerController_C_1, UniqueId: NULL:DESKTOP-TMVGJ7Q-E375581E4C5717EE0DA758AABCED224C, Channels: 38, Time: 2020.06.22-20.58.59
[2020.06.22-20.58.59:653][682]LogNet: UChannel::Close: Sending CloseBunch. ChIndex == 0. Name: [UChannel] ChIndex: 0, Closing: 0 [UNetConnection] RemoteAddr: 192.168.0.4:58715, Name: IpConnection_3, Driver: GameNetDriver IpNetDriver_2, IsServer: YES, PC: BPPlayerController_C_1, Owner: BPPlayerController_C_1, UniqueId: NULL:DESKTOP-TMVGJ7Q-E375581E4C5717EE0DA758AABCED224C
[2020.06.22-20.58.59:653][682]LogNet: UChannel::CleanUp: ChIndex == 0. Closing connection. [UChannel] ChIndex: 0, Closing: 0 [UNetConnection] RemoteAddr: 192.168.0.4:7777, Name: IpConnection_2, Driver: GameNetDriver IpNetDriver_3, IsServer: NO, PC: BPPlayerController_C_0, Owner: BPPlayerController_C_0, UniqueId: NULL:DESKTOP-TMVGJ7Q-E375581E4C5717EE0DA758AABCED224C
[2020.06.22-20.58.59:653][682]LogNet: UNetConnection::Close: [UNetConnection] RemoteAddr: 192.168.0.4:7777, Name: IpConnection_2, Driver: GameNetDriver IpNetDriver_3, IsServer: NO, PC: BPPlayerController_C_0, Owner: BPPlayerController_C_0, UniqueId: NULL:DESKTOP-TMVGJ7Q-E375581E4C5717EE0DA758AABCED224C, Channels: 38, Time: 2020.06.22-20.58.59
[2020.06.22-20.58.59:653][682]LogNet: UChannel::Close: Sending CloseBunch. ChIndex == 0. Name: [UChannel] ChIndex: 0, Closing: 0 [UNetConnection] RemoteAddr: 192.168.0.4:7777, Name: IpConnection_2, Driver: GameNetDriver IpNetDriver_3, IsServer: NO, PC: BPPlayerController_C_0, Owner: BPPlayerController_C_0, UniqueId: NULL:DESKTOP-TMVGJ7Q-E375581E4C5717EE0DA758AABCED224C
[2020.06.22-20.58.59:661][682]LogExit: GameNetDriver None shut down
[2020.06.22-20.58.59:661][682]LogExit: GameNetDriver None shut down
[2020.06.22-20.58.59:682][683]LogPlayLevel: Display: Destroying online subsystem :Context_3
[2020.06.22-20.58.59:683][683]LogPlayLevel: Display: Destroying online subsystem :Context_2
[2020.06.22-20.59.05:566][ 13]LogSlate: Window 'BattleRoyalGravity - Unreal Editor' being destroyed
[2020.06.22-20.59.05:567][ 13]LogWindowsTextInputMethodSystem: Display: IME system now deactivated.
[2020.06.22-20.59.05:859][ 14]Cmd: QUIT_EDITOR
[2020.06.22-20.59.06:789][ 14]LogExit: Preparing to exit.
[2020.06.22-20.59.06:963][ 14]LogExit: Editor shut down
[2020.06.22-20.59.06:963][ 14]LogExit: Transaction tracking system shut down
[2020.06.22-20.59.08:054][ 14]LogExit: Object subsystem successfully closed.
[2020.06.22-20.59.08:075][ 14]LogShaderCompilers: Display: Shaders left to compile 0
[2020.06.22-20.59.08:082][ 14]LogD3D11RHI: Shutdown
[2020.06.22-20.59.08:082][ 14]LogD3D11RHI: CleanupD3DDevice
[2020.06.22-20.59.08:085][ 14]LogD3D11RHI: ~FD3D11DynamicRHI
[2020.06.22-20.59.08:130][ 14]LogModuleManager: Shutting down and abandoning module MovieSceneCapture (622)
[2020.06.22-20.59.08:130][ 14]LogModuleManager: Shutting down and abandoning module Voice (620)
[2020.06.22-20.59.08:130][ 14]LogModuleManager: Shutting down and abandoning module HierarchicalLODOutliner (618)
[2020.06.22-20.59.08:130][ 14]LogModuleManager: Shutting down and abandoning module SceneOutliner (616)
[2020.06.22-20.59.08:130][ 14]LogModuleManager: Shutting down and abandoning module AddContentDialog (614)
[2020.06.22-20.59.08:131][ 14]LogModuleManager: Shutting down and abandoning module WidgetCarousel (613)
[2020.06.22-20.59.08:131][ 14]LogModuleManager: Shutting down and abandoning module EditorWidgets (610)
[2020.06.22-20.59.08:131][ 14]LogModuleManager: Shutting down and abandoning module CollectionManager (608)
[2020.06.22-20.59.08:131][ 14]LogModuleManager: Shutting down and abandoning module StatsViewer (606)
[2020.06.22-20.59.08:131][ 14]LogModuleManager: Shutting down and abandoning module FoliageEdit (604)
[2020.06.22-20.59.08:131][ 14]LogModuleManager: Shutting down and abandoning module LandscapeEditor (602)
[2020.06.22-20.59.08:131][ 14]LogModuleManager: Shutting down and abandoning module MeshPaintMode (600)
[2020.06.22-20.59.08:131][ 14]LogModuleManager: Shutting down and abandoning module SceneDepthPickerMode (598)
[2020.06.22-20.59.08:131][ 14]LogModuleManager: Shutting down and abandoning module ActorPickerMode (596)
[2020.06.22-20.59.08:131][ 14]LogModuleManager: Shutting down and abandoning module GeometryMode (594)
[2020.06.22-20.59.08:131][ 14]LogModuleManager: Shutting down and abandoning module TextureAlignMode (592)
[2020.06.22-20.59.08:131][ 14]LogModuleManager: Shutting down and abandoning module BspMode (590)
[2020.06.22-20.59.08:131][ 14]LogModuleManager: Shutting down and abandoning module PIEPreviewDeviceProfileSelector (588)
[2020.06.22-20.59.08:131][ 14]LogModuleManager: Shutting down and abandoning module SequenceRecorderSections (586)
[2020.06.22-20.59.08:131][ 14]LogModuleManager: Shutting down and abandoning module AutomationWorker (584)
[2020.06.22-20.59.08:131][ 14]LogModuleManager: Shutting down and abandoning module AudioCaptureEditor (582)
[2020.06.22-20.59.08:131][ 14]LogModuleManager: Shutting down and abandoning module SequenceRecorder (581)
[2020.06.22-20.59.08:131][ 14]LogModuleManager: Shutting down and abandoning module MatineeToLevelSequence (578)
[2020.06.22-20.59.08:131][ 14]LogModuleManager: Shutting down and abandoning module LevelSequenceEditor (576)
[2020.06.22-20.59.08:132][ 14]LogModuleManager: Shutting down and abandoning module PlacementMode (575)
[2020.06.22-20.59.08:132][ 14]LogModuleManager: Shutting down and abandoning module MaterialEditor (574)
[2020.06.22-20.59.08:132][ 14]LogModuleManager: Shutting down and abandoning module WmfMediaFactory (570)
[2020.06.22-20.59.08:132][ 14]LogModuleManager: Shutting down and abandoning module WmfMediaEditor (568)
[2020.06.22-20.59.08:132][ 14]LogModuleManager: Shutting down and abandoning module MediaPlayerEditor (566)
[2020.06.22-20.59.08:132][ 14]LogModuleManager: Shutting down and abandoning module OpenExrWrapper (564)
[2020.06.22-20.59.08:132][ 14]LogModuleManager: Shutting down and abandoning module ImgMediaFactory (562)
[2020.06.22-20.59.08:132][ 14]LogModuleManager: Shutting down and abandoning module ImgMediaEditor (560)
[2020.06.22-20.59.08:132][ 14]LogModuleManager: Shutting down and abandoning module AvfMediaFactory (558)
[2020.06.22-20.59.08:132][ 14]LogModuleManager: Shutting down and abandoning module AvfMediaEditor (556)
[2020.06.22-20.59.08:132][ 14]LogModuleManager: Shutting down and abandoning module AndroidMediaFactory (554)
[2020.06.22-20.59.08:132][ 14]LogModuleManager: Shutting down and abandoning module AndroidMediaEditor (552)
[2020.06.22-20.59.08:132][ 14]LogModuleManager: Shutting down and abandoning module MagicLeapCameraPreviewFactory (550)
[2020.06.22-20.59.08:132][ 14]LogModuleManager: Shutting down and abandoning module MagicLeapMediaFactory (548)
[2020.06.22-20.59.08:132][ 14]LogModuleManager: Shutting down and abandoning module MagicLeapMediaEditor (546)
[2020.06.22-20.59.08:132][ 14]LogModuleManager: Shutting down and abandoning module CharacterAI (544)
[2020.06.22-20.59.08:132][ 14]LogModuleManager: Shutting down and abandoning module SmartSnapping (542)
[2020.06.22-20.59.08:132][ 14]LogModuleManager: Shutting down and abandoning module SessionServices (540)
[2020.06.22-20.59.08:132][ 14]LogModuleManager: Shutting down and abandoning module ViewportSnapping (538)
[2020.06.22-20.59.08:132][ 14]LogModuleManager: Shutting down and abandoning module ViewportInteraction (536)
[2020.06.22-20.59.08:132][ 14]LogModuleManager: Shutting down and abandoning module ClothPainter (534)
[2020.06.22-20.59.08:132][ 14]LogModuleManager: Shutting down and abandoning module SkeletalMeshEditor (533)
[2020.06.22-20.59.08:132][ 14]LogModuleManager: Shutting down and abandoning module LogVisualizer (530)
[2020.06.22-20.59.08:132][ 14]LogModuleManager: Shutting down and abandoning module IntroTutorials (528)
[2020.06.22-20.59.08:132][ 14]LogModuleManager: Shutting down and abandoning module GameProjectGeneration (527)
[2020.06.22-20.59.08:132][ 14]LogModuleManager: Shutting down and abandoning module LuminPlatformEditor (524)
[2020.06.22-20.59.08:133][ 14]LogModuleManager: Shutting down and abandoning module IOSPlatformEditor (522)
[2020.06.22-20.59.08:133][ 14]LogModuleManager: Shutting down and abandoning module HTML5PlatformEditor (520)
[2020.06.22-20.59.08:133][ 14]LogModuleManager: Shutting down and abandoning module AndroidPlatformEditor (518)
[2020.06.22-20.59.08:133][ 14]LogModuleManager: Shutting down and abandoning module AndroidDeviceDetection (517)
[2020.06.22-20.59.08:437][ 14]LogModuleManager: Shutting down and abandoning module WindowsPlatformEditor (514)
[2020.06.22-20.59.08:437][ 14]LogModuleManager: Shutting down and abandoning module LuminRuntimeSettings (512)
[2020.06.22-20.59.08:437][ 14]LogModuleManager: Shutting down and abandoning module IOSRuntimeSettings (510)
[2020.06.22-20.59.08:437][ 14]LogModuleManager: Shutting down and abandoning module AndroidRuntimeSettings (508)
[2020.06.22-20.59.08:437][ 14]LogModuleManager: Shutting down and abandoning module InputBindingEditor (506)
[2020.06.22-20.59.08:437][ 14]LogModuleManager: Shutting down and abandoning module MergeActors (504)
[2020.06.22-20.59.08:437][ 14]LogModuleManager: Shutting down and abandoning module LocalizationDashboard (502)
[2020.06.22-20.59.08:438][ 14]LogModuleManager: Shutting down and abandoning module LocalizationService (501)
[2020.06.22-20.59.08:438][ 14]LogModuleManager: Shutting down and abandoning module HardwareTargeting (498)
[2020.06.22-20.59.08:438][ 14]LogModuleManager: Shutting down and abandoning module DeviceProfileEditor (496)
[2020.06.22-20.59.08:438][ 14]LogModuleManager: Shutting down and abandoning module UndoHistory (494)
[2020.06.22-20.59.08:438][ 14]LogModuleManager: Shutting down and abandoning module XmlParser (492)
[2020.06.22-20.59.08:438][ 14]LogModuleManager: Shutting down and abandoning module Blutility (490)
[2020.06.22-20.59.08:438][ 14]LogModuleManager: Shutting down and abandoning module ProjectSettingsViewer (488)
[2020.06.22-20.59.08:438][ 14]LogModuleManager: Shutting down and abandoning module ProjectTargetPlatformEditor (487)
[2020.06.22-20.59.08:438][ 14]LogModuleManager: Shutting down and abandoning module EditorSettingsViewer (484)
[2020.06.22-20.59.08:438][ 14]LogModuleManager: Shutting down and abandoning module SettingsEditor (482)
[2020.06.22-20.59.08:438][ 14]LogModuleManager: Shutting down and abandoning module ProjectLauncher (480)
[2020.06.22-20.59.08:438][ 14]LogModuleManager: Shutting down and abandoning module SessionFrontend (478)
[2020.06.22-20.59.08:438][ 14]LogModuleManager: Shutting down and abandoning module ProfilerClient (476)
[2020.06.22-20.59.08:438][ 14]LogModuleManager: Shutting down and abandoning module DeviceManager (474)
[2020.06.22-20.59.08:438][ 14]LogModuleManager: Shutting down and abandoning module TargetDeviceServices (473)
[2020.06.22-20.59.08:497][ 14]LogModuleManager: Shutting down and abandoning module AutomationController (470)
[2020.06.22-20.59.08:497][ 14]LogModuleManager: Shutting down and abandoning module AutomationWindow (468)
[2020.06.22-20.59.08:497][ 14]LogModuleManager: Shutting down and abandoning module Layers (466)
[2020.06.22-20.59.08:497][ 14]LogModuleManager: Shutting down and abandoning module ComponentVisualizers (464)
[2020.06.22-20.59.08:497][ 14]LogModuleManager: Shutting down and abandoning module DetailCustomizations (462)
[2020.06.22-20.59.08:497][ 14]LogModuleManager: Shutting down and abandoning module PackagesDialog (460)
[2020.06.22-20.59.08:497][ 14]LogModuleManager: Shutting down and abandoning module Persona (458)
[2020.06.22-20.59.08:497][ 14]LogModuleManager: Shutting down and abandoning module AdvancedPreviewScene (457)
[2020.06.22-20.59.08:498][ 14]LogModuleManager: Shutting down and abandoning module AnimGraph (455)
[2020.06.22-20.59.08:498][ 14]LogModuleManager: Shutting down and abandoning module Kismet (452)
[2020.06.22-20.59.08:503][ 14]LogModuleManager: Shutting down and abandoning module GraphEditor (450)
[2020.06.22-20.59.08:504][ 14]LogModuleManager: Shutting down and abandoning module ClassViewer (448)
[2020.06.22-20.59.08:504][ 14]LogModuleManager: Shutting down and abandoning module Toolbox (446)
[2020.06.22-20.59.08:504][ 14]LogModuleManager: Shutting down and abandoning module ModuleUI (444)
[2020.06.22-20.59.08:504][ 14]LogModuleManager: Shutting down and abandoning module MovieSceneTools (442)
[2020.06.22-20.59.08:504][ 14]LogModuleManager: Shutting down and abandoning module OutputLog (440)
[2020.06.22-20.59.08:504][ 14]LogModuleManager: Shutting down and abandoning module GammaUI (438)
[2020.06.22-20.59.08:504][ 14]LogModuleManager: Shutting down and abandoning module Documentation (436)
[2020.06.22-20.59.08:504][ 14]LogModuleManager: Shutting down and abandoning module MovieSceneTracks (434)
[2020.06.22-20.59.08:504][ 14]LogModuleManager: Shutting down and abandoning module MovieScene (432)
[2020.06.22-20.59.08:504][ 14]LogModuleManager: Shutting down and abandoning module StreamingPauseRendering (430)
[2020.06.22-20.59.08:504][ 14]LogModuleManager: Shutting down and abandoning module LauncherPlatform (428)
[2020.06.22-20.59.08:505][ 14]LogModuleManager: Shutting down and abandoning module AnalyticsET (426)
[2020.06.22-20.59.08:505][ 14]LogModuleManager: Shutting down and abandoning module PortalServices (424)
[2020.06.22-20.59.08:505][ 14]LogModuleManager: Shutting down and abandoning module PortalRpc (422)
[2020.06.22-20.59.08:505][ 14]LogModuleManager: Shutting down and abandoning module MessagingRpc (420)
[2020.06.22-20.59.08:505][ 14]LogModuleManager: Shutting down and abandoning module AIModule (418)
[2020.06.22-20.59.08:505][ 14]LogModuleManager: Shutting down and abandoning module GameplayDebugger (417)
[2020.06.22-20.59.08:505][ 14]LogModuleManager: Shutting down and abandoning module AITestSuite (415)
[2020.06.22-20.59.08:505][ 14]LogModuleManager: Shutting down and abandoning module NavigationSystem (413)
[2020.06.22-20.59.08:505][ 14]LogModuleManager: Shutting down and abandoning module DesktopPlatform (410)
[2020.06.22-20.59.08:505][ 14]LogModuleManager: Shutting down and abandoning module ProfilerService (408)
[2020.06.22-20.59.08:677][ 14]LogModuleManager: Shutting down and abandoning module TaskGraph (406)
[2020.06.22-20.59.08:677][ 14]LogModuleManager: Shutting down and abandoning module FalseDirectionalGravity (404)
[2020.06.22-20.59.08:677][ 14]LogModuleManager: Shutting down and abandoning module SteamVRController (402)
[2020.06.22-20.59.08:677][ 14]LogModuleManager: Shutting down and abandoning module ProceduralMeshComponentEditor (400)
[2020.06.22-20.59.08:677][ 14]LogModuleManager: Shutting down and abandoning module ProceduralMeshComponent (398)
[2020.06.22-20.59.08:678][ 14]LogModuleManager: Shutting down and abandoning module OculusInput (396)
[2020.06.22-20.59.08:678][ 14]LogModuleManager: Shutting down and abandoning module MobilePatchingUtils (394)
[2020.06.22-20.59.08:678][ 14]LogModuleManager: Shutting down and abandoning module EditableMesh (392)
[2020.06.22-20.59.08:678][ 14]LogModuleManager: Shutting down and abandoning module CustomMeshComponent (390)
[2020.06.22-20.59.08:678][ 14]LogModuleManager: Shutting down and abandoning module CableComponent (388)
[2020.06.22-20.59.08:678][ 14]LogModuleManager: Shutting down and abandoning module AudioCapture (386)
[2020.06.22-20.59.08:678][ 14]LogModuleManager: Shutting down and abandoning module ArchVisCharacter (384)
[2020.06.22-20.59.08:678][ 14]LogModuleManager: Shutting down and abandoning module AndroidPermission (382)
[2020.06.22-20.59.08:678][ 14]LogModuleManager: Shutting down and abandoning module NUTUnrealEngine4 (380)
[2020.06.22-20.59.08:678][ 14]LogModuleManager: Shutting down and abandoning module NetcodeUnitTest (378)
[2020.06.22-20.59.08:678][ 14]LogModuleManager: Shutting down and abandoning module MediaCompositingEditor (376)
[2020.06.22-20.59.08:678][ 14]LogModuleManager: Shutting down and abandoning module MediaCompositing (374)
[2020.06.22-20.59.08:678][ 14]LogModuleManager: Shutting down and abandoning module LinearTimecode (372)
[2020.06.22-20.59.08:678][ 14]LogModuleManager: Shutting down and abandoning module ImgMedia (370)
[2020.06.22-20.59.08:683][ 14]LogModuleManager: Shutting down and abandoning module HTML5Networking (368)
[2020.06.22-20.59.08:683][ 14]LogModuleManager: Shutting down and abandoning module GeometryCacheTracks (366)
[2020.06.22-20.59.08:683][ 14]LogModuleManager: Shutting down and abandoning module GeometryCacheSequencer (364)
[2020.06.22-20.59.08:683][ 14]LogModuleManager: Shutting down and abandoning module BackChannel (362)
[2020.06.22-20.59.08:683][ 14]LogModuleManager: Shutting down and abandoning module AppleVision (360)
[2020.06.22-20.59.08:683][ 14]LogModuleManager: Shutting down and abandoning module AppleImageUtils (358)
[2020.06.22-20.59.08:683][ 14]LogModuleManager: Shutting down and abandoning module AlembicImporter (356)
[2020.06.22-20.59.08:683][ 14]LogModuleManager: Shutting down and abandoning module AlembicLibrary (355)
[2020.06.22-20.59.08:683][ 14]LogModuleManager: Shutting down and abandoning module GeometryCache (354)
[2020.06.22-20.59.08:683][ 14]LogModuleManager: Shutting down and abandoning module GeometryCacheEd (353)
[2020.06.22-20.59.08:683][ 14]LogModuleManager: Shutting down and abandoning module DatasmithContentEditor (348)
[2020.06.22-20.59.08:683][ 14]LogModuleManager: Shutting down and abandoning module DatasmithContent (346)
[2020.06.22-20.59.08:684][ 14]LogModuleManager: Shutting down and abandoning module SpeedTreeImporter (344)
[2020.06.22-20.59.08:684][ 14]LogModuleManager: Shutting down and abandoning module PluginBrowser (342)
[2020.06.22-20.59.08:684][ 14]LogModuleManager: Shutting down and abandoning module MobileLauncherProfileWizard (340)
[2020.06.22-20.59.08:684][ 14]LogModuleManager: Shutting down and abandoning module PolygonModeling (338)
[2020.06.22-20.59.08:684][ 14]LogModuleManager: Shutting down and abandoning module MeshEditor (336)
[2020.06.22-20.59.08:684][ 14]LogModuleManager: Shutting down and abandoning module CryptoKeysOpenSSL (334)
[2020.06.22-20.59.08:684][ 14]LogModuleManager: Shutting down and abandoning module CryptoKeys (332)
[2020.06.22-20.59.08:684][ 14]LogModuleManager: Shutting down and abandoning module VisualStudioSourceCodeAccess (330)
[2020.06.22-20.59.08:684][ 14]LogModuleManager: Shutting down and abandoning module VisualStudioCodeSourceCodeAccess (328)
[2020.06.22-20.59.08:684][ 14]LogModuleManager: Shutting down and abandoning module UObjectPlugin (326)
[2020.06.22-20.59.08:684][ 14]LogModuleManager: Shutting down and abandoning module SubversionSourceControl (324)
[2020.06.22-20.59.08:684][ 14]LogModuleManager: Shutting down and abandoning module PerforceSourceControl (322)
[2020.06.22-20.59.08:684][ 14]LogModuleManager: Shutting down and abandoning module GitSourceControl (320)
[2020.06.22-20.59.08:684][ 14]LogModuleManager: Shutting down and abandoning module SourceControl (319)
[2020.06.22-20.59.08:684][ 14]LogModuleManager: Shutting down and abandoning module CLionSourceCodeAccess (316)
[2020.06.22-20.59.08:684][ 14]LogModuleManager: Shutting down and abandoning module LightPropagationVolumeEditor (314)
[2020.06.22-20.59.08:684][ 14]LogModuleManager: Shutting down and abandoning module PaperTiledImporter (312)
[2020.06.22-20.59.08:684][ 14]LogModuleManager: Shutting down and abandoning module PaperSpriteSheetImporter (310)
[2020.06.22-20.59.08:684][ 14]LogModuleManager: Shutting down and abandoning module Paper2DEditor (308)
[2020.06.22-20.59.08:684][ 14]LogModuleManager: Shutting down and abandoning module MeshPaint (307)
[2020.06.22-20.59.08:684][ 14]LogModuleManager: Shutting down and abandoning module AdvancedSteamSessions (304)
[2020.06.22-20.59.08:684][ 14]LogModuleManager: Shutting down and abandoning module AdvancedSessions (302)
[2020.06.22-20.59.08:685][ 14]LogModuleManager: Shutting down and abandoning module RuntimePhysXCooking (300)
[2020.06.22-20.59.08:685][ 14]LogModuleManager: Shutting down and abandoning module PhysXVehiclesEditor (298)
[2020.06.22-20.59.08:685][ 14]LogModuleManager: Shutting down and abandoning module PhysXVehicles (296)
[2020.06.22-20.59.08:685][ 14]LogModuleManager: Shutting down and abandoning module OculusEditor (294)
[2020.06.22-20.59.08:685][ 14]LogModuleManager: Shutting down and abandoning module LocationServicesBPLibrary (292)
[2020.06.22-20.59.08:685][ 14]LogModuleManager: Shutting down and abandoning module ImmediatePhysicsEditor (290)
[2020.06.22-20.59.08:685][ 14]LogModuleManager: Shutting down and abandoning module ImmediatePhysics (288)
[2020.06.22-20.59.08:685][ 14]LogModuleManager: Shutting down and abandoning module ActorSequence (286)
[2020.06.22-20.59.08:685][ 14]LogModuleManager: Shutting down and abandoning module UdpMessaging (284)
[2020.06.22-20.59.08:786][ 14]LogModuleManager: Shutting down and abandoning module TcpMessaging (282)
[2020.06.22-20.59.08:887][ 14]LogModuleManager: Shutting down and abandoning module MagicLeapAudio (280)
[2020.06.22-20.59.08:887][ 14]LogModuleManager: Shutting down and abandoning module GameplayTagsEditor (278)
[2020.06.22-20.59.08:887][ 14]LogModuleManager: Shutting down and abandoning module FacialAnimationEditor (276)
[2020.06.22-20.59.08:887][ 14]LogModuleManager: Shutting down and abandoning module FacialAnimation (274)
[2020.06.22-20.59.08:887][ 14]LogModuleManager: Shutting down and abandoning module DataValidation (272)
[2020.06.22-20.59.08:888][ 14]LogModuleManager: Shutting down and abandoning module AssetManagerEditor (270)
[2020.06.22-20.59.08:888][ 14]LogModuleManager: Shutting down and abandoning module LevelEditor (269)
[2020.06.22-20.59.08:890][ 14]LogModuleManager: Shutting down and abandoning module PixelInspectorModule (268)
[2020.06.22-20.59.08:890][ 14]LogModuleManager: Shutting down and abandoning module CommonMenuExtensions (266)
[2020.06.22-20.59.08:890][ 14]LogModuleManager: Shutting down and abandoning module MainFrame (264)
[2020.06.22-20.59.08:891][ 14]LogModuleManager: Shutting down and abandoning module HotReload (263)
[2020.06.22-20.59.08:892][ 14]LogModuleManager: Shutting down and abandoning module ContentBrowser (259)
[2020.06.22-20.59.08:895][ 14]LogModuleManager: Shutting down and abandoning module TreeMap (257)
[2020.06.22-20.59.08:896][ 14]LogModuleManager: Shutting down and abandoning module LightPropagationVolumeRuntime (254)
[2020.06.22-20.59.08:896][ 14]LogModuleManager: Shutting down and abandoning module AISupportModule (252)
[2020.06.22-20.59.08:896][ 14]LogModuleManager: Shutting down and abandoning module Paper2D (250)
[2020.06.22-20.59.08:896][ 14]LogModuleManager: Shutting down and abandoning module WindowsMoviePlayer (248)
[2020.06.22-20.59.08:896][ 14]LogModuleManager: Shutting down and abandoning module WmfMedia (246)
[2020.06.22-20.59.08:898][ 14]LogModuleManager: Shutting down and abandoning module Media (245)
[2020.06.22-20.59.08:904][ 14]LogModuleManager: Shutting down and abandoning module PacketHandler (242)
[2020.06.22-20.59.08:905][ 14]LogModuleManager: Shutting down and abandoning module ClothingSystemEditor (240)
[2020.06.22-20.59.08:905][ 14]LogModuleManager: Shutting down and abandoning module ClothingSystemRuntime (238)
[2020.06.22-20.59.08:905][ 14]LogModuleManager: Shutting down and abandoning module MediaAssets (236)
[2020.06.22-20.59.08:905][ 14]LogModuleManager: Shutting down and abandoning module Overlay (234)
[2020.06.22-20.59.08:905][ 14]LogModuleManager: Shutting down and abandoning module OverlayEditor (233)
[2020.06.22-20.59.08:905][ 14]LogModuleManager: Shutting down and abandoning module VREditor (230)
[2020.06.22-20.59.08:905][ 14]LogModuleManager: Shutting down and abandoning module StringTableEditor (228)
[2020.06.22-20.59.08:905][ 14]LogModuleManager: Shutting down and abandoning module GameplayTasksEditor (226)
[2020.06.22-20.59.08:905][ 14]LogModuleManager: Shutting down and abandoning module BehaviorTreeEditor (224)
[2020.06.22-20.59.08:905][ 14]LogModuleManager: Shutting down and abandoning module FunctionalTesting (222)
[2020.06.22-20.59.08:905][ 14]LogModuleManager: Shutting down and abandoning module CollisionAnalyzer (220)
[2020.06.22-20.59.08:905][ 14]LogModuleManager: Shutting down and abandoning module WorkspaceMenuStructure (219)
[2020.06.22-20.59.08:905][ 14]LogModuleManager: Shutting down and abandoning module UMG (216)
[2020.06.22-20.59.08:906][ 14]LogModuleManager: Shutting down and abandoning module UMGEditor (215)
[2020.06.22-20.59.08:906][ 14]LogModuleManager: Shutting down and abandoning module Sequencer (214)
[2020.06.22-20.59.08:906][ 14]LogModuleManager: Shutting down and abandoning module MessageLog (211)
[2020.06.22-20.59.08:906][ 14]LogModuleManager: Shutting down and abandoning module SlateReflector (206)
[2020.06.22-20.59.08:906][ 14]LogModuleManager: Shutting down and abandoning module Slate (204)
[2020.06.22-20.59.08:906][ 14]LogModuleManager: Shutting down and abandoning module EditorStyle (202)
[2020.06.22-20.59.08:910][ 14]LogModuleManager: Shutting down and abandoning module MRMesh (200)
[2020.06.22-20.59.08:910][ 14]LogModuleManager: Shutting down and abandoning module SourceCodeAccess (198)
[2020.06.22-20.59.08:910][ 14]LogModuleManager: Shutting down and abandoning module HeadMountedDisplay (196)
[2020.06.22-20.59.08:910][ 14]LogModuleManager: Shutting down and abandoning module XAudio2 (194)
[2020.06.22-20.59.08:910][ 14]LogModuleManager: Shutting down and abandoning module Networking (192)
[2020.06.22-20.59.08:911][ 14]LogModuleManager: Shutting down and abandoning module Core (190)
[2020.06.22-20.59.08:911][ 14]LogModuleManager: Shutting down and abandoning module LevelSequence (188)
[2020.06.22-20.59.08:911][ 14]LogModuleManager: Shutting down and abandoning module KismetCompiler (186)
[2020.06.22-20.59.08:911][ 14]LogModuleManager: Shutting down and abandoning module MeshUtilities (184)
[2020.06.22-20.59.08:911][ 14]LogModuleManager: Shutting down and abandoning module MeshMergeUtilities (183)
[2020.06.22-20.59.08:911][ 14]LogModuleManager: Shutting down and abandoning module MeshReductionInterface (182)
[2020.06.22-20.59.08:911][ 14]LogModuleManager: Shutting down and abandoning module SimplygonSwarm (181)
[2020.06.22-20.59.08:911][ 14]LogModuleManager: Shutting down and abandoning module ProxyLODMeshReduction (179)
[2020.06.22-20.59.08:911][ 14]LogModuleManager: Shutting down and abandoning module SimplygonMeshReduction (177)
[2020.06.22-20.59.08:911][ 14]LogModuleManager: Shutting down and abandoning module QuadricMeshReduction (175)
[2020.06.22-20.59.08:911][ 14]LogModuleManager: Shutting down and abandoning module MaterialBaking (171)
[2020.06.22-20.59.08:911][ 14]LogModuleManager: Shutting down and abandoning module DirectoryWatcher (167)
[2020.06.22-20.59.08:911][ 14]LogModuleManager: Shutting down and abandoning module DerivedDataCache (164)
[2020.06.22-20.59.08:958][ 14]LogDerivedDataCache: Shutdown
[2020.06.22-20.59.08:958][ 14]LogModuleManager: Shutting down and abandoning module XGEController (162)
[2020.06.22-20.59.08:958][ 14]LogXGEController: Cleaning working directory: C:/Users/Dell Inspiron 5548/AppData/Local/Temp/UnrealXGEWorkingDir/
[2020.06.22-20.59.08:959][ 14]LogModuleManager: Shutting down and abandoning module TargetPlatform (160)
[2020.06.22-20.59.08:959][ 14]LogModuleManager: Shutting down and abandoning module VulkanShaderFormat (159)
[2020.06.22-20.59.08:959][ 14]LogModuleManager: Shutting down and abandoning module ShaderFormatVectorVM (157)
[2020.06.22-20.59.08:959][ 14]LogModuleManager: Shutting down and abandoning module ShaderFormatOpenGL (155)
[2020.06.22-20.59.08:959][ 14]LogModuleManager: Shutting down and abandoning module ShaderFormatD3D (153)
[2020.06.22-20.59.08:959][ 14]LogModuleManager: Shutting down and abandoning module MetalShaderFormat (151)
[2020.06.22-20.59.08:959][ 14]LogModuleManager: Shutting down and abandoning module TextureFormatUncompressed (149)
[2020.06.22-20.59.08:959][ 14]LogModuleManager: Shutting down and abandoning module TextureFormatPVR (147)
[2020.06.22-20.59.08:959][ 14]LogModuleManager: Shutting down and abandoning module TextureFormatDXT (145)
[2020.06.22-20.59.08:959][ 14]LogModuleManager: Shutting down and abandoning module TextureFormatIntelISPCTexComp (143)
[2020.06.22-20.59.08:959][ 14]LogModuleManager: Shutting down and abandoning module TextureFormatASTC (141)
[2020.06.22-20.59.08:959][ 14]LogModuleManager: Shutting down and abandoning module ImageWrapper (140)
[2020.06.22-20.59.08:959][ 14]LogModuleManager: Shutting down and abandoning module TextureFormatAndroid (137)
[2020.06.22-20.59.08:959][ 14]LogModuleManager: Shutting down and abandoning module AudioFormatOpus (135)
[2020.06.22-20.59.08:959][ 14]LogModuleManager: Shutting down and abandoning module AudioFormatOgg (133)
[2020.06.22-20.59.08:959][ 14]LogModuleManager: Shutting down and abandoning module AudioFormatADPCM (131)
[2020.06.22-20.59.08:959][ 14]LogModuleManager: Shutting down and abandoning module LuminTargetPlatform (129)
[2020.06.22-20.59.08:959][ 14]LogModuleManager: Shutting down and abandoning module LinuxTargetPlatform (127)
[2020.06.22-20.59.08:959][ 14]LogModuleManager: Shutting down and abandoning module LinuxServerTargetPlatform (125)
[2020.06.22-20.59.08:959][ 14]LogModuleManager: Shutting down and abandoning module LinuxNoEditorTargetPlatform (123)
[2020.06.22-20.59.08:959][ 14]LogModuleManager: Shutting down and abandoning module LinuxClientTargetPlatform (121)
[2020.06.22-20.59.08:960][ 14]LogModuleManager: Shutting down and abandoning module TVOSTargetPlatform (119)
[2020.06.22-20.59.08:960][ 14]LogModuleManager: Shutting down and abandoning module Messaging (117)
[2020.06.22-20.59.08:960][ 14]LogModuleManager: Shutting down and abandoning module IOSTargetPlatform (115)
[2020.06.22-20.59.08:961][ 14]LogModuleManager: Shutting down and abandoning module HTML5TargetPlatform (113)
[2020.06.22-20.59.08:961][ 14]LogModuleManager: Shutting down and abandoning module AndroidTargetPlatform (111)
[2020.06.22-20.59.08:969][ 14]LogModuleManager: Shutting down and abandoning module WindowsTargetPlatform (109)
[2020.06.22-20.59.08:969][ 14]LogModuleManager: Shutting down and abandoning module WindowsServerTargetPlatform (107)
[2020.06.22-20.59.08:969][ 14]LogModuleManager: Shutting down and abandoning module WindowsNoEditorTargetPlatform (105)
[2020.06.22-20.59.08:969][ 14]LogModuleManager: Shutting down and abandoning module WindowsClientTargetPlatform (103)
[2020.06.22-20.59.08:969][ 14]LogModuleManager: Shutting down and abandoning module MacTargetPlatform (101)
[2020.06.22-20.59.08:969][ 14]LogModuleManager: Shutting down and abandoning module MacServerTargetPlatform (99)
[2020.06.22-20.59.08:969][ 14]LogModuleManager: Shutting down and abandoning module MacNoEditorTargetPlatform (97)
[2020.06.22-20.59.08:969][ 14]LogModuleManager: Shutting down and abandoning module MacClientTargetPlatform (95)
[2020.06.22-20.59.08:969][ 14]LogModuleManager: Shutting down and abandoning module AllDesktopTargetPlatform (93)
[2020.06.22-20.59.08:969][ 14]LogModuleManager: Shutting down and abandoning module InputCore (90)
[2020.06.22-20.59.08:969][ 14]LogModuleManager: Shutting down and abandoning module Settings (88)
[2020.06.22-20.59.08:969][ 14]LogModuleManager: Shutting down and abandoning module PhysXCooking (86)
[2020.06.22-20.59.08:969][ 14]LogModuleManager: Shutting down and abandoning module SteamVR (84)
[2020.06.22-20.59.08:969][ 14]LogModuleManager: Shutting down and abandoning module OculusHMD (82)
[2020.06.22-20.59.08:969][ 14]LogModuleManager: Shutting down and abandoning module ExampleDeviceProfileSelector (80)
[2020.06.22-20.59.08:969][ 14]LogModuleManager: Shutting down and abandoning module LauncherChunkInstaller (78)
[2020.06.22-20.59.08:969][ 14]LogModuleManager: Shutting down and abandoning module OnlineBlueprintSupport (76)
[2020.06.22-20.59.08:969][ 14]LogModuleManager: Shutting down and abandoning module OnlineSubsystem (72)
[2020.06.22-20.59.08:970][ 14]LogModuleManager: Shutting down and abandoning module XMPP (65)
[2020.06.22-20.59.08:970][ 14]LogModuleManager: Shutting down and abandoning module WebSockets (64)
[2020.06.22-20.59.08:973][ 14]LogModuleManager: Shutting down and abandoning module HTTP (61)
[2020.06.22-20.59.08:973][ 14]LogHttp: Display: Http module shutting down, but needs to wait on 1 outstanding Http requests:
[2020.06.22-20.59.08:973][ 14]LogHttp: Display: 	verb=[POST] url=[https://datarouter.ol.epicgames.com/datarouter/api/v1/public/data?SessionID=%7B86D3BCFD-4E41-D21B-4EDD-8FA9921FA25F%7D&AppID=UEEditor.Rocket.Release&AppVersion=4.20.3-4369336%2B%2B%2BUE4%2BRelease-4.20&UserID=017fe7c947916f9a7657cb8dc26e9cfe%7C858d9f6218454b52ae30699b795dc1d3%7C52edb43f-7cd5-4815-af90-20eb9e7b1fd5&AppEnvironment=datacollector-binary&UploadType=eteventstream] status=Processing
[2020.06.22-20.59.08:983][ 14]LogModuleManager: Shutting down and abandoning module SSL (60)
[2020.06.22-20.59.08:985][ 14]LogModuleManager: Shutting down and abandoning module MagicLeapEmulator (56)
[2020.06.22-20.59.08:985][ 14]LogModuleManager: Shutting down and abandoning module MagicLeapPrivileges (54)
[2020.06.22-20.59.08:985][ 14]LogModuleManager: Shutting down and abandoning module MagicLeapIdentity (52)
[2020.06.22-20.59.08:985][ 14]LogModuleManager: Shutting down and abandoning module MagicLeapHelperVulkan (50)
[2020.06.22-20.59.08:985][ 14]LogModuleManager: Shutting down and abandoning module MagicLeapHelperOpenGL (48)
[2020.06.22-20.59.08:985][ 14]LogModuleManager: Shutting down and abandoning module MagicLeapSecureStorage (46)
[2020.06.22-20.59.08:985][ 14]LogModuleManager: Shutting down and abandoning module MagicLeapGestures (44)
[2020.06.22-20.59.08:985][ 14]LogModuleManager: Shutting down and abandoning module MagicLeapEyeTracker (42)
[2020.06.22-20.59.08:985][ 14]LogModuleManager: Shutting down and abandoning module MagicLeapController (40)
[2020.06.22-20.59.08:986][ 14]LogSlate: Slate User Destroyed.  User Index 0, Is Virtual User: 0
[2020.06.22-20.59.08:986][ 14]LogModuleManager: Shutting down and abandoning module MagicLeap (38)
[2020.06.22-20.59.08:986][ 14]LogModuleManager: Shutting down and abandoning module AnimationModifiers (36)
[2020.06.22-20.59.08:986][ 14]LogModuleManager: Shutting down and abandoning module PropertyEditor (35)
[2020.06.22-20.59.08:987][ 14]LogModuleManager: Shutting down and abandoning module AudioEditor (32)
[2020.06.22-20.59.08:987][ 14]LogModuleManager: Shutting down and abandoning module TextureCompressor (30)
[2020.06.22-20.59.08:989][ 14]LogModuleManager: Shutting down and abandoning module ShaderCore (28)
[2020.06.22-20.59.08:989][ 14]LogModuleManager: Shutting down and abandoning module Landscape (26)
[2020.06.22-20.59.08:989][ 14]LogModuleManager: Shutting down and abandoning module SlateRHIRenderer (24)
[2020.06.22-20.59.08:990][ 14]LogModuleManager: Shutting down and abandoning module OpenGLDrv (22)
[2020.06.22-20.59.08:990][ 14]LogModuleManager: Shutting down and abandoning module D3D11RHI (20)
[2020.06.22-20.59.08:990][ 14]LogModuleManager: Shutting down and abandoning module AnimGraphRuntime (18)
[2020.06.22-20.59.08:990][ 14]LogModuleManager: Shutting down and abandoning module Renderer (16)
[2020.06.22-20.59.08:990][ 14]LogModuleManager: Shutting down and abandoning module Engine (14)
[2020.06.22-20.59.08:990][ 14]LogModuleManager: Shutting down and abandoning module CoreUObject (12)
[2020.06.22-20.59.08:990][ 14]LogModuleManager: Shutting down and abandoning module NetworkFile (10)
[2020.06.22-20.59.08:990][ 14]LogModuleManager: Shutting down and abandoning module CookedIterativeFile (8)
[2020.06.22-20.59.08:990][ 14]LogModuleManager: Shutting down and abandoning module StreamingFile (6)
[2020.06.22-20.59.08:990][ 14]LogModuleManager: Shutting down and abandoning module SandboxFile (4)
[2020.06.22-20.59.08:990][ 14]LogModuleManager: Shutting down and abandoning module PakFile (2)
[2020.06.22-20.59.08:996][ 14]LogExit: Exiting.
[2020.06.22-20.59.08:999][ 14]Log file closed, 06/22/20 15:59:08
