Log file open, 06/08/20 07:34:54
LogWindows: Failed to load 'aqProf.dll' (GetLastError=126)
LogWindows: File 'aqProf.dll' does not exist
LogWindows: Failed to load 'VSPerf140.dll' (GetLastError=126)
LogWindows: File 'VSPerf140.dll' does not exist
LogWindows: Failed to load 'VtuneApi.dll' (GetLastError=126)
LogWindows: File 'VtuneApi.dll' does not exist
LogWindows: Failed to load 'VtuneApi32e.dll' (GetLastError=126)
LogWindows: File 'VtuneApi32e.dll' does not exist
LogInit: Display: Running engine for game: BattleRoyalGravity
LogPlatformFile: Not using cached read wrapper
LogTaskGraph: Started task graph with 5 named threads and 11 total threads with 3 sets of task threads.
LogStats: Stats thread started at 4.290974
LogD3D11RHI: Loaded GFSDK_Aftermath_Lib.x64.dll
LogICUInternationalization: Display: ICU TimeZone Detection - Raw Offset: -6:00, Platform Override: ''
LogPluginManager: Mounting plugin Paper2D
LogPluginManager: Mounting plugin AISupport
LogPluginManager: Mounting plugin LightPropagationVolume
LogPluginManager: Mounting plugin CLionSourceCodeAccess
LogPluginManager: Mounting plugin CodeLiteSourceCodeAccess
LogPluginManager: Mounting plugin GitSourceControl
LogPluginManager: Mounting plugin KDevelopSourceCodeAccess
LogPluginManager: Mounting plugin NullSourceCodeAccess
LogPluginManager: Mounting plugin PerforceSourceControl
LogPluginManager: Mounting plugin SubversionSourceControl
LogPluginManager: Mounting plugin UObjectPlugin
LogPluginManager: Mounting plugin VisualStudioCodeSourceCodeAccess
LogPluginManager: Mounting plugin VisualStudioSourceCodeAccess
LogPluginManager: Mounting plugin XCodeSourceCodeAccess
LogPluginManager: Mounting plugin AssetManagerEditor
LogPluginManager: Mounting plugin CryptoKeys
LogPluginManager: Mounting plugin DataValidation
LogPluginManager: Mounting plugin FacialAnimation
LogPluginManager: Mounting plugin GameplayTagsEditor
LogPluginManager: Mounting plugin MacGraphicsSwitching
LogPluginManager: Mounting plugin MeshEditor
LogPluginManager: Mounting plugin MobileLauncherProfileWizard
LogPluginManager: Mounting plugin PluginBrowser
LogPluginManager: Mounting plugin SpeedTreeImporter
LogPluginManager: Mounting plugin DatasmithContent
LogPluginManager: Mounting plugin AlembicImporter
LogPluginManager: Mounting plugin AppleImageUtils
LogPluginManager: Mounting plugin AppleVision
LogPluginManager: Mounting plugin BackChannel
LogPluginManager: Mounting plugin CharacterAI
LogPluginManager: Mounting plugin GeometryCache
LogPluginManager: Mounting plugin HTML5Networking
LogPluginManager: Mounting plugin ProxyLODPlugin
LogPluginManager: Mounting plugin MagicLeap
LogPluginManager: Mounting plugin MagicLeapEmulator
LogPluginManager: Mounting plugin MagicLeapMedia
LogPluginManager: Mounting plugin AndroidMedia
LogPluginManager: Mounting plugin AvfMedia
LogPluginManager: Mounting plugin ImgMedia
LogPluginManager: Mounting plugin LinearTimecode
LogPluginManager: Mounting plugin MediaCompositing
LogPluginManager: Mounting plugin MediaPlayerEditor
LogPluginManager: Mounting plugin WmfMedia
LogPluginManager: Mounting plugin TcpMessaging
LogPluginManager: Mounting plugin UdpMessaging
LogPluginManager: Mounting plugin ActorSequence
LogPluginManager: Mounting plugin LevelSequenceEditor
LogPluginManager: Mounting plugin MatineeToLevelSequence
LogPluginManager: Mounting plugin NetcodeUnitTest
LogPluginManager: Mounting plugin NUTUnrealEngine4
LogPluginManager: Mounting plugin OnlineSubsystemGooglePlay
LogPluginManager: Mounting plugin OnlineSubsystemIOS
LogPluginManager: Mounting plugin OnlineSubsystem
LogPluginManager: Mounting plugin OnlineSubsystemNull
LogPluginManager: Mounting plugin OnlineSubsystemUtils
LogPluginManager: Mounting plugin LauncherChunkInstaller
LogPluginManager: Mounting plugin AndroidDeviceProfileSelector
LogPluginManager: Mounting plugin AndroidMoviePlayer
LogPluginManager: Mounting plugin AndroidPermission
LogPluginManager: Mounting plugin AppleMoviePlayer
LogPluginManager: Mounting plugin ArchVisCharacter
LogPluginManager: Mounting plugin AudioCapture
LogPluginManager: Mounting plugin CableComponent
LogPluginManager: Mounting plugin CustomMeshComponent
LogPluginManager: Mounting plugin EditableMesh
LogPluginManager: Mounting plugin ExampleDeviceProfileSelector
LogPluginManager: Mounting plugin GoogleCloudMessaging
LogPluginManager: Mounting plugin ImmediatePhysics
LogPluginManager: Mounting plugin IOSDeviceProfileSelector
LogPluginManager: Mounting plugin LinuxDeviceProfileSelector
LogPluginManager: Mounting plugin LocationServicesBPLibrary
LogPluginManager: Mounting plugin MobilePatchingUtils
LogPluginManager: Mounting plugin OculusVR
LogPluginManager: Plugin shader directory ../../../Engine/Plugins/Runtime/Oculus/OculusVR/Shaders found
LogPluginManager: Mapping shader source directory ../../../Engine/Plugins/Runtime/Oculus/OculusVR/Shaders to virtual directory /Plugin/OculusVR
LogPluginManager: Mounting plugin PhysXVehicles
LogPluginManager: Mounting plugin ProceduralMeshComponent
LogPluginManager: Mounting plugin RuntimePhysXCooking
LogPluginManager: Mounting plugin SteamVR
LogPluginManager: Mounting plugin WindowsMoviePlayer
LogPluginManager: Mounting plugin FalseDirectionalGravity
LogStreaming: Display: Took  1.226s to configure plugins.
LogInit: Using libcurl 7.55.1-DEV
LogInit:  - built for x86_64-pc-win32
LogInit:  - supports SSL with OpenSSL/1.0.2h
LogInit:  - supports HTTP deflate (compression) using libz 1.2.8
LogInit:  - other features:
LogInit:      CURL_VERSION_SSL
LogInit:      CURL_VERSION_LIBZ
LogInit:      CURL_VERSION_IPV6
LogInit:      CURL_VERSION_ASYNCHDNS
LogInit:      CURL_VERSION_LARGEFILE
LogInit:      CURL_VERSION_IDN
LogInit:  CurlRequestOptions (configurable via config and command line):
LogInit:  - bVerifyPeer = false  - Libcurl will NOT verify peer certificate
LogInit:  - bUseHttpProxy = false  - Libcurl will NOT use HTTP proxy
LogInit:  - bDontReuseConnections = false  - Libcurl will reuse connections
LogInit:  - CertBundlePath = nullptr  - Libcurl will use whatever was configured at build time.
LogInit:  - MaxHostConnections = 16  - Libcurl will limit the number of connections to a host
LogInit:  - LocalHostAddr = Default
LogInit:  - BufferSize = 65536
LogInit: WinSock: version 1.1 (2.2), MaxSocks=32767, MaxUdp=65467
LogInit: Build: ++UE4+Release-4.20-CL-4369336
LogInit: Engine Version: 4.20.3-4369336+++UE4+Release-4.20
LogInit: Compatible Engine Version: 4.20.0-4212847+++UE4+Release-4.20
LogInit: Net CL: 4212847
LogInit: OS: Windows 10 (), CPU: Intel(R) Core(TM) i7-5500U CPU @ 2.40GHz, GPU: Intel(R) HD Graphics 5500
LogInit: Compiled (64-bit): Sep 17 2018 12:26:19
LogInit: Compiled with Visual C++: 19.13.26129.00
LogInit: Build Configuration: Development
LogInit: Branch Name: ++UE4+Release-4.20
LogInit: Command Line:  
LogInit: Base Directory: C:/Program Files/Epic Games/UE_4.20/Engine/Binaries/Win64/
LogInit: Installed Engine Build: 1
LogDevObjectVersion: Number of dev versions registered: 20
LogDevObjectVersion:   Dev-Blueprints (B0D832E4-1F89-4F0D-ACCF-7EB736FD4AA2): 10
LogDevObjectVersion:   Dev-Build (E1C64328-A22C-4D53-A36C-8E866417BD8C): 0
LogDevObjectVersion:   Dev-Core (375EC13C-06E4-48FB-B500-84F0262A717E): 2
LogDevObjectVersion:   Dev-Editor (E4B068ED-F494-42E9-A231-DA0B2E46BB41): 24
LogDevObjectVersion:   Dev-Framework (CFFC743F-43B0-4480-9391-14DF171D2073): 34
LogDevObjectVersion:   Dev-Mobile (B02B49B5-BB20-44E9-A304-32B752E40360): 2
LogDevObjectVersion:   Dev-Networking (A4E4105C-59A1-49B5-A7C5-40C4547EDFEE): 0
LogDevObjectVersion:   Dev-Online (39C831C9-5AE6-47DC-9A44-9C173E1C8E7C): 0
LogDevObjectVersion:   Dev-Physics (78F01B33-EBEA-4F98-B9B4-84EACCB95AA2): 0
LogDevObjectVersion:   Dev-Platform (6631380F-2D4D-43E0-8009-CF276956A95A): 0
LogDevObjectVersion:   Dev-Rendering (12F88B9F-8875-4AFC-A67C-D90C383ABD29): 26
LogDevObjectVersion:   Dev-Sequencer (7B5AE74C-D270-4C10-A958-57980B212A5A): 9
LogDevObjectVersion:   Dev-VR (D7296918-1DD6-4BDD-9DE2-64A83CC13884): 2
LogDevObjectVersion:   Dev-LoadTimes (C2A15278-BFE7-4AFE-6C17-90FF531DF755): 1
LogDevObjectVersion:   Private-Geometry (6EACA3D4-40EC-4CC1-B786-8BED09428FC5): 3
LogDevObjectVersion:   Dev-AnimPhys (29E575DD-E0A3-4627-9D10-D276232CDCEA): 17
LogDevObjectVersion:   Dev-ReflectionCapture (6B266CEC-1EC7-4B8F-A30B-E4D90942FC07): 1
LogDevObjectVersion:   Dev-Automation (0DF73D61-A23F-47EA-B727-89E90C41499A): 1
LogDevObjectVersion:   FortniteMain (601D1886-AC64-4F84-AA16-D3DE0DEAC7D6): 12
LogDevObjectVersion:   Dev-Enterprise (9DFFBCD6-494F-0158-E221-12823C92A888): 1
LogStreaming: Display: Took  0.009s to delete old logs.
LogInit: Presizing for max 8388607 objects, including 0 objects not considered by GC, pre-allocating 0 bytes for permanent pool.
LogInit: Object subsystem initialized
[2020.06.08-12.35.01:356][  0]LogInit: Selected Device Profile: [Windows]
[2020.06.08-12.35.01:356][  0]LogInit: Applying CVar settings loaded from the selected device profile: [Windows]
[2020.06.08-12.35.01:543][  0]LogHAL: Display: Platform has ~ 8 GB [8500240384 / 8589934592 / 8], which maps to Default [LargestMinGB=32, LargerMinGB=12, DefaultMinGB=8, SmallerMinGB=6, SmallestMinGB=0)
[2020.06.08-12.35.01:543][  0]LogInit: Setting Device Profile CVar: [[r.Vulkan.UseRealUBs:1]]
[2020.06.08-12.35.01:543][  0]LogInit: Going up to parent DeviceProfile []
[2020.06.08-12.35.01:610][  0]LogInit: Computer: DESKTOP-TMVGJ7Q
[2020.06.08-12.35.01:610][  0]LogInit: User: FernanD02
[2020.06.08-12.35.01:610][  0]LogInit: CPU Page size=4096, Cores=2
[2020.06.08-12.35.01:610][  0]LogInit: High frequency timer resolution =10.000000 MHz
[2020.06.08-12.35.01:610][  0]LogMemory: Memory total: Physical=7.9GB (8GB approx)
[2020.06.08-12.35.01:610][  0]LogMemory: Platform Memory Stats for Windows
[2020.06.08-12.35.01:610][  0]LogMemory: Process Physical Memory: 100.32 MB used, 100.32 MB peak
[2020.06.08-12.35.01:610][  0]LogMemory: Process Virtual Memory: 86.34 MB used, 86.34 MB peak
[2020.06.08-12.35.01:610][  0]LogMemory: Physical Memory: 3165.43 MB used,  4941.03 MB free, 8106.46 MB total
[2020.06.08-12.35.01:611][  0]LogMemory: Virtual Memory: 4606.99 MB used,  4941.03 MB free, 134217728.00 MB total
[2020.06.08-12.35.04:746][  0]LogInit: Overriding language with editor language configuration option (en).
[2020.06.08-12.35.04:746][  0]LogInit: Overriding locale with editor locale configuration option (en).
[2020.06.08-12.35.09:753][  0]LogStreaming: Display: Took  5.008s to InitEngineTextLocalization.
[2020.06.08-12.35.09:753][  0]LogInit: Setting process to per monitor DPI aware
[2020.06.08-12.35.11:293][  0]LogSlate: New Slate User Created.  User Index 0, Is Virtual User: 0
[2020.06.08-12.35.11:293][  0]LogSlate: Slate User Registered.  User Index 0, Is Virtual User: 0
[2020.06.08-12.35.23:011][  0]LogHMD: Failed to initialize OpenVR with code 110
[2020.06.08-12.35.23:011][  0]LogD3D11RHI: D3D11 adapters:
[2020.06.08-12.35.23:019][  0]LogD3D11RHI:    0. 'Intel(R) HD Graphics 5500' (Feature Level 11_0)
[2020.06.08-12.35.23:019][  0]LogD3D11RHI:       128/0/4053 MB DedicatedVideo/DedicatedSystem/SharedSystem, Outputs:2, VendorId:0x8086
[2020.06.08-12.35.23:769][  0]LogD3D11RHI:    1. 'AMD Radeon R7 M270' (Feature Level 11_0)
[2020.06.08-12.35.23:769][  0]LogD3D11RHI:       4076/0/4053 MB DedicatedVideo/DedicatedSystem/SharedSystem, Outputs:0, VendorId:0x1002
[2020.06.08-12.35.23:783][  0]LogD3D11RHI:    2. 'Microsoft Basic Render Driver' (Feature Level 11_0)
[2020.06.08-12.35.23:783][  0]LogD3D11RHI:       0/0/4053 MB DedicatedVideo/DedicatedSystem/SharedSystem, Outputs:0, VendorId:0x1414
[2020.06.08-12.35.23:783][  0]LogD3D11RHI: Chosen D3D11 Adapter: 1
[2020.06.08-12.35.23:804][  0]LogD3D11RHI: Creating new Direct3DDevice
[2020.06.08-12.35.23:805][  0]LogD3D11RHI:     GPU DeviceId: 0x6604 (for the marketing name, search the web for "GPU Device Id")
[2020.06.08-12.35.23:805][  0]LogWindows: EnumDisplayDevices:
[2020.06.08-12.35.23:805][  0]LogWindows:    0. 'Intel(R) HD Graphics 5500' (P:1 D:1)
[2020.06.08-12.35.23:808][  0]LogWindows:    1. 'Intel(R) HD Graphics 5500' (P:0 D:1)
[2020.06.08-12.35.23:809][  0]LogWindows:    2. 'Intel(R) HD Graphics 5500' (P:0 D:0)
[2020.06.08-12.35.23:812][  0]LogWindows:    3. 'AMD Radeon R7 M270' (P:0 D:0)
[2020.06.08-12.35.23:815][  0]LogWindows:    4. 'AMD Radeon R7 M270' (P:0 D:0)
[2020.06.08-12.35.23:816][  0]LogWindows:    5. 'AMD Radeon R7 M270' (P:0 D:0)
[2020.06.08-12.35.23:818][  0]LogWindows:    6. 'AMD Radeon R7 M270' (P:0 D:0)
[2020.06.08-12.35.23:821][  0]LogWindows:    7. 'AMD Radeon R7 M270' (P:0 D:0)
[2020.06.08-12.35.23:823][  0]LogWindows:    8. 'AMD Radeon R7 M270' (P:0 D:0)
[2020.06.08-12.35.23:825][  0]LogWindows:    9. 'AMD Radeon R7 M270' (P:0 D:0)
[2020.06.08-12.35.23:828][  0]LogWindows:    10. 'AMD Radeon R7 M270' (P:0 D:0)
[2020.06.08-12.35.23:830][  0]LogWindows:    11. 'AMD Radeon R7 M270' (P:0 D:0)
[2020.06.08-12.35.23:831][  0]LogWindows:    12. 'AMD Radeon R7 M270' (P:0 D:0)
[2020.06.08-12.35.23:831][  0]LogWindows:    13. 'AMD Radeon R7 M270' (P:0 D:0)
[2020.06.08-12.35.23:832][  0]LogWindows:    14. 'AMD Radeon R7 M270' (P:0 D:0)
[2020.06.08-12.35.23:833][  0]LogWindows:    15. 'AMD Radeon R7 M270' (P:0 D:0)
[2020.06.08-12.35.23:833][  0]LogWindows:    16. 'AMD Radeon R7 M270' (P:0 D:0)
[2020.06.08-12.35.23:834][  0]LogWindows:    17. 'AMD Radeon R7 M270' (P:0 D:0)
[2020.06.08-12.35.23:835][  0]LogWindows:    18. 'AMD Radeon R7 M270' (P:0 D:0)
[2020.06.08-12.35.23:835][  0]LogWindows: DebugString: PrimaryIsNotTheChoosenAdapter PrimaryIsNotTheChoosenAdapter PrimaryIsNotTheChoosenAdapter FoundDriverCount:16 
[2020.06.08-12.35.23:835][  0]LogD3D11RHI:     Adapter Name: AMD Radeon R7 M270
[2020.06.08-12.35.23:835][  0]LogD3D11RHI:   Driver Version: Crimson ReLive 17.7 (internal:23.20.768.12, unified:23.20.768.12)
[2020.06.08-12.35.23:835][  0]LogD3D11RHI:      Driver Date: 10-26-2017
[2020.06.08-12.35.23:835][  0]LogRHI: Texture pool is 2853 MB (70% of 4076 MB)
[2020.06.08-12.35.23:896][  0]LogD3D11RHI: Async texture creation enabled
[2020.06.08-12.35.23:908][  0]LogD3D11RHI: GPU Timing Frequency: 27.000000 (Debug: 2 1)
[2020.06.08-12.35.23:910][  0]LogShaderCompilers: Guid format shader working directory is -29 characters bigger than the processId version (../../../../../../Users/Dell Inspiron 5548/Documents/Unreal Projects/BattleRoyalGravity/Intermediate/Shaders/WorkingDirectory/10476/).
[2020.06.08-12.35.23:910][  0]LogShaderCompilers: Cleaned the shader compiler working directory 'C:/Users/Dell Inspiron 5548/AppData/Local/Temp/UnrealShaderWorkingDir/29B4D9B6439AA9A9F47C3BA30E3E064A/'.
[2020.06.08-12.35.25:243][  0]LogTemp: Display: Loaded TP AllDesktopTargetPlatform
[2020.06.08-12.35.25:287][  0]LogTemp: Display: Loaded TP MacClientTargetPlatform
[2020.06.08-12.35.25:369][  0]LogTemp: Display: Loaded TP MacNoEditorTargetPlatform
[2020.06.08-12.35.25:430][  0]LogTemp: Display: Loaded TP MacServerTargetPlatform
[2020.06.08-12.35.25:509][  0]LogTemp: Display: Loaded TP MacTargetPlatform
[2020.06.08-12.35.25:564][  0]LogTemp: Display: Loaded TP WindowsClientTargetPlatform
[2020.06.08-12.35.25:634][  0]LogTemp: Display: Loaded TP WindowsNoEditorTargetPlatform
[2020.06.08-12.35.25:724][  0]LogTemp: Display: Loaded TP WindowsServerTargetPlatform
[2020.06.08-12.35.25:766][  0]LogTemp: Display: Loaded TP WindowsTargetPlatform
[2020.06.08-12.35.25:987][  0]LogTemp: Display: Loaded TP AndroidTargetPlatform
[2020.06.08-12.35.25:987][  0]LogTemp: Display: Loaded TP AndroidTargetPlatform
[2020.06.08-12.35.25:987][  0]LogTemp: Display: Loaded TP AndroidTargetPlatform
[2020.06.08-12.35.25:987][  0]LogTemp: Display: Loaded TP AndroidTargetPlatform
[2020.06.08-12.35.25:987][  0]LogTemp: Display: Loaded TP AndroidTargetPlatform
[2020.06.08-12.35.25:987][  0]LogTemp: Display: Loaded TP AndroidTargetPlatform
[2020.06.08-12.35.25:987][  0]LogTemp: Display: Loaded TP AndroidTargetPlatform
[2020.06.08-12.35.25:987][  0]LogTemp: Display: Loaded TP AndroidTargetPlatform
[2020.06.08-12.35.25:987][  0]LogTemp: Display: Loaded TP AndroidTargetPlatform
[2020.06.08-12.35.25:987][  0]LogTemp: Display: Loaded TP AndroidTargetPlatform
[2020.06.08-12.35.25:987][  0]LogTemp: Display: Loaded TP AndroidTargetPlatform
[2020.06.08-12.35.25:987][  0]LogTemp: Display: Loaded TP AndroidTargetPlatform
[2020.06.08-12.35.25:987][  0]LogTemp: Display: Loaded TP AndroidTargetPlatform
[2020.06.08-12.35.25:987][  0]LogTemp: Display: Loaded TP AndroidTargetPlatform
[2020.06.08-12.35.25:988][  0]LogTemp: Display: Loaded TP AndroidTargetPlatform
[2020.06.08-12.35.25:988][  0]LogTemp: Display: Loaded TP AndroidTargetPlatform
[2020.06.08-12.35.25:988][  0]LogTemp: Display: Loaded TP AndroidTargetPlatform
[2020.06.08-12.35.25:988][  0]LogTemp: Display: Loaded TP AndroidTargetPlatform
[2020.06.08-12.35.26:051][  0]LogTemp: Display: Loaded TP HTML5TargetPlatform
[2020.06.08-12.35.26:516][  0]LogTemp: Display: Loaded TP IOSTargetPlatform
[2020.06.08-12.35.26:516][  0]LogTemp: Display: Loaded TP IOSTargetPlatform
[2020.06.08-12.35.26:595][  0]LogTemp: Display: Loaded TP TVOSTargetPlatform
[2020.06.08-12.35.26:596][  0]LogTemp: Display: Loaded TP TVOSTargetPlatform
[2020.06.08-12.35.26:698][  0]LogTemp: Display: Loaded TP LinuxClientTargetPlatform
[2020.06.08-12.35.26:787][  0]LogTemp: Display: Loaded TP LinuxNoEditorTargetPlatform
[2020.06.08-12.35.26:925][  0]LogTemp: Display: Loaded TP LinuxServerTargetPlatform
[2020.06.08-12.35.27:132][  0]LogTemp: Display: Loaded TP LinuxTargetPlatform
[2020.06.08-12.35.27:165][  0]LogTemp: Display: Loaded TP LuminTargetPlatform
[2020.06.08-12.35.27:165][  0]LogTargetPlatformManager: Display: Building Assets For Windows
[2020.06.08-12.35.29:473][  0]LogXGEController: Cleaning working directory: C:/Users/Dell Inspiron 5548/AppData/Local/Temp/UnrealXGEWorkingDir/
[2020.06.08-12.35.29:474][  0]LogXGEController: Cannot use XGE Controller as Incredibuild is not installed on this machine.
[2020.06.08-12.35.29:474][  0]LogShaderCompilers: Cannot use XGE Shader Compiler as Incredibuild is not installed on this machine.
[2020.06.08-12.35.29:474][  0]LogShaderCompilers: Display: Using Local Shader Compiler.
[2020.06.08-12.35.44:580][  0]LogDerivedDataCache: Display: Max Cache Size: 512 MB
[2020.06.08-12.35.46:529][  0]LogDerivedDataCache: Loaded boot cache 1.92s 71MB C:/Users/Dell Inspiron 5548/AppData/Local/UnrealEngine/4.20/DerivedDataCache/Boot.ddc.
[2020.06.08-12.35.46:530][  0]LogDerivedDataCache: Display: Loaded Boot cache: C:/Users/Dell Inspiron 5548/AppData/Local/UnrealEngine/4.20/DerivedDataCache/Boot.ddc
[2020.06.08-12.35.46:530][  0]LogDerivedDataCache: FDerivedDataBackendGraph:  Pak pak cache file ../../../../../../Users/Dell Inspiron 5548/Documents/Unreal Projects/BattleRoyalGravity/DerivedDataCache/DDC.ddp not found, will not use a pak cache.
[2020.06.08-12.35.46:530][  0]LogDerivedDataCache: Unable to find inner node Pak for hierarchical cache Hierarchy.
[2020.06.08-12.35.46:530][  0]LogDerivedDataCache: FDerivedDataBackendGraph:  CompressedPak pak cache file ../../../../../../Users/Dell Inspiron 5548/Documents/Unreal Projects/BattleRoyalGravity/DerivedDataCache/Compressed.ddp not found, will not use a pak cache.
[2020.06.08-12.35.46:530][  0]LogDerivedDataCache: Unable to find inner node CompressedPak for hierarchical cache Hierarchy.
[2020.06.08-12.35.47:026][  0]LogDerivedDataCache: Display: Pak cache opened for reading ../../../Engine/DerivedDataCache/Compressed.ddp.
[2020.06.08-12.35.47:040][  0]LogDerivedDataCache: Using Local data cache path C:/Users/Dell Inspiron 5548/AppData/Local/UnrealEngine/Common/DerivedDataCache: Writable
[2020.06.08-12.35.47:040][  0]LogDerivedDataCache: Shared data cache path not found in *engine.ini, will not use an Shared cache.
[2020.06.08-12.35.47:040][  0]LogDerivedDataCache: Unable to find inner node Shared for hierarchical cache Hierarchy.
[2020.06.08-12.35.47:072][  0]LogMaterial: Verifying Global Shaders for PCD3D_SM5
[2020.06.08-12.35.47:133][  0]LogSlate: Using FreeType 2.6.0
[2020.06.08-12.35.47:248][  0]LogSlate: SlateFontServices - WITH_FREETYPE: 1, WITH_HARFBUZZ: 1
[2020.06.08-12.35.49:822][  0]LogAssetRegistry: FAssetRegistry took 0.0313 seconds to start up
[2020.06.08-12.35.51:468][  0]LogInit: Selected Device Profile: [Windows]
[2020.06.08-12.35.54:770][  0]LogSimplygon: Simplygon DLL not present - disabling.
[2020.06.08-12.35.55:335][  0]LogMeshReduction: Using SimplygonSwarm for distributed automatic mesh merging
[2020.06.08-12.35.55:367][  0]LogMeshReduction: Using ProxyLODMeshReduction for automatic mesh merging
[2020.06.08-12.35.55:406][  0]LogMeshReduction: Using QuadricMeshReduction for automatic static mesh reduction
[2020.06.08-12.35.55:406][  0]LogMeshReduction: No automatic skeletal mesh reduction module available
[2020.06.08-12.35.55:752][  0]LogNetVersion: BattleRoyalGravity 1.0.0, NetCL: 4212847, EngineNetVer: 5, GameNetVer: 0 (Checksum: 4043254389)
[2020.06.08-12.36.03:683][  0]LogPackageLocalizationCache: Processed 11 localized package path(s) for 1 prioritized culture(s) in 0.180876 seconds
[2020.06.08-12.36.03:699][  0]LogUObjectArray: 38425 objects as part of root set at end of initial load.
[2020.06.08-12.36.03:699][  0]LogUObjectAllocator: 6690864 out of 0 bytes used by permanent object pool.
[2020.06.08-12.36.03:699][  0]LogUObjectArray: CloseDisregardForGC: 0/0 objects in disregard for GC pool
[2020.06.08-12.36.43:330][  0]LogTcpMessaging: Initializing TcpMessaging bridge
[2020.06.08-12.36.43:420][  0]LogUdpMessaging: Initializing bridge on interface 0.0.0.0:0 to multicast group 230.0.0.1:6666.
[2020.06.08-12.36.45:654][  0]SourceControl: Source control is disabled
[2020.06.08-12.36.45:655][  0]SourceControl: Source control is disabled
[2020.06.08-12.36.45:824][  0]SourceControl: Source control is disabled
[2020.06.08-12.36.45:876][  0]SourceControl: Source control is disabled
[2020.06.08-12.36.48:069][  0]LogAndroidPermission: UAndroidPermissionCallbackProxy::GetInstance
[2020.06.08-12.36.48:325][  0]LogOcInput: OculusInput pre-init called
[2020.06.08-12.36.49:013][  0]LogEngine: Initializing Engine...
[2020.06.08-12.36.49:053][  0]LogHMD: Failed to initialize OpenVR with code 110
[2020.06.08-12.36.49:083][  0]LogStats: UGameplayTagsManager::ConstructGameplayTagTree: ImportINI prefixes -  0.000 s
[2020.06.08-12.36.49:083][  0]LogStats: UGameplayTagsManager::ConstructGameplayTagTree: Construct from data asset -  0.000 s
[2020.06.08-12.36.49:084][  0]LogStats: UGameplayTagsManager::ConstructGameplayTagTree: ImportINI -  0.000 s
[2020.06.08-12.36.49:084][  0]LogStats: UGameplayTagsManager::ConstructGameplayTagTree: GameplayTagTreeChangedEvent.Broadcast -  0.000 s
[2020.06.08-12.36.50:648][  0]LogInit: Initializing FReadOnlyCVARCache
[2020.06.08-12.36.50:913][  0]LogAIModule: Creating AISystem for world Untitled
[2020.06.08-12.36.50:948][  0]LogInit: XAudio2 using 'Altavoces / Auriculares (Realtek High Definition Audio)' : 2 channels at 48 kHz using 32 bits per sample (channel mask 0x3)
[2020.06.08-12.36.50:972][  0]LogInit: FAudioDevice initialized.
[2020.06.08-12.36.50:973][  0]LogNetVersion: Set ProjectVersion to 1.0.0.0. Version Checksum will be recalculated on next use.
[2020.06.08-12.36.51:202][  0]LogDerivedDataCache: Saved boot cache 0.23s 71MB C:/Users/Dell Inspiron 5548/AppData/Local/UnrealEngine/4.20/DerivedDataCache/Boot.ddc.
[2020.06.08-12.36.51:212][  0]LogInit: Texture streaming: Enabled
[2020.06.08-12.36.51:404][  0]LogEngineSessionManager: EngineSessionManager initialized
[2020.06.08-12.36.51:418][  0]LogEngineSessionManager: EngineSessionManager sent abnormal shutdown report. Type=AbnormalShutdown, SessionId={A830ACA5-45E0-F482-E0CA-98BF2C34EF83}
[2020.06.08-12.36.51:418][  0]LogEngineSessionManager: EngineSessionManager sent abnormal shutdown report. Type=AbnormalShutdown, SessionId={77637503-4305-105A-8A89-45AC9197527B}
[2020.06.08-12.36.51:862][  0]LogInit: Transaction tracking system initialized
[2020.06.08-12.36.53:485][  0]BlueprintLog: New page: Editor Load
[2020.06.08-12.36.56:163][  0]LocalizationService: Localization service is disabled
[2020.06.08-12.37.03:564][  0]LogCook: Display: Max memory allowance for cook 16384mb min free memory 0mb
[2020.06.08-12.37.03:564][  0]LogCook: Display: Mobile HDR setting 1
[2020.06.08-12.37.03:564][  0]LogGameplayTags: Display: UGameplayTagsManager::DoneAddingNativeTags. DelegateIsBound: 0
[2020.06.08-12.37.03:565][  0]LogStats: UGameplayTagsManager::ConstructGameplayTagTree: ImportINI prefixes -  0.000 s
[2020.06.08-12.37.03:565][  0]LogStats: UGameplayTagsManager::ConstructGameplayTagTree: Construct from data asset -  0.000 s
[2020.06.08-12.37.03:565][  0]LogStats: UGameplayTagsManager::ConstructGameplayTagTree: ImportINI -  0.000 s
[2020.06.08-12.37.03:565][  0]LogStats: UGameplayTagsManager::ConstructGameplayTagTree: GameplayTagTreeChangedEvent.Broadcast -  0.000 s
[2020.06.08-12.37.03:779][  0]LogFileCache: Scanning file cache for directory 'C:/Users/Dell Inspiron 5548/Documents/Unreal Projects/BattleRoyalGravity/Content/' took 0.11s
[2020.06.08-12.37.09:401][  0]SourceControl: Source control is disabled
[2020.06.08-12.37.09:433][  0]Cmd: MAP LOAD FILE="../../../../../../Users/Dell Inspiron 5548/Documents/Unreal Projects/BattleRoyalGravity/Content/FirstPersonBP/Maps/FirstPersonExampleMap.umap" TEMPLATE=0 SHOWPROGRESS=1 FEATURELEVEL=3
[2020.06.08-12.37.09:494][  0]LightingResults: New page: Lighting Build
[2020.06.08-12.37.09:686][  0]MapCheck: New page: Map Check
[2020.06.08-12.37.09:686][  0]LightingResults: New page: Lighting Build
[2020.06.08-12.37.12:812][  0]LogAIModule: Creating AISystem for world FirstPersonExampleMap
[2020.06.08-12.37.12:862][  0]LogEditorServer: Finished looking for orphan Actors (0.000 secs)
[2020.06.08-12.37.12:950][  0]Cmd: MAP CHECKDEP NOCLEARLOG
[2020.06.08-12.37.13:147][  0]MapCheck: Map check complete: 0 Error(s), 0 Warning(s), took 195.794ms to complete.
[2020.06.08-12.37.13:147][  0]LogFileHelpers: Loading map 'FirstPersonExampleMap' took 3.714
[2020.06.08-12.37.13:443][  0]LogSlate: Updating window title bar state: overlay mode, drag disabled, window buttons hidden, title bar hidden
[2020.06.08-12.37.13:455][  0]LogSlate: Updating window title bar state: overlay mode, drag disabled, window buttons hidden, title bar hidden
[2020.06.08-12.37.13:467][  0]LogSlate: Updating window title bar state: overlay mode, drag disabled, window buttons hidden, title bar hidden
[2020.06.08-12.37.13:483][  0]LogSlate: Updating window title bar state: overlay mode, drag disabled, window buttons hidden, title bar hidden
[2020.06.08-12.37.13:546][  0]LogCollectionManager: Loaded 0 collections in 0.004132 seconds
[2020.06.08-12.37.13:622][  0]LogFileCache: Scanning file cache for directory 'C:/Users/Dell Inspiron 5548/Documents/Unreal Projects/BattleRoyalGravity/Saved/Collections/' took 0.01s
[2020.06.08-12.37.13:622][  0]LogFileCache: Scanning file cache for directory 'C:/Users/Dell Inspiron 5548/Documents/Unreal Projects/BattleRoyalGravity/Content/Developers/FernanD02/Collections/' took 0.01s
[2020.06.08-12.37.13:622][  0]LogFileCache: Scanning file cache for directory 'C:/Users/Dell Inspiron 5548/Documents/Unreal Projects/BattleRoyalGravity/Content/Collections/' took 0.01s
[2020.06.08-12.37.13:622][  0]LogCollectionManager: Rebuilt the GUID cache for 0 collections in 0.000001 seconds
[2020.06.08-12.37.13:643][  0]LogContentBrowser: Native class hierarchy populated in 0.0194 seconds. Added 2578 classes and 606 folders.
[2020.06.08-12.37.13:688][  0]LogContentBrowser: Native class hierarchy updated for 'WidgetCarousel' in 0.0007 seconds. Added 0 classes and 0 folders.
[2020.06.08-12.37.14:965][  0]LogContentBrowser: Native class hierarchy updated for 'AddContentDialog' in 0.0004 seconds. Added 0 classes and 0 folders.
[2020.06.08-12.37.15:041][  0]LogContentBrowser: Native class hierarchy updated for 'SceneOutliner' in 0.0004 seconds. Added 1 classes and 2 folders.
[2020.06.08-12.37.15:272][  0]LogSlate: Took 0.129498 seconds to synchronously load lazily loaded font '../../../Engine/Content/Slate/Fonts/Roboto-Regular.ttf' (155K)
[2020.06.08-12.37.15:315][  0]LogSlate: Took 0.036831 seconds to synchronously load lazily loaded font '../../../Engine/Content/Slate/Fonts/Roboto-Bold.ttf' (160K)
[2020.06.08-12.37.15:339][  0]LogSlate: Took 0.019617 seconds to synchronously load lazily loaded font '../../../Engine/Content/Editor/Slate/Fonts/FontAwesome.ttf' (139K)
[2020.06.08-12.37.15:495][  0]LogRenderer: Reallocating scene render targets to support 756x652 Format 10 NumSamples 1 (Frame:1).
[2020.06.08-12.37.15:838][  0]LogContentBrowser: Native class hierarchy updated for 'HierarchicalLODOutliner' in 0.0004 seconds. Added 0 classes and 0 folders.
[2020.06.08-12.37.15:838][  0]LogLoad: (Engine Initialization) Total time: 192.96 seconds
[2020.06.08-12.37.15:838][  0]LogLoad: (Engine Initialization) Total Blueprint compile time: 0.00 seconds
[2020.06.08-12.37.15:879][  0]LogContentStreaming: Texture pool size now 1000 MB
[2020.06.08-12.37.15:926][  0]LogSlate: Took 0.011306 seconds to synchronously load lazily loaded font '../../../Engine/Content/Slate/Fonts/Roboto-Light.ttf' (167K)
[2020.06.08-12.37.16:067][  2]LogAssetRegistry: Asset discovery search completed in 86.2673 seconds
[2020.06.08-12.37.16:073][  2]LogCollectionManager: Rebuilt the object cache for 0 collections in 0.000000 seconds (found 0 objects)
[2020.06.08-12.37.16:073][  2]LogCollectionManager: Fixed up redirectors for 0 collections in 0.000127 seconds (updated 0 objects)
[2020.06.08-12.37.17:394][  6]LogSlate: Took 0.000345 seconds to synchronously load lazily loaded font '../../../Engine/Content/Slate/Fonts/Roboto-Light.ttf' (167K)
[2020.06.08-12.37.23:774][ 26]LogSlate: FSceneViewport::OnFocusLost() reason 0
[2020.06.08-12.37.26:822][178]LogSlate: FSceneViewport::OnFocusLost() reason 0
[2020.06.08-12.38.36:638][213]LogAssetEditorManager: Opening Asset editor for Blueprint /Game/BluePrints/BPP_Arma.BPP_Arma
[2020.06.08-12.38.38:566][213]LogContentBrowser: Native class hierarchy updated for 'BlueprintGraph' in 0.0010 seconds. Added 116 classes and 0 folders.
[2020.06.08-12.38.40:883][213]LogSlate: Took 0.012039 seconds to synchronously load lazily loaded font '../../../Engine/Content/Slate/Fonts/Roboto-BoldCondensed.ttf' (158K)
[2020.06.08-12.38.41:364][214]LogSlate: Took 0.021079 seconds to synchronously load lazily loaded font '../../../Engine/Content/Slate/Fonts/Roboto-Italic.ttf' (157K)
[2020.06.08-12.38.45:156][487]LogAssetEditorManager: Opening Asset editor for Blueprint /Game/BluePrints/BP_Pistola.BP_Pistola
[2020.06.08-12.39.16:569][493]LogAssetEditorManager: Opening Asset editor for Blueprint /Game/BluePrints/BP_RifleAsalto.BP_RifleAsalto
[2020.06.08-12.39.17:314][494]LogD3D11RHI: Error: agsDriverExtensionsDX11_SetDepthBounds(1,0.000000, 1.000000) returned error code 2. **********PLEASE UPDATE YOUR VIDEO DRIVERS*********
[2020.06.08-12.39.19:891][592]LogRenderer: Reallocating scene render targets to support 792x652 Format 10 NumSamples 1 (Frame:65).
[2020.06.08-12.39.20:212][622]LogSlate: Window 'BP_RifleAsalto*' being destroyed
[2020.06.08-12.42.39:703][999]BlueprintLog: New page: Compile BP_Pistola
[2020.06.08-12.42.41:147][123]Cmd: OBJ SAVEPACKAGE PACKAGE="/Game/BluePrints/BP_Pistola" FILE="../../../../../../Users/Dell Inspiron 5548/Documents/Unreal Projects/BattleRoyalGravity/Content/BluePrints/BP_Pistola.uasset" SILENT=true
[2020.06.08-12.42.41:216][123]LogSavePackage: Moving '../../../../../../Users/Dell Inspiron 5548/Documents/Unreal Projects/BattleRoyalGravity/Saved/BP_Pistola0E55AF8D4D813B7DE5C456BCE18C0B9F.tmp' to '../../../../../../Users/Dell Inspiron 5548/Documents/Unreal Projects/BattleRoyalGravity/Content/BluePrints/BP_Pistola.uasset'
[2020.06.08-12.42.43:391][312]BlueprintLog: New page: Compile BP_RifleAsalto
[2020.06.08-12.42.44:135][349]LogSavePackage: Moving '../../../../../../Users/Dell Inspiron 5548/Documents/Unreal Projects/BattleRoyalGravity/Saved/BP_RifleAsaltoB84C36F3460D0465352F1F9F27AF03E7.tmp' to '../../../../../../Users/Dell Inspiron 5548/Documents/Unreal Projects/BattleRoyalGravity/Content/BluePrints/BP_RifleAsalto.uasset'
[2020.06.08-12.43.04:529][436]LogAssetEditorManager: Opening Asset editor for Blueprint /Game/BluePrints/BP_Sniper.BP_Sniper
[2020.06.08-12.44.21:583][660]BlueprintLog: New page: Compile BP_Sniper
[2020.06.08-12.44.22:406][695]Cmd: OBJ SAVEPACKAGE PACKAGE="/Game/BluePrints/BP_Sniper" FILE="../../../../../../Users/Dell Inspiron 5548/Documents/Unreal Projects/BattleRoyalGravity/Content/BluePrints/BP_Sniper.uasset" SILENT=true
[2020.06.08-12.44.22:443][695]LogSavePackage: Moving '../../../../../../Users/Dell Inspiron 5548/Documents/Unreal Projects/BattleRoyalGravity/Saved/BP_SniperAA2477714AC653D73022D99E0783432A.tmp' to '../../../../../../Users/Dell Inspiron 5548/Documents/Unreal Projects/BattleRoyalGravity/Content/BluePrints/BP_Sniper.uasset'
[2020.06.08-12.44.48:928][869]LogAssetEditorManager: Opening Asset editor for Blueprint /Game/BluePrints/PickUp/BP_Salud_Pickup.BP_Salud_Pickup
[2020.06.08-12.47.10:152][424]LogSlate: Took 0.017428 seconds to synchronously load lazily loaded font '../../../Engine/Content/Slate/Fonts/Roboto-BoldCondensedItalic.ttf' (160K)
[2020.06.08-12.47.13:600][650]BlueprintLog: New page: Compile BP_Salud_Pickup
[2020.06.08-12.47.59:931][241]BlueprintLog: New page: Compile BP_Salud_Pickup
[2020.06.08-12.48.00:905][276]LogSavePackage: Moving '../../../../../../Users/Dell Inspiron 5548/Documents/Unreal Projects/BattleRoyalGravity/Saved/BP_Salud_PickupF9E8844C4005723C2BF80095D2137913.tmp' to '../../../../../../Users/Dell Inspiron 5548/Documents/Unreal Projects/BattleRoyalGravity/Content/BluePrints/PickUp/BP_Salud_Pickup.uasset'
[2020.06.08-12.48.46:900][438]LogAssetEditorManager: Opening Asset editor for Blueprint /Game/BluePrints/PickUp/BP_Balas_Pickup.BP_Balas_Pickup
[2020.06.08-12.50.18:733][844]BlueprintLog: New page: Compile BP_Balas_Pickup
[2020.06.08-12.50.19:450][870]LogSavePackage: Moving '../../../../../../Users/Dell Inspiron 5548/Documents/Unreal Projects/BattleRoyalGravity/Saved/BP_Balas_Pickup67268847433237D39DCB029D4FF2F741.tmp' to '../../../../../../Users/Dell Inspiron 5548/Documents/Unreal Projects/BattleRoyalGravity/Content/BluePrints/PickUp/BP_Balas_Pickup.uasset'
[2020.06.08-12.50.39:168][ 68]BlueprintLog: New page: Compile BP_Balas_Pickup
[2020.06.08-12.50.39:917][103]LogSavePackage: Moving '../../../../../../Users/Dell Inspiron 5548/Documents/Unreal Projects/BattleRoyalGravity/Saved/BP_Balas_Pickup838505684C80301291E3B289667711E1.tmp' to '../../../../../../Users/Dell Inspiron 5548/Documents/Unreal Projects/BattleRoyalGravity/Content/BluePrints/PickUp/BP_Balas_Pickup.uasset'
[2020.06.08-12.50.52:319][884]BlueprintLog: New page: Compile BP_Salud_Pickup
[2020.06.08-12.50.53:053][914]LogSavePackage: Moving '../../../../../../Users/Dell Inspiron 5548/Documents/Unreal Projects/BattleRoyalGravity/Saved/BP_Salud_Pickup77BC856E40C1064483913DA37765DF8D.tmp' to '../../../../../../Users/Dell Inspiron 5548/Documents/Unreal Projects/BattleRoyalGravity/Content/BluePrints/PickUp/BP_Salud_Pickup.uasset'
[2020.06.08-12.51.38:432][740]LogAssetEditorManager: Opening Asset editor for Blueprint /Game/BluePrints/PickUp/BP_Arma_Pickup_Sniper.BP_Arma_Pickup_Sniper
[2020.06.08-12.52.35:942][727]LogSlate: FSceneViewport::OnFocusLost() reason 0
[2020.06.08-12.52.48:615][387]LogAssetEditorManager: Opening Asset editor for SkeletalMesh /Game/PrototypeWeap/Prototype_SniperRifle.Prototype_SniperRifle
[2020.06.08-12.52.48:691][387]LogContentBrowser: Native class hierarchy updated for 'SkeletonEditor' in 0.0004 seconds. Added 1 classes and 2 folders.
[2020.06.08-12.52.49:502][387]LogActorComponent: RegisterComponentWithWorld: (/Engine/Transient.World_8:PersistentLevel.AnimationEditorPreviewActor_0.DebugSkelMeshComponent_0) Already registered. Aborting.
[2020.06.08-12.52.49:557][387]LogContentBrowser: Native class hierarchy updated for 'PinnedCommandList' in 0.0004 seconds. Added 1 classes and 0 folders.
[2020.06.08-12.52.49:733][387]LogSkeletalMesh: USkeletalMeshComponent::InitArticulated : Bodies already created (/Engine/Transient.World_8:PersistentLevel.AnimationEditorPreviewActor_0.DebugSkelMeshComponent_0) - call TermArticulated first.
[2020.06.08-12.52.50:361][387]LogContentBrowser: Native class hierarchy updated for 'ClothingSystemEditorInterface' in 0.0004 seconds. Added 1 classes and 0 folders.
[2020.06.08-12.52.50:418][388]LogRenderer: Reallocating scene render targets to support 808x652 Format 10 NumSamples 1 (Frame:1).
[2020.06.08-12.53.03:399][912]LogSlate: FSceneViewport::OnFocusLost() reason 0
[2020.06.08-12.53.23:213][915]LogSlate: Window 'Choose New StaticMesh Location' being destroyed
[2020.06.08-12.53.23:533][915]LogStaticMesh: Building static mesh StaticMesh...
[2020.06.08-12.53.23:671][915]LogStaticMesh: Built static mesh [0.14s] /Game/GravityBP/Meshs/StaticMesh.StaticMesh
[2020.06.08-12.53.26:961][ 49]LogFileHelpers: Editor autosave (incl. sublevels) for '/Game/FirstPersonBP/Maps/FirstPersonExampleMap' took 0.078
[2020.06.08-12.53.26:966][ 49]OBJ SavePackage: Generating thumbnails for [0] asset(s) in package [/Game/BluePrints/PickUp/BP_Arma_Pickup_Sniper] ([1] browsable assets)...
[2020.06.08-12.53.26:966][ 49]OBJ SavePackage: Finished generating thumbnails for package [/Game/BluePrints/PickUp/BP_Arma_Pickup_Sniper]
[2020.06.08-12.53.26:998][ 49]LogSavePackage: Moving '../../../../../../Users/Dell Inspiron 5548/Documents/Unreal Projects/BattleRoyalGravity/Saved/BP_Arma_Pickup_Sniper_Auto180AD324744742A723D3FEEBF75ED15C4.tmp' to '../../../../../../Users/Dell Inspiron 5548/Documents/Unreal Projects/BattleRoyalGravity/Saved/Autosaves/Game/BluePrints/PickUp/BP_Arma_Pickup_Sniper_Auto1.uasset'
[2020.06.08-12.53.27:012][ 49]OBJ SavePackage: Generating thumbnails for [1] asset(s) in package [/Game/GravityBP/Meshs/StaticMesh] ([1] browsable assets)...
[2020.06.08-12.53.27:047][ 49]OBJ SavePackage:     Rendered thumbnail for [StaticMesh /Game/GravityBP/Meshs/StaticMesh.StaticMesh]
[2020.06.08-12.53.27:047][ 49]OBJ SavePackage: Finished generating thumbnails for package [/Game/GravityBP/Meshs/StaticMesh]
[2020.06.08-12.53.27:119][ 49]LogSavePackage: Moving '../../../../../../Users/Dell Inspiron 5548/Documents/Unreal Projects/BattleRoyalGravity/Saved/StaticMesh_Auto1BC32242A499260EA946ED7A25F2F92F0.tmp' to '../../../../../../Users/Dell Inspiron 5548/Documents/Unreal Projects/BattleRoyalGravity/Saved/Autosaves/Game/GravityBP/Meshs/StaticMesh_Auto1.uasset'
[2020.06.08-12.53.27:122][ 49]LogFileHelpers: Auto-saving content packages took 0.159
[2020.06.08-12.53.55:695][617]LogSlate: FSceneViewport::OnFocusLost() reason 0
[2020.06.08-12.54.18:633][621]LogSavePackage: Moving '../../../../../../Users/Dell Inspiron 5548/Documents/Unreal Projects/BattleRoyalGravity/Saved/SniperMesh9F0817664322C5B9CBA4FEBF4E4DE792.tmp' to '../../../../../../Users/Dell Inspiron 5548/Documents/Unreal Projects/BattleRoyalGravity/Content/GravityBP/Meshs/SniperMesh.uasset'
[2020.06.08-12.54.36:260][646]LogSlate: FSceneViewport::OnFocusLost() reason 0
[2020.06.08-12.54.36:349][652]BlueprintLog: New page: Compile BP_Arma_Pickup_Sniper
[2020.06.08-12.54.37:197][678]LogSavePackage: Moving '../../../../../../Users/Dell Inspiron 5548/Documents/Unreal Projects/BattleRoyalGravity/Saved/BP_Arma_Pickup_Sniper52C3589D4CA49C4DC35B15A596D7408F.tmp' to '../../../../../../Users/Dell Inspiron 5548/Documents/Unreal Projects/BattleRoyalGravity/Content/BluePrints/PickUp/BP_Arma_Pickup_Sniper.uasset'
[2020.06.08-12.55.16:579][494]LogSkeletalMesh: Building Skeletal Mesh Prototype_AssaultRifle...
[2020.06.08-12.55.16:615][494]LogSkeletalMesh: Built Skeletal Mesh [0.04s] /Game/PrototypeWeap/Prototype_AssaultRifle.Prototype_AssaultRifle
[2020.06.08-12.55.16:620][494]LogMaterial: Display: Missing cached shader map for material M_Master, compiling. 
[2020.06.08-12.55.16:827][494]LogShaderCompilers: Display: Shaders left to compile 60
[2020.06.08-12.55.16:827][494]LogShaderCompilers: Display: Shaders left to compile 50
[2020.06.08-12.55.16:827][494]LogShaderCompilers: Display: Shaders left to compile 40
[2020.06.08-12.55.16:853][494]LogAssetEditorManager: Opening Asset editor for SkeletalMesh /Game/PrototypeWeap/Prototype_AssaultRifle.Prototype_AssaultRifle
[2020.06.08-12.55.16:877][494]LogActorComponent: RegisterComponentWithWorld: (/Engine/Transient.World_14:PersistentLevel.AnimationEditorPreviewActor_0.DebugSkelMeshComponent_0) Already registered. Aborting.
[2020.06.08-12.55.16:942][494]LogSkeletalMesh: USkeletalMeshComponent::InitArticulated : Bodies already created (/Engine/Transient.World_14:PersistentLevel.AnimationEditorPreviewActor_0.DebugSkelMeshComponent_0) - call TermArticulated first.
[2020.06.08-12.55.23:338][686]LogSlate: FSceneViewport::OnFocusLost() reason 0
[2020.06.08-12.55.31:139][690]LogShaderCompilers: Display: Shaders left to compile 30
[2020.06.08-12.55.32:872][690]LogShaderCompilers: Display: Shaders left to compile 20
[2020.06.08-12.55.35:083][690]LogSlate: Window 'Choose New StaticMesh Location' being destroyed
[2020.06.08-12.55.35:218][690]LogStaticMesh: Building static mesh RifleMesh...
[2020.06.08-12.55.35:462][690]LogStaticMesh: Built static mesh [0.28s] /Game/GravityBP/Meshs/RifleMesh.RifleMesh
[2020.06.08-12.55.42:166][888]LogSlate: FSceneViewport::OnFocusLost() reason 0
[2020.06.08-12.55.42:661][893]LogShaderCompilers: Display: Shaders left to compile 10
[2020.06.08-12.55.55:607][387]LogSavePackage: Moving '../../../../../../Users/Dell Inspiron 5548/Documents/Unreal Projects/BattleRoyalGravity/Saved/RifleMeshCE040A7B4DFC47B044C335B1C2137A07.tmp' to '../../../../../../Users/Dell Inspiron 5548/Documents/Unreal Projects/BattleRoyalGravity/Content/GravityBP/Meshs/RifleMesh.uasset'
[2020.06.08-12.56.19:758][475]LogAssetEditorManager: Opening Asset editor for Blueprint /Game/BluePrints/PickUp/BP_Arma_Pickup_Rifle.BP_Arma_Pickup_Rifle
[2020.06.08-12.56.23:532][623]LogSlate: Prevented a slow task dialog from being summoned while a context menu was open
