Log file open, 06/08/20 23:22:54
LogWindows: Failed to load 'aqProf.dll' (GetLastError=126)
LogWindows: File 'aqProf.dll' does not exist
LogWindows: Failed to load 'VSPerf140.dll' (GetLastError=126)
LogWindows: File 'VSPerf140.dll' does not exist
LogWindows: Failed to load 'VtuneApi.dll' (GetLastError=126)
LogWindows: File 'VtuneApi.dll' does not exist
LogWindows: Failed to load 'VtuneApi32e.dll' (GetLastError=126)
LogWindows: File 'VtuneApi32e.dll' does not exist
LogInit: Display: Running engine for game: BattleRoyalGravity
LogPlatformFile: Not using cached read wrapper
LogTaskGraph: Started task graph with 5 named threads and 11 total threads with 3 sets of task threads.
LogStats: Stats thread started at 3.670121
LogD3D11RHI: Loaded GFSDK_Aftermath_Lib.x64.dll
LogICUInternationalization: Display: ICU TimeZone Detection - Raw Offset: -6:00, Platform Override: ''
LogPluginManager: Mounting plugin Paper2D
LogPluginManager: Mounting plugin AISupport
LogPluginManager: Mounting plugin LightPropagationVolume
LogPluginManager: Mounting plugin CLionSourceCodeAccess
LogPluginManager: Mounting plugin CodeLiteSourceCodeAccess
LogPluginManager: Mounting plugin GitSourceControl
LogPluginManager: Mounting plugin KDevelopSourceCodeAccess
LogPluginManager: Mounting plugin NullSourceCodeAccess
LogPluginManager: Mounting plugin PerforceSourceControl
LogPluginManager: Mounting plugin SubversionSourceControl
LogPluginManager: Mounting plugin UObjectPlugin
LogPluginManager: Mounting plugin VisualStudioCodeSourceCodeAccess
LogPluginManager: Mounting plugin VisualStudioSourceCodeAccess
LogPluginManager: Mounting plugin XCodeSourceCodeAccess
LogPluginManager: Mounting plugin AssetManagerEditor
LogPluginManager: Mounting plugin CryptoKeys
LogPluginManager: Mounting plugin DataValidation
LogPluginManager: Mounting plugin FacialAnimation
LogPluginManager: Mounting plugin GameplayTagsEditor
LogPluginManager: Mounting plugin MacGraphicsSwitching
LogPluginManager: Mounting plugin MeshEditor
LogPluginManager: Mounting plugin MobileLauncherProfileWizard
LogPluginManager: Mounting plugin PluginBrowser
LogPluginManager: Mounting plugin SpeedTreeImporter
LogPluginManager: Mounting plugin DatasmithContent
LogPluginManager: Mounting plugin AlembicImporter
LogPluginManager: Mounting plugin AppleImageUtils
LogPluginManager: Mounting plugin AppleVision
LogPluginManager: Mounting plugin BackChannel
LogPluginManager: Mounting plugin CharacterAI
LogPluginManager: Mounting plugin GeometryCache
LogPluginManager: Mounting plugin HTML5Networking
LogPluginManager: Mounting plugin ProxyLODPlugin
LogPluginManager: Mounting plugin MagicLeap
LogPluginManager: Mounting plugin MagicLeapEmulator
LogPluginManager: Mounting plugin MagicLeapMedia
LogPluginManager: Mounting plugin AndroidMedia
LogPluginManager: Mounting plugin AvfMedia
LogPluginManager: Mounting plugin ImgMedia
LogPluginManager: Mounting plugin LinearTimecode
LogPluginManager: Mounting plugin MediaCompositing
LogPluginManager: Mounting plugin MediaPlayerEditor
LogPluginManager: Mounting plugin WmfMedia
LogPluginManager: Mounting plugin TcpMessaging
LogPluginManager: Mounting plugin UdpMessaging
LogPluginManager: Mounting plugin ActorSequence
LogPluginManager: Mounting plugin LevelSequenceEditor
LogPluginManager: Mounting plugin MatineeToLevelSequence
LogPluginManager: Mounting plugin NetcodeUnitTest
LogPluginManager: Mounting plugin NUTUnrealEngine4
LogPluginManager: Mounting plugin OnlineSubsystemGooglePlay
LogPluginManager: Mounting plugin OnlineSubsystemIOS
LogPluginManager: Mounting plugin OnlineSubsystem
LogPluginManager: Mounting plugin OnlineSubsystemNull
LogPluginManager: Mounting plugin OnlineSubsystemUtils
LogPluginManager: Mounting plugin LauncherChunkInstaller
LogPluginManager: Mounting plugin AndroidDeviceProfileSelector
LogPluginManager: Mounting plugin AndroidMoviePlayer
LogPluginManager: Mounting plugin AndroidPermission
LogPluginManager: Mounting plugin AppleMoviePlayer
LogPluginManager: Mounting plugin ArchVisCharacter
LogPluginManager: Mounting plugin AudioCapture
LogPluginManager: Mounting plugin CableComponent
LogPluginManager: Mounting plugin CustomMeshComponent
LogPluginManager: Mounting plugin EditableMesh
LogPluginManager: Mounting plugin ExampleDeviceProfileSelector
LogPluginManager: Mounting plugin GoogleCloudMessaging
LogPluginManager: Mounting plugin ImmediatePhysics
LogPluginManager: Mounting plugin IOSDeviceProfileSelector
LogPluginManager: Mounting plugin LinuxDeviceProfileSelector
LogPluginManager: Mounting plugin LocationServicesBPLibrary
LogPluginManager: Mounting plugin MobilePatchingUtils
LogPluginManager: Mounting plugin OculusVR
LogPluginManager: Plugin shader directory ../../../Engine/Plugins/Runtime/Oculus/OculusVR/Shaders found
LogPluginManager: Mapping shader source directory ../../../Engine/Plugins/Runtime/Oculus/OculusVR/Shaders to virtual directory /Plugin/OculusVR
LogPluginManager: Mounting plugin PhysXVehicles
LogPluginManager: Mounting plugin ProceduralMeshComponent
LogPluginManager: Mounting plugin RuntimePhysXCooking
LogPluginManager: Mounting plugin SteamVR
LogPluginManager: Mounting plugin WindowsMoviePlayer
LogPluginManager: Mounting plugin FalseDirectionalGravity
LogStreaming: Display: Took  0.903s to configure plugins.
LogInit: Using libcurl 7.55.1-DEV
LogInit:  - built for x86_64-pc-win32
LogInit:  - supports SSL with OpenSSL/1.0.2h
LogInit:  - supports HTTP deflate (compression) using libz 1.2.8
LogInit:  - other features:
LogInit:      CURL_VERSION_SSL
LogInit:      CURL_VERSION_LIBZ
LogInit:      CURL_VERSION_IPV6
LogInit:      CURL_VERSION_ASYNCHDNS
LogInit:      CURL_VERSION_LARGEFILE
LogInit:      CURL_VERSION_IDN
LogInit:  CurlRequestOptions (configurable via config and command line):
LogInit:  - bVerifyPeer = false  - Libcurl will NOT verify peer certificate
LogInit:  - bUseHttpProxy = false  - Libcurl will NOT use HTTP proxy
LogInit:  - bDontReuseConnections = false  - Libcurl will reuse connections
LogInit:  - CertBundlePath = nullptr  - Libcurl will use whatever was configured at build time.
LogInit:  - MaxHostConnections = 16  - Libcurl will limit the number of connections to a host
LogInit:  - LocalHostAddr = Default
LogInit:  - BufferSize = 65536
LogInit: WinSock: version 1.1 (2.2), MaxSocks=32767, MaxUdp=65467
LogInit: Build: ++UE4+Release-4.20-CL-4369336
LogInit: Engine Version: 4.20.3-4369336+++UE4+Release-4.20
LogInit: Compatible Engine Version: 4.20.0-4212847+++UE4+Release-4.20
LogInit: Net CL: 4212847
LogInit: OS: Windows 10 (), CPU: Intel(R) Core(TM) i7-5500U CPU @ 2.40GHz, GPU: Intel(R) HD Graphics 5500
LogInit: Compiled (64-bit): Sep 17 2018 12:26:19
LogInit: Compiled with Visual C++: 19.13.26129.00
LogInit: Build Configuration: Development
LogInit: Branch Name: ++UE4+Release-4.20
LogInit: Command Line:  
LogInit: Base Directory: C:/Program Files/Epic Games/UE_4.20/Engine/Binaries/Win64/
LogInit: Installed Engine Build: 1
LogDevObjectVersion: Number of dev versions registered: 20
LogDevObjectVersion:   Dev-Blueprints (B0D832E4-1F89-4F0D-ACCF-7EB736FD4AA2): 10
LogDevObjectVersion:   Dev-Build (E1C64328-A22C-4D53-A36C-8E866417BD8C): 0
LogDevObjectVersion:   Dev-Core (375EC13C-06E4-48FB-B500-84F0262A717E): 2
LogDevObjectVersion:   Dev-Editor (E4B068ED-F494-42E9-A231-DA0B2E46BB41): 24
LogDevObjectVersion:   Dev-Framework (CFFC743F-43B0-4480-9391-14DF171D2073): 34
LogDevObjectVersion:   Dev-Mobile (B02B49B5-BB20-44E9-A304-32B752E40360): 2
LogDevObjectVersion:   Dev-Networking (A4E4105C-59A1-49B5-A7C5-40C4547EDFEE): 0
LogDevObjectVersion:   Dev-Online (39C831C9-5AE6-47DC-9A44-9C173E1C8E7C): 0
LogDevObjectVersion:   Dev-Physics (78F01B33-EBEA-4F98-B9B4-84EACCB95AA2): 0
LogDevObjectVersion:   Dev-Platform (6631380F-2D4D-43E0-8009-CF276956A95A): 0
LogDevObjectVersion:   Dev-Rendering (12F88B9F-8875-4AFC-A67C-D90C383ABD29): 26
LogDevObjectVersion:   Dev-Sequencer (7B5AE74C-D270-4C10-A958-57980B212A5A): 9
LogDevObjectVersion:   Dev-VR (D7296918-1DD6-4BDD-9DE2-64A83CC13884): 2
LogDevObjectVersion:   Dev-LoadTimes (C2A15278-BFE7-4AFE-6C17-90FF531DF755): 1
LogDevObjectVersion:   Private-Geometry (6EACA3D4-40EC-4CC1-B786-8BED09428FC5): 3
LogDevObjectVersion:   Dev-AnimPhys (29E575DD-E0A3-4627-9D10-D276232CDCEA): 17
LogDevObjectVersion:   Dev-ReflectionCapture (6B266CEC-1EC7-4B8F-A30B-E4D90942FC07): 1
LogDevObjectVersion:   Dev-Automation (0DF73D61-A23F-47EA-B727-89E90C41499A): 1
LogDevObjectVersion:   FortniteMain (601D1886-AC64-4F84-AA16-D3DE0DEAC7D6): 12
LogDevObjectVersion:   Dev-Enterprise (9DFFBCD6-494F-0158-E221-12823C92A888): 1
LogStreaming: Display: Took  0.093s to delete old logs.
LogInit: Presizing for max 8388607 objects, including 0 objects not considered by GC, pre-allocating 0 bytes for permanent pool.
LogInit: Object subsystem initialized
[2020.06.09-04.22.57:534][  0]LogInit: Selected Device Profile: [Windows]
[2020.06.09-04.22.57:534][  0]LogInit: Applying CVar settings loaded from the selected device profile: [Windows]
[2020.06.09-04.22.57:659][  0]LogHAL: Display: Platform has ~ 8 GB [8500240384 / 8589934592 / 8], which maps to Default [LargestMinGB=32, LargerMinGB=12, DefaultMinGB=8, SmallerMinGB=6, SmallestMinGB=0)
[2020.06.09-04.22.57:659][  0]LogInit: Setting Device Profile CVar: [[r.Vulkan.UseRealUBs:1]]
[2020.06.09-04.22.57:675][  0]LogInit: Going up to parent DeviceProfile []
[2020.06.09-04.22.57:735][  0]LogInit: Computer: DESKTOP-TMVGJ7Q
[2020.06.09-04.22.57:735][  0]LogInit: User: FernanD02
[2020.06.09-04.22.57:735][  0]LogInit: CPU Page size=4096, Cores=2
[2020.06.09-04.22.57:735][  0]LogInit: High frequency timer resolution =10.000000 MHz
[2020.06.09-04.22.57:735][  0]LogMemory: Memory total: Physical=7.9GB (8GB approx)
[2020.06.09-04.22.57:735][  0]LogMemory: Platform Memory Stats for Windows
[2020.06.09-04.22.57:735][  0]LogMemory: Process Physical Memory: 101.62 MB used, 101.62 MB peak
[2020.06.09-04.22.57:736][  0]LogMemory: Process Virtual Memory: 95.52 MB used, 95.52 MB peak
[2020.06.09-04.22.57:736][  0]LogMemory: Physical Memory: 2264.46 MB used,  5842.00 MB free, 8106.46 MB total
[2020.06.09-04.22.57:736][  0]LogMemory: Virtual Memory: 4620.86 MB used,  5842.00 MB free, 134217728.00 MB total
[2020.06.09-04.22.58:167][  0]LogInit: Overriding language with editor language configuration option (en).
[2020.06.09-04.22.58:168][  0]LogInit: Overriding locale with editor locale configuration option (en).
[2020.06.09-04.22.59:328][  0]LogStreaming: Display: Took  1.159s to InitEngineTextLocalization.
[2020.06.09-04.22.59:328][  0]LogInit: Setting process to per monitor DPI aware
[2020.06.09-04.22.59:934][  0]LogSlate: New Slate User Created.  User Index 0, Is Virtual User: 0
[2020.06.09-04.22.59:934][  0]LogSlate: Slate User Registered.  User Index 0, Is Virtual User: 0
[2020.06.09-04.23.04:335][  0]LogHMD: Failed to initialize OpenVR with code 110
[2020.06.09-04.23.04:335][  0]LogD3D11RHI: D3D11 adapters:
[2020.06.09-04.23.04:344][  0]LogD3D11RHI:    0. 'Intel(R) HD Graphics 5500' (Feature Level 11_0)
[2020.06.09-04.23.04:344][  0]LogD3D11RHI:       128/0/4053 MB DedicatedVideo/DedicatedSystem/SharedSystem, Outputs:2, VendorId:0x8086
[2020.06.09-04.23.05:876][  0]LogD3D11RHI:    1. 'AMD Radeon R7 M270' (Feature Level 11_0)
[2020.06.09-04.23.05:876][  0]LogD3D11RHI:       4076/0/4053 MB DedicatedVideo/DedicatedSystem/SharedSystem, Outputs:0, VendorId:0x1002
[2020.06.09-04.23.05:886][  0]LogD3D11RHI:    2. 'Microsoft Basic Render Driver' (Feature Level 11_0)
[2020.06.09-04.23.05:886][  0]LogD3D11RHI:       0/0/4053 MB DedicatedVideo/DedicatedSystem/SharedSystem, Outputs:0, VendorId:0x1414
[2020.06.09-04.23.05:886][  0]LogD3D11RHI: Chosen D3D11 Adapter: 1
[2020.06.09-04.23.05:908][  0]LogD3D11RHI: Creating new Direct3DDevice
[2020.06.09-04.23.05:908][  0]LogD3D11RHI:     GPU DeviceId: 0x6604 (for the marketing name, search the web for "GPU Device Id")
[2020.06.09-04.23.05:909][  0]LogWindows: EnumDisplayDevices:
[2020.06.09-04.23.05:909][  0]LogWindows:    0. 'Intel(R) HD Graphics 5500' (P:1 D:1)
[2020.06.09-04.23.05:909][  0]LogWindows:    1. 'Intel(R) HD Graphics 5500' (P:0 D:1)
[2020.06.09-04.23.05:910][  0]LogWindows:    2. 'Intel(R) HD Graphics 5500' (P:0 D:0)
[2020.06.09-04.23.05:910][  0]LogWindows:    3. 'AMD Radeon R7 M270' (P:0 D:0)
[2020.06.09-04.23.05:911][  0]LogWindows:    4. 'AMD Radeon R7 M270' (P:0 D:0)
[2020.06.09-04.23.05:912][  0]LogWindows:    5. 'AMD Radeon R7 M270' (P:0 D:0)
[2020.06.09-04.23.05:912][  0]LogWindows:    6. 'AMD Radeon R7 M270' (P:0 D:0)
[2020.06.09-04.23.05:912][  0]LogWindows:    7. 'AMD Radeon R7 M270' (P:0 D:0)
[2020.06.09-04.23.05:913][  0]LogWindows:    8. 'AMD Radeon R7 M270' (P:0 D:0)
[2020.06.09-04.23.05:913][  0]LogWindows:    9. 'AMD Radeon R7 M270' (P:0 D:0)
[2020.06.09-04.23.05:914][  0]LogWindows:    10. 'AMD Radeon R7 M270' (P:0 D:0)
[2020.06.09-04.23.05:914][  0]LogWindows:    11. 'AMD Radeon R7 M270' (P:0 D:0)
[2020.06.09-04.23.05:915][  0]LogWindows:    12. 'AMD Radeon R7 M270' (P:0 D:0)
[2020.06.09-04.23.05:915][  0]LogWindows:    13. 'AMD Radeon R7 M270' (P:0 D:0)
[2020.06.09-04.23.05:915][  0]LogWindows:    14. 'AMD Radeon R7 M270' (P:0 D:0)
[2020.06.09-04.23.05:916][  0]LogWindows:    15. 'AMD Radeon R7 M270' (P:0 D:0)
[2020.06.09-04.23.05:916][  0]LogWindows:    16. 'AMD Radeon R7 M270' (P:0 D:0)
[2020.06.09-04.23.05:917][  0]LogWindows:    17. 'AMD Radeon R7 M270' (P:0 D:0)
[2020.06.09-04.23.05:917][  0]LogWindows:    18. 'AMD Radeon R7 M270' (P:0 D:0)
[2020.06.09-04.23.05:917][  0]LogWindows: DebugString: PrimaryIsNotTheChoosenAdapter PrimaryIsNotTheChoosenAdapter PrimaryIsNotTheChoosenAdapter FoundDriverCount:16 
[2020.06.09-04.23.05:917][  0]LogD3D11RHI:     Adapter Name: AMD Radeon R7 M270
[2020.06.09-04.23.05:917][  0]LogD3D11RHI:   Driver Version: Crimson ReLive 17.7 (internal:23.20.768.12, unified:23.20.768.12)
[2020.06.09-04.23.05:917][  0]LogD3D11RHI:      Driver Date: 10-26-2017
[2020.06.09-04.23.05:918][  0]LogRHI: Texture pool is 2853 MB (70% of 4076 MB)
[2020.06.09-04.23.06:048][  0]LogD3D11RHI: Async texture creation enabled
[2020.06.09-04.23.06:367][  0]LogD3D11RHI: GPU Timing Frequency: 27.000000 (Debug: 2 1)
[2020.06.09-04.23.06:380][  0]LogShaderCompilers: Guid format shader working directory is -28 characters bigger than the processId version (../../../../../../Users/Dell Inspiron 5548/Documents/Unreal Projects/BattleRoyalGravity/Intermediate/Shaders/WorkingDirectory/7496/).
[2020.06.09-04.23.06:381][  0]LogShaderCompilers: Cleaned the shader compiler working directory 'C:/Users/Dell Inspiron 5548/AppData/Local/Temp/UnrealShaderWorkingDir/211DCD6A4F8C3399DD311889C3DAED21/'.
[2020.06.09-04.23.07:879][  0]LogTemp: Display: Loaded TP AllDesktopTargetPlatform
[2020.06.09-04.23.07:968][  0]LogTemp: Display: Loaded TP MacClientTargetPlatform
[2020.06.09-04.23.08:008][  0]LogTemp: Display: Loaded TP MacNoEditorTargetPlatform
[2020.06.09-04.23.08:048][  0]LogTemp: Display: Loaded TP MacServerTargetPlatform
[2020.06.09-04.23.08:104][  0]LogTemp: Display: Loaded TP MacTargetPlatform
[2020.06.09-04.23.08:156][  0]LogTemp: Display: Loaded TP WindowsClientTargetPlatform
[2020.06.09-04.23.08:206][  0]LogTemp: Display: Loaded TP WindowsNoEditorTargetPlatform
[2020.06.09-04.23.08:232][  0]LogTemp: Display: Loaded TP WindowsServerTargetPlatform
[2020.06.09-04.23.08:257][  0]LogTemp: Display: Loaded TP WindowsTargetPlatform
[2020.06.09-04.23.08:406][  0]LogTemp: Display: Loaded TP AndroidTargetPlatform
[2020.06.09-04.23.08:406][  0]LogTemp: Display: Loaded TP AndroidTargetPlatform
[2020.06.09-04.23.08:406][  0]LogTemp: Display: Loaded TP AndroidTargetPlatform
[2020.06.09-04.23.08:406][  0]LogTemp: Display: Loaded TP AndroidTargetPlatform
[2020.06.09-04.23.08:406][  0]LogTemp: Display: Loaded TP AndroidTargetPlatform
[2020.06.09-04.23.08:406][  0]LogTemp: Display: Loaded TP AndroidTargetPlatform
[2020.06.09-04.23.08:406][  0]LogTemp: Display: Loaded TP AndroidTargetPlatform
[2020.06.09-04.23.08:406][  0]LogTemp: Display: Loaded TP AndroidTargetPlatform
[2020.06.09-04.23.08:406][  0]LogTemp: Display: Loaded TP AndroidTargetPlatform
[2020.06.09-04.23.08:406][  0]LogTemp: Display: Loaded TP AndroidTargetPlatform
[2020.06.09-04.23.08:406][  0]LogTemp: Display: Loaded TP AndroidTargetPlatform
[2020.06.09-04.23.08:406][  0]LogTemp: Display: Loaded TP AndroidTargetPlatform
[2020.06.09-04.23.08:406][  0]LogTemp: Display: Loaded TP AndroidTargetPlatform
[2020.06.09-04.23.08:406][  0]LogTemp: Display: Loaded TP AndroidTargetPlatform
[2020.06.09-04.23.08:406][  0]LogTemp: Display: Loaded TP AndroidTargetPlatform
[2020.06.09-04.23.08:406][  0]LogTemp: Display: Loaded TP AndroidTargetPlatform
[2020.06.09-04.23.08:406][  0]LogTemp: Display: Loaded TP AndroidTargetPlatform
[2020.06.09-04.23.08:406][  0]LogTemp: Display: Loaded TP AndroidTargetPlatform
[2020.06.09-04.23.08:504][  0]LogTemp: Display: Loaded TP HTML5TargetPlatform
[2020.06.09-04.23.08:699][  0]LogTemp: Display: Loaded TP IOSTargetPlatform
[2020.06.09-04.23.08:699][  0]LogTemp: Display: Loaded TP IOSTargetPlatform
[2020.06.09-04.23.08:736][  0]LogTemp: Display: Loaded TP TVOSTargetPlatform
[2020.06.09-04.23.08:736][  0]LogTemp: Display: Loaded TP TVOSTargetPlatform
[2020.06.09-04.23.08:756][  0]LogTemp: Display: Loaded TP LinuxClientTargetPlatform
[2020.06.09-04.23.08:854][  0]LogTemp: Display: Loaded TP LinuxNoEditorTargetPlatform
[2020.06.09-04.23.08:886][  0]LogTemp: Display: Loaded TP LinuxServerTargetPlatform
[2020.06.09-04.23.08:925][  0]LogTemp: Display: Loaded TP LinuxTargetPlatform
[2020.06.09-04.23.08:951][  0]LogTemp: Display: Loaded TP LuminTargetPlatform
[2020.06.09-04.23.08:951][  0]LogTargetPlatformManager: Display: Building Assets For Windows
[2020.06.09-04.23.09:957][  0]LogXGEController: Cleaning working directory: C:/Users/Dell Inspiron 5548/AppData/Local/Temp/UnrealXGEWorkingDir/
[2020.06.09-04.23.09:957][  0]LogXGEController: Cannot use XGE Controller as Incredibuild is not installed on this machine.
[2020.06.09-04.23.09:957][  0]LogShaderCompilers: Cannot use XGE Shader Compiler as Incredibuild is not installed on this machine.
[2020.06.09-04.23.09:958][  0]LogShaderCompilers: Display: Using Local Shader Compiler.
[2020.06.09-04.23.14:137][  0]LogDerivedDataCache: Display: Max Cache Size: 512 MB
[2020.06.09-04.23.31:993][  0]LogDerivedDataCache: Loaded boot cache 17.74s 71MB C:/Users/Dell Inspiron 5548/AppData/Local/UnrealEngine/4.20/DerivedDataCache/Boot.ddc.
[2020.06.09-04.23.31:993][  0]LogDerivedDataCache: Display: Loaded Boot cache: C:/Users/Dell Inspiron 5548/AppData/Local/UnrealEngine/4.20/DerivedDataCache/Boot.ddc
[2020.06.09-04.23.31:993][  0]LogDerivedDataCache: FDerivedDataBackendGraph:  Pak pak cache file ../../../../../../Users/Dell Inspiron 5548/Documents/Unreal Projects/BattleRoyalGravity/DerivedDataCache/DDC.ddp not found, will not use a pak cache.
[2020.06.09-04.23.31:993][  0]LogDerivedDataCache: Unable to find inner node Pak for hierarchical cache Hierarchy.
[2020.06.09-04.23.31:993][  0]LogDerivedDataCache: FDerivedDataBackendGraph:  CompressedPak pak cache file ../../../../../../Users/Dell Inspiron 5548/Documents/Unreal Projects/BattleRoyalGravity/DerivedDataCache/Compressed.ddp not found, will not use a pak cache.
[2020.06.09-04.23.31:993][  0]LogDerivedDataCache: Unable to find inner node CompressedPak for hierarchical cache Hierarchy.
[2020.06.09-04.23.32:172][  0]LogDerivedDataCache: Display: Pak cache opened for reading ../../../Engine/DerivedDataCache/Compressed.ddp.
[2020.06.09-04.23.32:185][  0]LogDerivedDataCache: Using Local data cache path C:/Users/Dell Inspiron 5548/AppData/Local/UnrealEngine/Common/DerivedDataCache: Writable
[2020.06.09-04.23.32:185][  0]LogDerivedDataCache: Shared data cache path not found in *engine.ini, will not use an Shared cache.
[2020.06.09-04.23.32:185][  0]LogDerivedDataCache: Unable to find inner node Shared for hierarchical cache Hierarchy.
[2020.06.09-04.23.32:493][  0]LogMaterial: Verifying Global Shaders for PCD3D_SM5
[2020.06.09-04.23.32:540][  0]LogSlate: Using FreeType 2.6.0
[2020.06.09-04.23.32:753][  0]LogSlate: SlateFontServices - WITH_FREETYPE: 1, WITH_HARFBUZZ: 1
[2020.06.09-04.23.33:739][  0]LogAssetRegistry: FAssetRegistry took 0.1944 seconds to start up
[2020.06.09-04.23.39:709][  0]LogInit: Selected Device Profile: [Windows]
[2020.06.09-04.23.52:325][  0]LogSimplygon: Simplygon DLL not present - disabling.
[2020.06.09-04.23.53:204][  0]LogMeshReduction: Using SimplygonSwarm for distributed automatic mesh merging
[2020.06.09-04.23.53:204][  0]LogMeshReduction: Using ProxyLODMeshReduction for automatic mesh merging
[2020.06.09-04.23.53:294][  0]LogMeshReduction: Using QuadricMeshReduction for automatic static mesh reduction
[2020.06.09-04.23.53:294][  0]LogMeshReduction: No automatic skeletal mesh reduction module available
[2020.06.09-04.23.55:583][  0]LogNetVersion: BattleRoyalGravity 1.0.0, NetCL: 4212847, EngineNetVer: 5, GameNetVer: 0 (Checksum: 4043254389)
[2020.06.09-04.24.12:449][  0]LogPackageLocalizationCache: Processed 11 localized package path(s) for 1 prioritized culture(s) in 0.381830 seconds
[2020.06.09-04.24.12:475][  0]LogUObjectArray: 38425 objects as part of root set at end of initial load.
[2020.06.09-04.24.12:475][  0]LogUObjectAllocator: 6690864 out of 0 bytes used by permanent object pool.
[2020.06.09-04.24.12:475][  0]LogUObjectArray: CloseDisregardForGC: 0/0 objects in disregard for GC pool
[2020.06.09-04.25.20:852][  0]LogTcpMessaging: Initializing TcpMessaging bridge
[2020.06.09-04.25.21:191][  0]LogUdpMessaging: Initializing bridge on interface 0.0.0.0:0 to multicast group 230.0.0.1:6666.
[2020.06.09-04.25.23:459][  0]SourceControl: Source control is disabled
[2020.06.09-04.25.23:460][  0]SourceControl: Source control is disabled
[2020.06.09-04.25.23:541][  0]SourceControl: Source control is disabled
[2020.06.09-04.25.23:550][  0]SourceControl: Source control is disabled
[2020.06.09-04.25.26:148][  0]LogAndroidPermission: UAndroidPermissionCallbackProxy::GetInstance
[2020.06.09-04.25.26:444][  0]LogOcInput: OculusInput pre-init called
[2020.06.09-04.25.26:957][  0]LogEngine: Initializing Engine...
[2020.06.09-04.25.26:960][  0]LogHMD: Failed to initialize OpenVR with code 110
[2020.06.09-04.25.26:964][  0]LogStats: UGameplayTagsManager::ConstructGameplayTagTree: ImportINI prefixes -  0.001 s
[2020.06.09-04.25.26:964][  0]LogStats: UGameplayTagsManager::ConstructGameplayTagTree: Construct from data asset -  0.000 s
[2020.06.09-04.25.26:965][  0]LogStats: UGameplayTagsManager::ConstructGameplayTagTree: ImportINI -  0.000 s
[2020.06.09-04.25.26:965][  0]LogStats: UGameplayTagsManager::ConstructGameplayTagTree: GameplayTagTreeChangedEvent.Broadcast -  0.000 s
[2020.06.09-04.25.28:402][  0]LogInit: Initializing FReadOnlyCVARCache
[2020.06.09-04.25.28:714][  0]LogAIModule: Creating AISystem for world Untitled
[2020.06.09-04.25.28:901][  0]LogInit: XAudio2 using 'Altavoces / Auriculares (Realtek High Definition Audio)' : 2 channels at 48 kHz using 32 bits per sample (channel mask 0x3)
[2020.06.09-04.25.28:923][  0]LogInit: FAudioDevice initialized.
[2020.06.09-04.25.28:923][  0]LogNetVersion: Set ProjectVersion to 1.0.0.0. Version Checksum will be recalculated on next use.
[2020.06.09-04.25.29:159][  0]LogDerivedDataCache: Saved boot cache 0.24s 71MB C:/Users/Dell Inspiron 5548/AppData/Local/UnrealEngine/4.20/DerivedDataCache/Boot.ddc.
[2020.06.09-04.25.29:172][  0]LogInit: Texture streaming: Enabled
[2020.06.09-04.25.29:383][  0]LogEngineSessionManager: EngineSessionManager initialized
[2020.06.09-04.25.29:383][  0]LogEngineSessionManager: EngineSessionManager sent abnormal shutdown report. Type=AbnormalShutdown, SessionId={79B9AED0-4B8B-57D2-E208-E7B1EFA7FFF4}
[2020.06.09-04.25.29:383][  0]LogEngineSessionManager: EngineSessionManager sent abnormal shutdown report. Type=AbnormalShutdown, SessionId={1B1B043B-4138-37A5-5DA7-BC90116E20EC}
[2020.06.09-04.25.29:848][  0]LogInit: Transaction tracking system initialized
[2020.06.09-04.25.31:298][  0]BlueprintLog: New page: Editor Load
[2020.06.09-04.25.35:466][  0]LocalizationService: Localization service is disabled
[2020.06.09-04.25.42:655][  0]LogCook: Display: Max memory allowance for cook 16384mb min free memory 0mb
[2020.06.09-04.25.42:656][  0]LogCook: Display: Mobile HDR setting 1
[2020.06.09-04.25.42:657][  0]LogGameplayTags: Display: UGameplayTagsManager::DoneAddingNativeTags. DelegateIsBound: 0
[2020.06.09-04.25.42:657][  0]LogStats: UGameplayTagsManager::ConstructGameplayTagTree: ImportINI prefixes -  0.000 s
[2020.06.09-04.25.42:657][  0]LogStats: UGameplayTagsManager::ConstructGameplayTagTree: Construct from data asset -  0.000 s
[2020.06.09-04.25.42:657][  0]LogStats: UGameplayTagsManager::ConstructGameplayTagTree: ImportINI -  0.000 s
[2020.06.09-04.25.42:657][  0]LogStats: UGameplayTagsManager::ConstructGameplayTagTree: GameplayTagTreeChangedEvent.Broadcast -  0.000 s
[2020.06.09-04.25.42:944][  0]LogFileCache: Scanning file cache for directory 'C:/Users/Dell Inspiron 5548/Documents/Unreal Projects/BattleRoyalGravity/Content/' took 0.08s
[2020.06.09-04.25.51:821][  0]SourceControl: Source control is disabled
[2020.06.09-04.25.51:823][  0]Cmd: MAP LOAD FILE="../../../../../../Users/Dell Inspiron 5548/Documents/Unreal Projects/BattleRoyalGravity/Content/FirstPersonBP/Maps/FirstPersonExampleMap.umap" TEMPLATE=0 SHOWPROGRESS=1 FEATURELEVEL=3
[2020.06.09-04.25.51:854][  0]LightingResults: New page: Lighting Build
[2020.06.09-04.25.51:971][  0]MapCheck: New page: Map Check
[2020.06.09-04.25.51:971][  0]LightingResults: New page: Lighting Build
[2020.06.09-04.25.55:543][  0]LogBlueprint: Warning: [Compiler Ue4ASP_Character] InputAction Event references unknown Action 'Crouch' for  InputAction Crouch
[2020.06.09-04.25.55:555][  0]LogBlueprint: Warning: [Compiler Ue4ASP_Character] [0204.10] Compile of Ue4ASP_Character successful, but with 1 Warning(s) [in 72 ms] (/Game/AnimStarterPack/Ue4ASP_Character.Ue4ASP_Character)
[2020.06.09-04.26.07:001][  0]LogAIModule: Creating AISystem for world FirstPersonExampleMap
[2020.06.09-04.26.07:289][  0]LogEditorServer: Finished looking for orphan Actors (0.000 secs)
[2020.06.09-04.26.07:457][  0]Cmd: MAP CHECKDEP NOCLEARLOG
[2020.06.09-04.26.07:609][  0]MapCheck: Map check complete: 0 Error(s), 0 Warning(s), took 151.867ms to complete.
[2020.06.09-04.26.07:610][  0]LogFileHelpers: Loading map 'FirstPersonExampleMap' took 15.788
[2020.06.09-04.26.09:721][  0]LogSlate: Updating window title bar state: overlay mode, drag disabled, window buttons hidden, title bar hidden
[2020.06.09-04.26.09:782][  0]LogSlate: Updating window title bar state: overlay mode, drag disabled, window buttons hidden, title bar hidden
[2020.06.09-04.26.09:801][  0]LogSlate: Updating window title bar state: overlay mode, drag disabled, window buttons hidden, title bar hidden
[2020.06.09-04.26.09:818][  0]LogSlate: Updating window title bar state: overlay mode, drag disabled, window buttons hidden, title bar hidden
[2020.06.09-04.26.11:416][  0]LogCollectionManager: Loaded 0 collections in 0.007582 seconds
[2020.06.09-04.26.12:029][  0]LogFileCache: Scanning file cache for directory 'C:/Users/Dell Inspiron 5548/Documents/Unreal Projects/BattleRoyalGravity/Saved/Collections/' took 0.01s
[2020.06.09-04.26.12:029][  0]LogFileCache: Scanning file cache for directory 'C:/Users/Dell Inspiron 5548/Documents/Unreal Projects/BattleRoyalGravity/Content/Developers/FernanD02/Collections/' took 0.01s
[2020.06.09-04.26.12:029][  0]LogFileCache: Scanning file cache for directory 'C:/Users/Dell Inspiron 5548/Documents/Unreal Projects/BattleRoyalGravity/Content/Collections/' took 0.01s
[2020.06.09-04.26.12:029][  0]LogCollectionManager: Rebuilt the GUID cache for 0 collections in 0.000001 seconds
[2020.06.09-04.26.12:156][  0]LogContentBrowser: Native class hierarchy populated in 0.0861 seconds. Added 2578 classes and 606 folders.
[2020.06.09-04.26.12:316][  0]LogContentBrowser: Native class hierarchy updated for 'WidgetCarousel' in 0.0012 seconds. Added 0 classes and 0 folders.
[2020.06.09-04.26.16:753][  0]LogContentBrowser: Native class hierarchy updated for 'AddContentDialog' in 0.0009 seconds. Added 0 classes and 0 folders.
[2020.06.09-04.26.17:037][  0]LogContentBrowser: Native class hierarchy updated for 'SceneOutliner' in 0.0006 seconds. Added 1 classes and 2 folders.
[2020.06.09-04.26.17:381][  0]LogSlate: Took 0.041159 seconds to synchronously load lazily loaded font '../../../Engine/Content/Slate/Fonts/Roboto-Regular.ttf' (155K)
[2020.06.09-04.26.17:491][  0]LogSlate: Took 0.069851 seconds to synchronously load lazily loaded font '../../../Engine/Content/Slate/Fonts/Roboto-Bold.ttf' (160K)
[2020.06.09-04.26.17:622][  0]LogSlate: Took 0.092824 seconds to synchronously load lazily loaded font '../../../Engine/Content/Editor/Slate/Fonts/FontAwesome.ttf' (139K)
[2020.06.09-04.26.18:185][  0]LogRenderer: Reallocating scene render targets to support 756x652 Format 10 NumSamples 1 (Frame:1).
[2020.06.09-04.26.20:037][  0]LogSlate: Took 0.090581 seconds to synchronously load lazily loaded font '../../../Engine/Content/Slate/Fonts/Roboto-Light.ttf' (167K)
[2020.06.09-04.26.20:722][  0]LogContentBrowser: Native class hierarchy updated for 'HierarchicalLODOutliner' in 0.0004 seconds. Added 0 classes and 0 folders.
[2020.06.09-04.26.20:722][  0]LogLoad: (Engine Initialization) Total time: 229.27 seconds
[2020.06.09-04.26.20:722][  0]LogLoad: (Engine Initialization) Total Blueprint compile time: 0.00 seconds
[2020.06.09-04.26.20:949][  0]LogD3D11RHI: Error: agsDriverExtensionsDX11_SetDepthBounds(1,0.000000, 1.000000) returned error code 2. **********PLEASE UPDATE YOUR VIDEO DRIVERS*********
[2020.06.09-04.26.20:949][  0]LogContentStreaming: Texture pool size now 1000 MB
[2020.06.09-04.26.21:266][  2]LogAssetRegistry: Asset discovery search completed in 167.5489 seconds
[2020.06.09-04.26.21:268][  2]LogCollectionManager: Rebuilt the object cache for 0 collections in 0.000000 seconds (found 0 objects)
[2020.06.09-04.26.21:268][  2]LogCollectionManager: Fixed up redirectors for 0 collections in 0.000068 seconds (updated 0 objects)
[2020.06.09-04.26.21:928][ 21]LogSlate: Took 0.000205 seconds to synchronously load lazily loaded font '../../../Engine/Content/Slate/Fonts/Roboto-Light.ttf' (167K)
[2020.06.09-04.26.22:741][ 23]LogD3D11RHI: Error: Result failed 
 at D:\Build\++UE4\Sync\Engine\Source\Runtime\Windows\D3D11RHI\Private\D3D11Viewport.cpp:304 
 with error E_INVALIDARG
[2020.06.09-04.26.22:741][ 23]LogWindows: Windows GetLastError: La operación se completó correctamente. (0)
[2020.06.09-04.26.41:411][ 23]LogWindows: Windows GetLastError: La operación se completó correctamente. (0)
[2020.06.09-04.26.41:411][ 23]LogWindows: Error: === Critical error: ===
[2020.06.09-04.26.41:412][ 23]LogWindows: Error: 
[2020.06.09-04.26.41:412][ 23]LogWindows: Error: Fatal error: [File:D:\Build\++UE4\Sync\Engine\Source\Runtime\RenderCore\Private\RenderingThread.cpp] [Line: 826] 
[2020.06.09-04.26.41:412][ 23]LogWindows: Error: Rendering thread exception:
[2020.06.09-04.26.41:412][ 23]LogWindows: Error: Fatal error: [File:D:\Build\++UE4\Sync\Engine\Source\Runtime\Windows\D3D11RHI\Private\D3D11Util.cpp] [Line: 251] 
[2020.06.09-04.26.41:412][ 23]LogWindows: Error: Result failed 
[2020.06.09-04.26.41:412][ 23]LogWindows: Error:  at D:\Build\++UE4\Sync\Engine\Source\Runtime\Windows\D3D11RHI\Private\D3D11Viewport.cpp:304 
[2020.06.09-04.26.41:412][ 23]LogWindows: Error:  with error E_INVALIDARG
[2020.06.09-04.26.41:412][ 23]LogWindows: Error: 
[2020.06.09-04.26.41:412][ 23]LogWindows: Error: 
[2020.06.09-04.26.41:412][ 23]LogWindows: Error: [Callstack] 0x00007ffa0047a799 KERNELBASE.dll!UnknownFunction []
[2020.06.09-04.26.41:412][ 23]LogWindows: Error: [Callstack] 0x00007ff9cadb6850 UE4Editor-ApplicationCore.dll!UnknownFunction []
[2020.06.09-04.26.41:412][ 23]LogWindows: Error: [Callstack] 0x00007ff9cbad62fc UE4Editor-Core.dll!UnknownFunction []
[2020.06.09-04.26.41:412][ 23]LogWindows: Error: [Callstack] 0x00007ff9cba651db UE4Editor-Core.dll!UnknownFunction []
[2020.06.09-04.26.41:412][ 23]LogWindows: Error: [Callstack] 0x00007ff9bd25e896 UE4Editor-D3D11RHI.dll!UnknownFunction []
[2020.06.09-04.26.41:414][ 23]LogWindows: Error: [Callstack] 0x00007ff9bd23d0aa UE4Editor-D3D11RHI.dll!UnknownFunction []
[2020.06.09-04.26.41:414][ 23]LogWindows: Error: [Callstack] 0x00007ff9bd24ab70 UE4Editor-D3D11RHI.dll!UnknownFunction []
[2020.06.09-04.26.41:414][ 23]LogWindows: Error: [Callstack] 0x00007ff9cae4b106 UE4Editor-RHI.dll!UnknownFunction []
[2020.06.09-04.26.41:414][ 23]LogWindows: Error: [Callstack] 0x00007ff9bcff1b42 UE4Editor-SlateRHIRenderer.dll!UnknownFunction []
[2020.06.09-04.26.41:414][ 23]LogWindows: Error: [Callstack] 0x00007ff9bcff7d0a UE4Editor-SlateRHIRenderer.dll!UnknownFunction []
[2020.06.09-04.26.41:414][ 23]LogWindows: Error: [Callstack] 0x00007ff9cb8f1f92 UE4Editor-Core.dll!UnknownFunction []
[2020.06.09-04.26.41:414][ 23]LogWindows: Error: [Callstack] 0x00007ff9cb8f2456 UE4Editor-Core.dll!UnknownFunction []
[2020.06.09-04.26.41:414][ 23]LogWindows: Error: [Callstack] 0x00007ff9cb0975f9 UE4Editor-RenderCore.dll!UnknownFunction []
[2020.06.09-04.26.41:414][ 23]LogWindows: Error: [Callstack] 0x00007ff9cb098574 UE4Editor-RenderCore.dll!UnknownFunction []
[2020.06.09-04.26.41:414][ 23]LogWindows: Error: [Callstack] 0x00007ff9cbd36b7c UE4Editor-Core.dll!UnknownFunction []
[2020.06.09-04.26.41:414][ 23]LogWindows: Error: [Callstack] 0x00007ff9cbd317c7 UE4Editor-Core.dll!UnknownFunction []
[2020.06.09-04.26.41:414][ 23]LogWindows: Error: [Callstack] 0x00007ffa025f7bd4 KERNEL32.DLL!UnknownFunction []
[2020.06.09-04.26.41:414][ 23]LogWindows: Error: [Callstack] 0x00007ffa0274ce51 ntdll.dll!UnknownFunction []
[2020.06.09-04.26.41:414][ 23]LogWindows: Error: 
[2020.06.09-04.26.41:414][ 23]LogWindows: Error: 
[2020.06.09-04.26.41:414][ 23]LogWindows: Error: 
[2020.06.09-04.26.41:414][ 23]LogWindows: Error: 
[2020.06.09-04.26.41:449][ 23]LogExit: Executing StaticShutdownAfterError
[2020.06.09-04.26.41:471][ 23]LogWindows: FPlatformMisc::RequestExit(1)
[2020.06.09-04.26.41:472][ 23]Log file closed, 06/08/20 23:26:41
